OK: AddFile C:\Projects\Ecommerce8.2.1Update1\cf.reference.storefront821.com\Website\temp\__Upgrade\Upgrade_20170616T133928486\transactions\_\DeployedItems.xml C:\Projects\Ecommerce8.2.1Update1\cf.reference.storefront821.com\Website\_DEV\DeployedItems.xml
OK: AddFile C:\Projects\Ecommerce8.2.1Update1\cf.reference.storefront821.com\Website\temp\__Upgrade\Upgrade_20170616T133928486\transactions\b\Sitecore.Reference.Storefront.Common.dll C:\Projects\Ecommerce8.2.1Update1\cf.reference.storefront821.com\Website\bin\Sitecore.Reference.Storefront.Common.dll
OK: AddFile C:\Projects\Ecommerce8.2.1Update1\cf.reference.storefront821.com\Website\temp\__Upgrade\Upgrade_20170616T133928486\transactions\C\bootstrap.css C:\Projects\Ecommerce8.2.1Update1\cf.reference.storefront821.com\Website\Content\bootstrap.css
OK: AddFile C:\Projects\Ecommerce8.2.1Update1\cf.reference.storefront821.com\Website\temp\__Upgrade\Upgrade_20170616T133928486\transactions\C\bootstrap.min.css C:\Projects\Ecommerce8.2.1Update1\cf.reference.storefront821.com\Website\Content\bootstrap.min.css
OK: AddFile C:\Projects\Ecommerce8.2.1Update1\cf.reference.storefront821.com\Website\temp\__Upgrade\Upgrade_20170616T133928486\transactions\C\bootstrap-responsive.css C:\Projects\Ecommerce8.2.1Update1\cf.reference.storefront821.com\Website\Content\bootstrap-responsive.css
OK: AddFile C:\Projects\Ecommerce8.2.1Update1\cf.reference.storefront821.com\Website\temp\__Upgrade\Upgrade_20170616T133928486\transactions\C\bootstrap-responsive.min.css C:\Projects\Ecommerce8.2.1Update1\cf.reference.storefront821.com\Website\Content\bootstrap-responsive.min.css
OK: AddFile C:\Projects\Ecommerce8.2.1Update1\cf.reference.storefront821.com\Website\temp\__Upgrade\Upgrade_20170616T133928486\transactions\C\jquery-ui-1.10.4.css C:\Projects\Ecommerce8.2.1Update1\cf.reference.storefront821.com\Website\Content\jquery-ui-1.10.4.css
OK: AddFile C:\Projects\Ecommerce8.2.1Update1\cf.reference.storefront821.com\Website\temp\__Upgrade\Upgrade_20170616T133928486\transactions\C\normalize.css C:\Projects\Ecommerce8.2.1Update1\cf.reference.storefront821.com\Website\Content\normalize.css
OK: AddFile C:\Projects\Ecommerce8.2.1Update1\cf.reference.storefront821.com\Website\temp\__Upgrade\Upgrade_20170616T133928486\transactions\C\number-polyfill.css C:\Projects\Ecommerce8.2.1Update1\cf.reference.storefront821.com\Website\Content\number-polyfill.css
OK: AddFile C:\Projects\Ecommerce8.2.1Update1\cf.reference.storefront821.com\Website\temp\__Upgrade\Upgrade_20170616T133928486\transactions\C\S\app.css C:\Projects\Ecommerce8.2.1Update1\cf.reference.storefront821.com\Website\Content\Storefront\app.css
OK: AddFile C:\Projects\Ecommerce8.2.1Update1\cf.reference.storefront821.com\Website\temp\__Upgrade\Upgrade_20170616T133928486\transactions\C\S\bootstrap.css C:\Projects\Ecommerce8.2.1Update1\cf.reference.storefront821.com\Website\Content\Storefront\bootstrap.css
OK: AddFile C:\Projects\Ecommerce8.2.1Update1\cf.reference.storefront821.com\Website\temp\__Upgrade\Upgrade_20170616T133928486\transactions\C\S\bootstrap-addins.css C:\Projects\Ecommerce8.2.1Update1\cf.reference.storefront821.com\Website\Content\Storefront\bootstrap-addins.css
OK: AddFile C:\Projects\Ecommerce8.2.1Update1\cf.reference.storefront821.com\Website\temp\__Upgrade\Upgrade_20170616T133928486\transactions\C\S\bootstrap-theme.css C:\Projects\Ecommerce8.2.1Update1\cf.reference.storefront821.com\Website\Content\Storefront\bootstrap-theme.css
OK: AddFile C:\Projects\Ecommerce8.2.1Update1\cf.reference.storefront821.com\Website\temp\__Upgrade\Upgrade_20170616T133928486\transactions\C\S\font-awesome.min.css C:\Projects\Ecommerce8.2.1Update1\cf.reference.storefront821.com\Website\Content\Storefront\font-awesome.min.css
OK: AddFile C:\Projects\Ecommerce8.2.1Update1\cf.reference.storefront821.com\Website\temp\__Upgrade\Upgrade_20170616T133928486\transactions\C\S\f\glyphicons-halflings-regular.ttf C:\Projects\Ecommerce8.2.1Update1\cf.reference.storefront821.com\Website\Content\Storefront\fonts\glyphicons-halflings-regular.ttf
OK: AddFile C:\Projects\Ecommerce8.2.1Update1\cf.reference.storefront821.com\Website\temp\__Upgrade\Upgrade_20170616T133928486\transactions\C\S\f\glyphicons-halflings-regular.woff C:\Projects\Ecommerce8.2.1Update1\cf.reference.storefront821.com\Website\Content\Storefront\fonts\glyphicons-halflings-regular.woff
OK: AddFile C:\Projects\Ecommerce8.2.1Update1\cf.reference.storefront821.com\Website\temp\__Upgrade\Upgrade_20170616T133928486\transactions\C\S\sitecore-theme.css C:\Projects\Ecommerce8.2.1Update1\cf.reference.storefront821.com\Website\Content\Storefront\sitecore-theme.css
OK: AddFile C:\Projects\Ecommerce8.2.1Update1\cf.reference.storefront821.com\Website\temp\__Upgrade\Upgrade_20170616T133928486\transactions\I\loading.gif C:\Projects\Ecommerce8.2.1Update1\cf.reference.storefront821.com\Website\Images\loading.gif
OK: AddFile C:\Projects\Ecommerce8.2.1Update1\cf.reference.storefront821.com\Website\temp\__Upgrade\Upgrade_20170616T133928486\transactions\i\glyphicons-halflings.png C:\Projects\Ecommerce8.2.1Update1\cf.reference.storefront821.com\Website\img\glyphicons-halflings.png
OK: AddFile C:\Projects\Ecommerce8.2.1Update1\cf.reference.storefront821.com\Website\temp\__Upgrade\Upgrade_20170616T133928486\transactions\i\glyphicons-halflings-white.png C:\Projects\Ecommerce8.2.1Update1\cf.reference.storefront821.com\Website\img\glyphicons-halflings-white.png
OK: AddFile C:\Projects\Ecommerce8.2.1Update1\cf.reference.storefront821.com\Website\temp\__Upgrade\Upgrade_20170616T133928486\transactions\packages.custom.config.disabled C:\Projects\Ecommerce8.2.1Update1\cf.reference.storefront821.com\Website\packages.custom.config.disabled
OK: AddFile C:\Projects\Ecommerce8.2.1Update1\cf.reference.storefront821.com\Website\temp\__Upgrade\Upgrade_20170616T133928486\transactions\packages.merged.config.disabled C:\Projects\Ecommerce8.2.1Update1\cf.reference.storefront821.com\Website\packages.merged.config.disabled
OK: AddFile C:\Projects\Ecommerce8.2.1Update1\cf.reference.storefront821.com\Website\temp\__Upgrade\Upgrade_20170616T133928486\transactions\packages.config C:\Projects\Ecommerce8.2.1Update1\cf.reference.storefront821.com\Website\packages.config
OK: AddFile C:\Projects\Ecommerce8.2.1Update1\cf.reference.storefront821.com\Website\temp\__Upgrade\Upgrade_20170616T133928486\transactions\S\autoNumeric.js C:\Projects\Ecommerce8.2.1Update1\cf.reference.storefront821.com\Website\Scripts\autoNumeric.js
OK: AddFile C:\Projects\Ecommerce8.2.1Update1\cf.reference.storefront821.com\Website\temp\__Upgrade\Upgrade_20170616T133928486\transactions\S\bootstrap-1.2.1.js C:\Projects\Ecommerce8.2.1Update1\cf.reference.storefront821.com\Website\Scripts\bootstrap-1.2.1.js
OK: AddFile C:\Projects\Ecommerce8.2.1Update1\cf.reference.storefront821.com\Website\temp\__Upgrade\Upgrade_20170616T133928486\transactions\S\bootstrap-1.2.1.min.js C:\Projects\Ecommerce8.2.1Update1\cf.reference.storefront821.com\Website\Scripts\bootstrap-1.2.1.min.js
OK: AddFile C:\Projects\Ecommerce8.2.1Update1\cf.reference.storefront821.com\Website\temp\__Upgrade\Upgrade_20170616T133928486\transactions\S\jquery.blockUI.js C:\Projects\Ecommerce8.2.1Update1\cf.reference.storefront821.com\Website\Scripts\jquery.blockUI.js
OK: AddFile C:\Projects\Ecommerce8.2.1Update1\cf.reference.storefront821.com\Website\temp\__Upgrade\Upgrade_20170616T133928486\transactions\S\jquery.cookie.js C:\Projects\Ecommerce8.2.1Update1\cf.reference.storefront821.com\Website\Scripts\jquery.cookie.js
OK: AddFile C:\Projects\Ecommerce8.2.1Update1\cf.reference.storefront821.com\Website\temp\__Upgrade\Upgrade_20170616T133928486\transactions\S\jquery.placeholder.js C:\Projects\Ecommerce8.2.1Update1\cf.reference.storefront821.com\Website\Scripts\jquery.placeholder.js
OK: AddFile C:\Projects\Ecommerce8.2.1Update1\cf.reference.storefront821.com\Website\temp\__Upgrade\Upgrade_20170616T133928486\transactions\S\jquery.placeholder.min.js C:\Projects\Ecommerce8.2.1Update1\cf.reference.storefront821.com\Website\Scripts\jquery.placeholder.min.js
OK: AddFile C:\Projects\Ecommerce8.2.1Update1\cf.reference.storefront821.com\Website\temp\__Upgrade\Upgrade_20170616T133928486\transactions\S\jquery.unobtrusive-ajax.js C:\Projects\Ecommerce8.2.1Update1\cf.reference.storefront821.com\Website\Scripts\jquery.unobtrusive-ajax.js
OK: AddFile C:\Projects\Ecommerce8.2.1Update1\cf.reference.storefront821.com\Website\temp\__Upgrade\Upgrade_20170616T133928486\transactions\S\jquery.unobtrusive-ajax.min.js C:\Projects\Ecommerce8.2.1Update1\cf.reference.storefront821.com\Website\Scripts\jquery.unobtrusive-ajax.min.js
OK: AddFile C:\Projects\Ecommerce8.2.1Update1\cf.reference.storefront821.com\Website\temp\__Upgrade\Upgrade_20170616T133928486\transactions\S\jquery.validate.js C:\Projects\Ecommerce8.2.1Update1\cf.reference.storefront821.com\Website\Scripts\jquery.validate.js
OK: AddFile C:\Projects\Ecommerce8.2.1Update1\cf.reference.storefront821.com\Website\temp\__Upgrade\Upgrade_20170616T133928486\transactions\S\jquery.validate.min.js C:\Projects\Ecommerce8.2.1Update1\cf.reference.storefront821.com\Website\Scripts\jquery.validate.min.js
OK: AddFile C:\Projects\Ecommerce8.2.1Update1\cf.reference.storefront821.com\Website\temp\__Upgrade\Upgrade_20170616T133928486\transactions\S\jquery.validate.unobtrusive.js C:\Projects\Ecommerce8.2.1Update1\cf.reference.storefront821.com\Website\Scripts\jquery.validate.unobtrusive.js
OK: AddFile C:\Projects\Ecommerce8.2.1Update1\cf.reference.storefront821.com\Website\temp\__Upgrade\Upgrade_20170616T133928486\transactions\S\jquery.validate.unobtrusive.min.js C:\Projects\Ecommerce8.2.1Update1\cf.reference.storefront821.com\Website\Scripts\jquery.validate.unobtrusive.min.js
OK: AddFile C:\Projects\Ecommerce8.2.1Update1\cf.reference.storefront821.com\Website\temp\__Upgrade\Upgrade_20170616T133928486\transactions\S\jquery-2.0.3.js C:\Projects\Ecommerce8.2.1Update1\cf.reference.storefront821.com\Website\Scripts\jquery-2.0.3.js
OK: AddFile C:\Projects\Ecommerce8.2.1Update1\cf.reference.storefront821.com\Website\temp\__Upgrade\Upgrade_20170616T133928486\transactions\S\jquery-2.0.3.min.js C:\Projects\Ecommerce8.2.1Update1\cf.reference.storefront821.com\Website\Scripts\jquery-2.0.3.min.js
OK: AddFile C:\Projects\Ecommerce8.2.1Update1\cf.reference.storefront821.com\Website\temp\__Upgrade\Upgrade_20170616T133928486\transactions\S\jquery-2.0.3.min.map C:\Projects\Ecommerce8.2.1Update1\cf.reference.storefront821.com\Website\Scripts\jquery-2.0.3.min.map
OK: AddFile C:\Projects\Ecommerce8.2.1Update1\cf.reference.storefront821.com\Website\temp\__Upgrade\Upgrade_20170616T133928486\transactions\S\jquery-ui-1.10.4.js C:\Projects\Ecommerce8.2.1Update1\cf.reference.storefront821.com\Website\Scripts\jquery-ui-1.10.4.js
OK: AddFile C:\Projects\Ecommerce8.2.1Update1\cf.reference.storefront821.com\Website\temp\__Upgrade\Upgrade_20170616T133928486\transactions\S\jsuri-1.1.1.js C:\Projects\Ecommerce8.2.1Update1\cf.reference.storefront821.com\Website\Scripts\jsuri-1.1.1.js
OK: AddFile C:\Projects\Ecommerce8.2.1Update1\cf.reference.storefront821.com\Website\temp\__Upgrade\Upgrade_20170616T133928486\transactions\S\jsuri-1.1.1.min.js C:\Projects\Ecommerce8.2.1Update1\cf.reference.storefront821.com\Website\Scripts\jsuri-1.1.1.min.js
OK: AddFile C:\Projects\Ecommerce8.2.1Update1\cf.reference.storefront821.com\Website\temp\__Upgrade\Upgrade_20170616T133928486\transactions\S\jsuri-1.1.1.min.js.map C:\Projects\Ecommerce8.2.1Update1\cf.reference.storefront821.com\Website\Scripts\jsuri-1.1.1.min.js.map
OK: AddFile C:\Projects\Ecommerce8.2.1Update1\cf.reference.storefront821.com\Website\temp\__Upgrade\Upgrade_20170616T133928486\transactions\S\knockout.mapping-latest.js C:\Projects\Ecommerce8.2.1Update1\cf.reference.storefront821.com\Website\Scripts\knockout.mapping-latest.js
OK: AddFile C:\Projects\Ecommerce8.2.1Update1\cf.reference.storefront821.com\Website\temp\__Upgrade\Upgrade_20170616T133928486\transactions\S\knockout.validation-2.0.0.js C:\Projects\Ecommerce8.2.1Update1\cf.reference.storefront821.com\Website\Scripts\knockout.validation-2.0.0.js
OK: AddFile C:\Projects\Ecommerce8.2.1Update1\cf.reference.storefront821.com\Website\temp\__Upgrade\Upgrade_20170616T133928486\transactions\S\knockout.validation-2.0.0.min.js C:\Projects\Ecommerce8.2.1Update1\cf.reference.storefront821.com\Website\Scripts\knockout.validation-2.0.0.min.js
OK: AddFile C:\Projects\Ecommerce8.2.1Update1\cf.reference.storefront821.com\Website\temp\__Upgrade\Upgrade_20170616T133928486\transactions\S\knockout.validation-2.0.0.min.js.map C:\Projects\Ecommerce8.2.1Update1\cf.reference.storefront821.com\Website\Scripts\knockout.validation-2.0.0.min.js.map
OK: AddFile C:\Projects\Ecommerce8.2.1Update1\cf.reference.storefront821.com\Website\temp\__Upgrade\Upgrade_20170616T133928486\transactions\S\knockout-2.3.0.debug.js C:\Projects\Ecommerce8.2.1Update1\cf.reference.storefront821.com\Website\Scripts\knockout-2.3.0.debug.js
OK: AddFile C:\Projects\Ecommerce8.2.1Update1\cf.reference.storefront821.com\Website\temp\__Upgrade\Upgrade_20170616T133928486\transactions\S\knockout-2.3.0.js C:\Projects\Ecommerce8.2.1Update1\cf.reference.storefront821.com\Website\Scripts\knockout-2.3.0.js
OK: AddFile C:\Projects\Ecommerce8.2.1Update1\cf.reference.storefront821.com\Website\temp\__Upgrade\Upgrade_20170616T133928486\transactions\S\modernizr-2.6.1.min.js C:\Projects\Ecommerce8.2.1Update1\cf.reference.storefront821.com\Website\Scripts\modernizr-2.6.1.min.js
OK: AddFile C:\Projects\Ecommerce8.2.1Update1\cf.reference.storefront821.com\Website\temp\__Upgrade\Upgrade_20170616T133928486\transactions\S\number-polyfill.js C:\Projects\Ecommerce8.2.1Update1\cf.reference.storefront821.com\Website\Scripts\number-polyfill.js
OK: AddFile C:\Projects\Ecommerce8.2.1Update1\cf.reference.storefront821.com\Website\temp\__Upgrade\Upgrade_20170616T133928486\transactions\S\number-polyfill.min.js C:\Projects\Ecommerce8.2.1Update1\cf.reference.storefront821.com\Website\Scripts\number-polyfill.min.js
OK: AddFile C:\Projects\Ecommerce8.2.1Update1\cf.reference.storefront821.com\Website\temp\__Upgrade\Upgrade_20170616T133928486\transactions\S\plugins.js C:\Projects\Ecommerce8.2.1Update1\cf.reference.storefront821.com\Website\Scripts\plugins.js
OK: AddFile C:\Projects\Ecommerce8.2.1Update1\cf.reference.storefront821.com\Website\temp\__Upgrade\Upgrade_20170616T133928486\transactions\S\S\addresses.js C:\Projects\Ecommerce8.2.1Update1\cf.reference.storefront821.com\Website\Scripts\Storefront\addresses.js
OK: AddFile C:\Projects\Ecommerce8.2.1Update1\cf.reference.storefront821.com\Website\temp\__Upgrade\Upgrade_20170616T133928486\transactions\S\S\bootstrap.js C:\Projects\Ecommerce8.2.1Update1\cf.reference.storefront821.com\Website\Scripts\Storefront\bootstrap.js
OK: AddFile C:\Projects\Ecommerce8.2.1Update1\cf.reference.storefront821.com\Website\temp\__Upgrade\Upgrade_20170616T133928486\transactions\S\S\bootstrap.min.js C:\Projects\Ecommerce8.2.1Update1\cf.reference.storefront821.com\Website\Scripts\Storefront\bootstrap.min.js
OK: AddFile C:\Projects\Ecommerce8.2.1Update1\cf.reference.storefront821.com\Website\temp\__Upgrade\Upgrade_20170616T133928486\transactions\S\S\cart.js C:\Projects\Ecommerce8.2.1Update1\cf.reference.storefront821.com\Website\Scripts\Storefront\cart.js
OK: AddFile C:\Projects\Ecommerce8.2.1Update1\cf.reference.storefront821.com\Website\temp\__Upgrade\Upgrade_20170616T133928486\transactions\S\S\checkout.js C:\Projects\Ecommerce8.2.1Update1\cf.reference.storefront821.com\Website\Scripts\Storefront\checkout.js
OK: AddFile C:\Projects\Ecommerce8.2.1Update1\cf.reference.storefront821.com\Website\temp\__Upgrade\Upgrade_20170616T133928486\transactions\S\S\debug-knockout.js C:\Projects\Ecommerce8.2.1Update1\cf.reference.storefront821.com\Website\Scripts\Storefront\debug-knockout.js
OK: AddFile C:\Projects\Ecommerce8.2.1Update1\cf.reference.storefront821.com\Website\temp\__Upgrade\Upgrade_20170616T133928486\transactions\S\S\editprofile.js C:\Projects\Ecommerce8.2.1Update1\cf.reference.storefront821.com\Website\Scripts\Storefront\editprofile.js
OK: AddFile C:\Projects\Ecommerce8.2.1Update1\cf.reference.storefront821.com\Website\temp\__Upgrade\Upgrade_20170616T133928486\transactions\S\S\knockout-3.2.0.debug.js C:\Projects\Ecommerce8.2.1Update1\cf.reference.storefront821.com\Website\Scripts\Storefront\knockout-3.2.0.debug.js
OK: AddFile C:\Projects\Ecommerce8.2.1Update1\cf.reference.storefront821.com\Website\temp\__Upgrade\Upgrade_20170616T133928486\transactions\S\S\loyaltycards.js C:\Projects\Ecommerce8.2.1Update1\cf.reference.storefront821.com\Website\Scripts\Storefront\loyaltycards.js
OK: AddFile C:\Projects\Ecommerce8.2.1Update1\cf.reference.storefront821.com\Website\temp\__Upgrade\Upgrade_20170616T133928486\transactions\S\S\main.js C:\Projects\Ecommerce8.2.1Update1\cf.reference.storefront821.com\Website\Scripts\Storefront\main.js
OK: AddFile C:\Projects\Ecommerce8.2.1Update1\cf.reference.storefront821.com\Website\temp\__Upgrade\Upgrade_20170616T133928486\transactions\S\S\maps.js C:\Projects\Ecommerce8.2.1Update1\cf.reference.storefront821.com\Website\Scripts\Storefront\maps.js
OK: AddFile C:\Projects\Ecommerce8.2.1Update1\cf.reference.storefront821.com\Website\temp\__Upgrade\Upgrade_20170616T133928486\transactions\S\S\order.js C:\Projects\Ecommerce8.2.1Update1\cf.reference.storefront821.com\Website\Scripts\Storefront\order.js
OK: AddFile C:\Projects\Ecommerce8.2.1Update1\cf.reference.storefront821.com\Website\temp\__Upgrade\Upgrade_20170616T133928486\transactions\S\S\passwordmanagement.js C:\Projects\Ecommerce8.2.1Update1\cf.reference.storefront821.com\Website\Scripts\Storefront\passwordmanagement.js
OK: AddFile C:\Projects\Ecommerce8.2.1Update1\cf.reference.storefront821.com\Website\temp\__Upgrade\Upgrade_20170616T133928486\transactions\S\S\product-details.js C:\Projects\Ecommerce8.2.1Update1\cf.reference.storefront821.com\Website\Scripts\Storefront\product-details.js
OK: AddFile C:\Projects\Ecommerce8.2.1Update1\cf.reference.storefront821.com\Website\temp\__Upgrade\Upgrade_20170616T133928486\transactions\S\S\register.js C:\Projects\Ecommerce8.2.1Update1\cf.reference.storefront821.com\Website\Scripts\Storefront\register.js
OK: AddFile C:\Projects\Ecommerce8.2.1Update1\cf.reference.storefront821.com\Website\temp\__Upgrade\Upgrade_20170616T133928486\transactions\S\S\search.js C:\Projects\Ecommerce8.2.1Update1\cf.reference.storefront821.com\Website\Scripts\Storefront\search.js
OK: AddFile C:\Projects\Ecommerce8.2.1Update1\cf.reference.storefront821.com\Website\temp\__Upgrade\Upgrade_20170616T133928486\transactions\S\S\Sitecore.js C:\Projects\Ecommerce8.2.1Update1\cf.reference.storefront821.com\Website\Scripts\Storefront\Sitecore.js
OK: AddFile C:\Projects\Ecommerce8.2.1Update1\cf.reference.storefront821.com\Website\temp\__Upgrade\Upgrade_20170616T133928486\transactions\S\S\userpendingactivation.js C:\Projects\Ecommerce8.2.1Update1\cf.reference.storefront821.com\Website\Scripts\Storefront\userpendingactivation.js
OK: AddFile C:\Projects\Ecommerce8.2.1Update1\cf.reference.storefront821.com\Website\temp\__Upgrade\Upgrade_20170616T133928486\transactions\S\S\V\addresses_VM.js C:\Projects\Ecommerce8.2.1Update1\cf.reference.storefront821.com\Website\Scripts\Storefront\ViewModels\addresses_VM.js
OK: AddFile C:\Projects\Ecommerce8.2.1Update1\cf.reference.storefront821.com\Website\temp\__Upgrade\Upgrade_20170616T133928486\transactions\S\S\V\billing_VM.js C:\Projects\Ecommerce8.2.1Update1\cf.reference.storefront821.com\Website\Scripts\Storefront\ViewModels\billing_VM.js
OK: AddFile C:\Projects\Ecommerce8.2.1Update1\cf.reference.storefront821.com\Website\temp\__Upgrade\Upgrade_20170616T133928486\transactions\S\S\V\CartKnockoutModels.js C:\Projects\Ecommerce8.2.1Update1\cf.reference.storefront821.com\Website\Scripts\Storefront\ViewModels\CartKnockoutModels.js
OK: AddFile C:\Projects\Ecommerce8.2.1Update1\cf.reference.storefront821.com\Website\temp\__Upgrade\Upgrade_20170616T133928486\transactions\S\S\V\checkoutData_VM.js C:\Projects\Ecommerce8.2.1Update1\cf.reference.storefront821.com\Website\Scripts\Storefront\ViewModels\checkoutData_VM.js
OK: AddFile C:\Projects\Ecommerce8.2.1Update1\cf.reference.storefront821.com\Website\temp\__Upgrade\Upgrade_20170616T133928486\transactions\S\S\V\confirm_VM.js C:\Projects\Ecommerce8.2.1Update1\cf.reference.storefront821.com\Website\Scripts\Storefront\ViewModels\confirm_VM.js
OK: AddFile C:\Projects\Ecommerce8.2.1Update1\cf.reference.storefront821.com\Website\temp\__Upgrade\Upgrade_20170616T133928486\transactions\S\S\V\delivery_VM.js C:\Projects\Ecommerce8.2.1Update1\cf.reference.storefront821.com\Website\Scripts\Storefront\ViewModels\delivery_VM.js
OK: AddFile C:\Projects\Ecommerce8.2.1Update1\cf.reference.storefront821.com\Website\temp\__Upgrade\Upgrade_20170616T133928486\transactions\S\S\V\errorsummary_VM.js C:\Projects\Ecommerce8.2.1Update1\cf.reference.storefront821.com\Website\Scripts\Storefront\ViewModels\errorsummary_VM.js
OK: AddFile C:\Projects\Ecommerce8.2.1Update1\cf.reference.storefront821.com\Website\temp\__Upgrade\Upgrade_20170616T133928486\transactions\S\S\V\loyaltycards_VM.js C:\Projects\Ecommerce8.2.1Update1\cf.reference.storefront821.com\Website\Scripts\Storefront\ViewModels\loyaltycards_VM.js
OK: AddFile C:\Projects\Ecommerce8.2.1Update1\cf.reference.storefront821.com\Website\temp\__Upgrade\Upgrade_20170616T133928486\transactions\S\S\V\minicart_VM.js C:\Projects\Ecommerce8.2.1Update1\cf.reference.storefront821.com\Website\Scripts\Storefront\ViewModels\minicart_VM.js
OK: AddFile C:\Projects\Ecommerce8.2.1Update1\cf.reference.storefront821.com\Website\temp\__Upgrade\Upgrade_20170616T133928486\transactions\S\S\V\orders_VM.js C:\Projects\Ecommerce8.2.1Update1\cf.reference.storefront821.com\Website\Scripts\Storefront\ViewModels\orders_VM.js
OK: AddFile C:\Projects\Ecommerce8.2.1Update1\cf.reference.storefront821.com\Website\temp\__Upgrade\Upgrade_20170616T133928486\transactions\S\S\V\StepIndicator.js C:\Projects\Ecommerce8.2.1Update1\cf.reference.storefront821.com\Website\Scripts\Storefront\ViewModels\StepIndicator.js
OK: AddFile C:\Projects\Ecommerce8.2.1Update1\cf.reference.storefront821.com\Website\temp\__Upgrade\Upgrade_20170616T133928486\transactions\S\S\V\wishlist_VM.js C:\Projects\Ecommerce8.2.1Update1\cf.reference.storefront821.com\Website\Scripts\Storefront\ViewModels\wishlist_VM.js
OK: AddFile C:\Projects\Ecommerce8.2.1Update1\cf.reference.storefront821.com\Website\temp\__Upgrade\Upgrade_20170616T133928486\transactions\S\S\wishlist.js C:\Projects\Ecommerce8.2.1Update1\cf.reference.storefront821.com\Website\Scripts\Storefront\wishlist.js
OK: AddFile C:\Projects\Ecommerce8.2.1Update1\cf.reference.storefront821.com\Website\temp\__Upgrade\Upgrade_20170616T133928486\transactions\sharplinter.conf C:\Projects\Ecommerce8.2.1Update1\cf.reference.storefront821.com\Website\sharplinter.conf
OK: AddFile C:\Projects\Ecommerce8.2.1Update1\cf.reference.storefront821.com\Website\temp\__Upgrade\Upgrade_20170616T133928486\transactions\V\_ViewStart.cshtml C:\Projects\Ecommerce8.2.1Update1\cf.reference.storefront821.com\Website\Views\_ViewStart.cshtml
OK: AddFile C:\Projects\Ecommerce8.2.1Update1\cf.reference.storefront821.com\Website\temp\__Upgrade\Upgrade_20170616T133928486\transactions\V\S\A\_AccountProfile.cshtml C:\Projects\Ecommerce8.2.1Update1\cf.reference.storefront821.com\Website\Views\Storefront\Account\_AccountProfile.cshtml
OK: AddFile C:\Projects\Ecommerce8.2.1Update1\cf.reference.storefront821.com\Website\temp\__Upgrade\Upgrade_20170616T133928486\transactions\V\S\A\_AddressBook.cshtml C:\Projects\Ecommerce8.2.1Update1\cf.reference.storefront821.com\Website\Views\Storefront\Account\_AddressBook.cshtml
OK: AddFile C:\Projects\Ecommerce8.2.1Update1\cf.reference.storefront821.com\Website\temp\__Upgrade\Upgrade_20170616T133928486\transactions\V\S\A\_LoyaltyAccount.cshtml C:\Projects\Ecommerce8.2.1Update1\cf.reference.storefront821.com\Website\Views\Storefront\Account\_LoyaltyAccount.cshtml
OK: AddFile C:\Projects\Ecommerce8.2.1Update1\cf.reference.storefront821.com\Website\temp\__Upgrade\Upgrade_20170616T133928486\transactions\V\S\A\_RecentOrders.cshtml C:\Projects\Ecommerce8.2.1Update1\cf.reference.storefront821.com\Website\Views\Storefront\Account\_RecentOrders.cshtml
OK: AddFile C:\Projects\Ecommerce8.2.1Update1\cf.reference.storefront821.com\Website\temp\__Upgrade\Upgrade_20170616T133928486\transactions\V\S\A\_WishLists.cshtml C:\Projects\Ecommerce8.2.1Update1\cf.reference.storefront821.com\Website\Views\Storefront\Account\_WishLists.cshtml
OK: AddFile C:\Projects\Ecommerce8.2.1Update1\cf.reference.storefront821.com\Website\temp\__Upgrade\Upgrade_20170616T133928486\transactions\V\S\A\Addresses.cshtml C:\Projects\Ecommerce8.2.1Update1\cf.reference.storefront821.com\Website\Views\Storefront\Account\Addresses.cshtml
OK: AddFile C:\Projects\Ecommerce8.2.1Update1\cf.reference.storefront821.com\Website\temp\__Upgrade\Upgrade_20170616T133928486\transactions\V\S\A\ChangePassword.cshtml C:\Projects\Ecommerce8.2.1Update1\cf.reference.storefront821.com\Website\Views\Storefront\Account\ChangePassword.cshtml
OK: AddFile C:\Projects\Ecommerce8.2.1Update1\cf.reference.storefront821.com\Website\temp\__Upgrade\Upgrade_20170616T133928486\transactions\V\S\A\EditProfile.cshtml C:\Projects\Ecommerce8.2.1Update1\cf.reference.storefront821.com\Website\Views\Storefront\Account\EditProfile.cshtml
OK: AddFile C:\Projects\Ecommerce8.2.1Update1\cf.reference.storefront821.com\Website\temp\__Upgrade\Upgrade_20170616T133928486\transactions\V\S\A\FederatedSignout.cshtml C:\Projects\Ecommerce8.2.1Update1\cf.reference.storefront821.com\Website\Views\Storefront\Account\FederatedSignout.cshtml
OK: AddFile C:\Projects\Ecommerce8.2.1Update1\cf.reference.storefront821.com\Website\temp\__Upgrade\Upgrade_20170616T133928486\transactions\V\S\A\ForgotPassword.cshtml C:\Projects\Ecommerce8.2.1Update1\cf.reference.storefront821.com\Website\Views\Storefront\Account\ForgotPassword.cshtml
OK: AddFile C:\Projects\Ecommerce8.2.1Update1\cf.reference.storefront821.com\Website\temp\__Upgrade\Upgrade_20170616T133928486\transactions\V\S\A\ForgotPasswordConfirmation.cshtml C:\Projects\Ecommerce8.2.1Update1\cf.reference.storefront821.com\Website\Views\Storefront\Account\ForgotPasswordConfirmation.cshtml
OK: AddFile C:\Projects\Ecommerce8.2.1Update1\cf.reference.storefront821.com\Website\temp\__Upgrade\Upgrade_20170616T133928486\transactions\V\S\A\Index.cshtml C:\Projects\Ecommerce8.2.1Update1\cf.reference.storefront821.com\Website\Views\Storefront\Account\Index.cshtml
OK: AddFile C:\Projects\Ecommerce8.2.1Update1\cf.reference.storefront821.com\Website\temp\__Upgrade\Upgrade_20170616T133928486\transactions\V\S\A\Login.cshtml C:\Projects\Ecommerce8.2.1Update1\cf.reference.storefront821.com\Website\Views\Storefront\Account\Login.cshtml
OK: AddFile C:\Projects\Ecommerce8.2.1Update1\cf.reference.storefront821.com\Website\temp\__Upgrade\Upgrade_20170616T133928486\transactions\V\S\A\LoyaltyCards.cshtml C:\Projects\Ecommerce8.2.1Update1\cf.reference.storefront821.com\Website\Views\Storefront\Account\LoyaltyCards.cshtml
OK: AddFile C:\Projects\Ecommerce8.2.1Update1\cf.reference.storefront821.com\Website\temp\__Upgrade\Upgrade_20170616T133928486\transactions\V\S\A\MyWishList.cshtml C:\Projects\Ecommerce8.2.1Update1\cf.reference.storefront821.com\Website\Views\Storefront\Account\MyWishList.cshtml
OK: AddFile C:\Projects\Ecommerce8.2.1Update1\cf.reference.storefront821.com\Website\temp\__Upgrade\Upgrade_20170616T133928486\transactions\V\S\A\MyWishLists.cshtml C:\Projects\Ecommerce8.2.1Update1\cf.reference.storefront821.com\Website\Views\Storefront\Account\MyWishLists.cshtml
OK: AddFile C:\Projects\Ecommerce8.2.1Update1\cf.reference.storefront821.com\Website\temp\__Upgrade\Upgrade_20170616T133928486\transactions\V\S\A\Register.cshtml C:\Projects\Ecommerce8.2.1Update1\cf.reference.storefront821.com\Website\Views\Storefront\Account\Register.cshtml
OK: AddFile C:\Projects\Ecommerce8.2.1Update1\cf.reference.storefront821.com\Website\temp\__Upgrade\Upgrade_20170616T133928486\transactions\V\S\A\UserPendingActivation.cshtml C:\Projects\Ecommerce8.2.1Update1\cf.reference.storefront821.com\Website\Views\Storefront\Account\UserPendingActivation.cshtml
OK: AddFile C:\Projects\Ecommerce8.2.1Update1\cf.reference.storefront821.com\Website\temp\__Upgrade\Upgrade_20170616T133928486\transactions\V\S\C\_FourProductSlide.cshtml C:\Projects\Ecommerce8.2.1Update1\cf.reference.storefront821.com\Website\Views\Storefront\Catalog\_FourProductSlide.cshtml
OK: AddFile C:\Projects\Ecommerce8.2.1Update1\cf.reference.storefront821.com\Website\temp\__Upgrade\Upgrade_20170616T133928486\transactions\V\S\C\_ProductSummary.cshtml C:\Projects\Ecommerce8.2.1Update1\cf.reference.storefront821.com\Website\Views\Storefront\Catalog\_ProductSummary.cshtml
OK: AddFile C:\Projects\Ecommerce8.2.1Update1\cf.reference.storefront821.com\Website\temp\__Upgrade\Upgrade_20170616T133928486\transactions\V\S\C\_RelatedCatalogItemsSlide.cshtml C:\Projects\Ecommerce8.2.1Update1\cf.reference.storefront821.com\Website\Views\Storefront\Catalog\_RelatedCatalogItemsSlide.cshtml
OK: AddFile C:\Projects\Ecommerce8.2.1Update1\cf.reference.storefront821.com\Website\temp\__Upgrade\Upgrade_20170616T133928486\transactions\V\S\C\_SiteContentSummary.cshtml C:\Projects\Ecommerce8.2.1Update1\cf.reference.storefront821.com\Website\Views\Storefront\Catalog\_SiteContentSummary.cshtml
OK: AddFile C:\Projects\Ecommerce8.2.1Update1\cf.reference.storefront821.com\Website\temp\__Upgrade\Upgrade_20170616T133928486\transactions\V\S\C\AddGiftCardToCart.cshtml C:\Projects\Ecommerce8.2.1Update1\cf.reference.storefront821.com\Website\Views\Storefront\Catalog\AddGiftCardToCart.cshtml
OK: AddFile C:\Projects\Ecommerce8.2.1Update1\cf.reference.storefront821.com\Website\temp\__Upgrade\Upgrade_20170616T133928486\transactions\V\S\C\AddToCart.cshtml C:\Projects\Ecommerce8.2.1Update1\cf.reference.storefront821.com\Website\Views\Storefront\Catalog\AddToCart.cshtml
OK: AddFile C:\Projects\Ecommerce8.2.1Update1\cf.reference.storefront821.com\Website\temp\__Upgrade\Upgrade_20170616T133928486\transactions\V\S\C\CategoryPageHeader.cshtml C:\Projects\Ecommerce8.2.1Update1\cf.reference.storefront821.com\Website\Views\Storefront\Catalog\CategoryPageHeader.cshtml
OK: AddFile C:\Projects\Ecommerce8.2.1Update1\cf.reference.storefront821.com\Website\temp\__Upgrade\Upgrade_20170616T133928486\transactions\V\S\C\CheckGiftCardBalance.cshtml C:\Projects\Ecommerce8.2.1Update1\cf.reference.storefront821.com\Website\Views\Storefront\Catalog\CheckGiftCardBalance.cshtml
OK: AddFile C:\Projects\Ecommerce8.2.1Update1\cf.reference.storefront821.com\Website\temp\__Upgrade\Upgrade_20170616T133928486\transactions\V\S\C\ChildCategoryNavigation.cshtml C:\Projects\Ecommerce8.2.1Update1\cf.reference.storefront821.com\Website\Views\Storefront\Catalog\ChildCategoryNavigation.cshtml
OK: AddFile C:\Projects\Ecommerce8.2.1Update1\cf.reference.storefront821.com\Website\temp\__Upgrade\Upgrade_20170616T133928486\transactions\V\S\C\GiftCardInformation.cshtml C:\Projects\Ecommerce8.2.1Update1\cf.reference.storefront821.com\Website\Views\Storefront\Catalog\GiftCardInformation.cshtml
OK: AddFile C:\Projects\Ecommerce8.2.1Update1\cf.reference.storefront821.com\Website\temp\__Upgrade\Upgrade_20170616T133928486\transactions\V\S\C\GiftCardPresentation.cshtml C:\Projects\Ecommerce8.2.1Update1\cf.reference.storefront821.com\Website\Views\Storefront\Catalog\GiftCardPresentation.cshtml
OK: AddFile C:\Projects\Ecommerce8.2.1Update1\cf.reference.storefront821.com\Website\temp\__Upgrade\Upgrade_20170616T133928486\transactions\V\S\C\ProductFacets.cshtml C:\Projects\Ecommerce8.2.1Update1\cf.reference.storefront821.com\Website\Views\Storefront\Catalog\ProductFacets.cshtml
OK: AddFile C:\Projects\Ecommerce8.2.1Update1\cf.reference.storefront821.com\Website\temp\__Upgrade\Upgrade_20170616T133928486\transactions\V\S\C\ProductImages.cshtml C:\Projects\Ecommerce8.2.1Update1\cf.reference.storefront821.com\Website\Views\Storefront\Catalog\ProductImages.cshtml
OK: AddFile C:\Projects\Ecommerce8.2.1Update1\cf.reference.storefront821.com\Website\temp\__Upgrade\Upgrade_20170616T133928486\transactions\V\S\C\ProductInformation.cshtml C:\Projects\Ecommerce8.2.1Update1\cf.reference.storefront821.com\Website\Views\Storefront\Catalog\ProductInformation.cshtml
OK: AddFile C:\Projects\Ecommerce8.2.1Update1\cf.reference.storefront821.com\Website\temp\__Upgrade\Upgrade_20170616T133928486\transactions\V\S\C\ProductList.cshtml C:\Projects\Ecommerce8.2.1Update1\cf.reference.storefront821.com\Website\Views\Storefront\Catalog\ProductList.cshtml
OK: AddFile C:\Projects\Ecommerce8.2.1Update1\cf.reference.storefront821.com\Website\temp\__Upgrade\Upgrade_20170616T133928486\transactions\V\S\C\ProductListHeader.cshtml C:\Projects\Ecommerce8.2.1Update1\cf.reference.storefront821.com\Website\Views\Storefront\Catalog\ProductListHeader.cshtml
OK: AddFile C:\Projects\Ecommerce8.2.1Update1\cf.reference.storefront821.com\Website\temp\__Upgrade\Upgrade_20170616T133928486\transactions\V\S\C\ProductPresentation.cshtml C:\Projects\Ecommerce8.2.1Update1\cf.reference.storefront821.com\Website\Views\Storefront\Catalog\ProductPresentation.cshtml
OK: AddFile C:\Projects\Ecommerce8.2.1Update1\cf.reference.storefront821.com\Website\temp\__Upgrade\Upgrade_20170616T133928486\transactions\V\S\C\ProductRating.cshtml C:\Projects\Ecommerce8.2.1Update1\cf.reference.storefront821.com\Website\Views\Storefront\Catalog\ProductRating.cshtml
OK: AddFile C:\Projects\Ecommerce8.2.1Update1\cf.reference.storefront821.com\Website\temp\__Upgrade\Upgrade_20170616T133928486\transactions\V\S\C\ProductRecommendation.cshtml C:\Projects\Ecommerce8.2.1Update1\cf.reference.storefront821.com\Website\Views\Storefront\Catalog\ProductRecommendation.cshtml
OK: AddFile C:\Projects\Ecommerce8.2.1Update1\cf.reference.storefront821.com\Website\temp\__Upgrade\Upgrade_20170616T133928486\transactions\V\S\C\RelatedCatalogItems.cshtml C:\Projects\Ecommerce8.2.1Update1\cf.reference.storefront821.com\Website\Views\Storefront\Catalog\RelatedCatalogItems.cshtml
OK: AddFile C:\Projects\Ecommerce8.2.1Update1\cf.reference.storefront821.com\Website\temp\__Upgrade\Upgrade_20170616T133928486\transactions\V\S\C\SiteContentList.cshtml C:\Projects\Ecommerce8.2.1Update1\cf.reference.storefront821.com\Website\Views\Storefront\Catalog\SiteContentList.cshtml
OK: AddFile C:\Projects\Ecommerce8.2.1Update1\cf.reference.storefront821.com\Website\temp\__Upgrade\Upgrade_20170616T133928486\transactions\V\S\C\_Billing.cshtml C:\Projects\Ecommerce8.2.1Update1\cf.reference.storefront821.com\Website\Views\Storefront\Checkout\_Billing.cshtml
OK: AddFile C:\Projects\Ecommerce8.2.1Update1\cf.reference.storefront821.com\Website\temp\__Upgrade\Upgrade_20170616T133928486\transactions\V\S\C\_ByItem_SendByEmail.cshtml C:\Projects\Ecommerce8.2.1Update1\cf.reference.storefront821.com\Website\Views\Storefront\Checkout\_ByItem_SendByEmail.cshtml
OK: AddFile C:\Projects\Ecommerce8.2.1Update1\cf.reference.storefront821.com\Website\temp\__Upgrade\Upgrade_20170616T133928486\transactions\V\S\C\_ByItem_ShipAll.cshtml C:\Projects\Ecommerce8.2.1Update1\cf.reference.storefront821.com\Website\Views\Storefront\Checkout\_ByItem_ShipAll.cshtml
OK: AddFile C:\Projects\Ecommerce8.2.1Update1\cf.reference.storefront821.com\Website\temp\__Upgrade\Upgrade_20170616T133928486\transactions\V\S\C\_ByItem_Store.cshtml C:\Projects\Ecommerce8.2.1Update1\cf.reference.storefront821.com\Website\Views\Storefront\Checkout\_ByItem_Store.cshtml
OK: AddFile C:\Projects\Ecommerce8.2.1Update1\cf.reference.storefront821.com\Website\temp\__Upgrade\Upgrade_20170616T133928486\transactions\V\S\C\_CheckoutFooter.cshtml C:\Projects\Ecommerce8.2.1Update1\cf.reference.storefront821.com\Website\Views\Storefront\Checkout\_CheckoutFooter.cshtml
OK: AddFile C:\Projects\Ecommerce8.2.1Update1\cf.reference.storefront821.com\Website\temp\__Upgrade\Upgrade_20170616T133928486\transactions\V\S\C\_Confirm.cshtml C:\Projects\Ecommerce8.2.1Update1\cf.reference.storefront821.com\Website\Views\Storefront\Checkout\_Confirm.cshtml
OK: AddFile C:\Projects\Ecommerce8.2.1Update1\cf.reference.storefront821.com\Website\temp\__Upgrade\Upgrade_20170616T133928486\transactions\V\S\C\_Delivery.cshtml C:\Projects\Ecommerce8.2.1Update1\cf.reference.storefront821.com\Website\Views\Storefront\Checkout\_Delivery.cshtml
OK: AddFile C:\Projects\Ecommerce8.2.1Update1\cf.reference.storefront821.com\Website\temp\__Upgrade\Upgrade_20170616T133928486\transactions\V\S\C\_PickAtStore.cshtml C:\Projects\Ecommerce8.2.1Update1\cf.reference.storefront821.com\Website\Views\Storefront\Checkout\_PickAtStore.cshtml
OK: AddFile C:\Projects\Ecommerce8.2.1Update1\cf.reference.storefront821.com\Website\temp\__Upgrade\Upgrade_20170616T133928486\transactions\V\S\C\_PickDeliveryByItem.cshtml C:\Projects\Ecommerce8.2.1Update1\cf.reference.storefront821.com\Website\Views\Storefront\Checkout\_PickDeliveryByItem.cshtml
OK: AddFile C:\Projects\Ecommerce8.2.1Update1\cf.reference.storefront821.com\Website\temp\__Upgrade\Upgrade_20170616T133928486\transactions\V\S\C\_SendByEmail.cshtml C:\Projects\Ecommerce8.2.1Update1\cf.reference.storefront821.com\Website\Views\Storefront\Checkout\_SendByEmail.cshtml
OK: AddFile C:\Projects\Ecommerce8.2.1Update1\cf.reference.storefront821.com\Website\temp\__Upgrade\Upgrade_20170616T133928486\transactions\V\S\C\_ShipAll.cshtml C:\Projects\Ecommerce8.2.1Update1\cf.reference.storefront821.com\Website\Views\Storefront\Checkout\_ShipAll.cshtml
OK: AddFile C:\Projects\Ecommerce8.2.1Update1\cf.reference.storefront821.com\Website\temp\__Upgrade\Upgrade_20170616T133928486\transactions\V\S\C\_StartCheckout.cshtml C:\Projects\Ecommerce8.2.1Update1\cf.reference.storefront821.com\Website\Views\Storefront\Checkout\_StartCheckout.cshtml
OK: AddFile C:\Projects\Ecommerce8.2.1Update1\cf.reference.storefront821.com\Website\temp\__Upgrade\Upgrade_20170616T133928486\transactions\V\S\C\OrderConfirmation.cshtml C:\Projects\Ecommerce8.2.1Update1\cf.reference.storefront821.com\Website\Views\Storefront\Checkout\OrderConfirmation.cshtml
OK: AddFile C:\Projects\Ecommerce8.2.1Update1\cf.reference.storefront821.com\Website\temp\__Upgrade\Upgrade_20170616T133928486\transactions\V\S\C\StepIndicator.cshtml C:\Projects\Ecommerce8.2.1Update1\cf.reference.storefront821.com\Website\Views\Storefront\Checkout\StepIndicator.cshtml
OK: AddFile C:\Projects\Ecommerce8.2.1Update1\cf.reference.storefront821.com\Website\temp\__Upgrade\Upgrade_20170616T133928486\transactions\V\S\C\StorefrontCheckout.cshtml C:\Projects\Ecommerce8.2.1Update1\cf.reference.storefront821.com\Website\Views\Storefront\Checkout\StorefrontCheckout.cshtml
OK: AddFile C:\Projects\Ecommerce8.2.1Update1\cf.reference.storefront821.com\Website\temp\__Upgrade\Upgrade_20170616T133928486\transactions\V\S\L\Carousel.cshtml C:\Projects\Ecommerce8.2.1Update1\cf.reference.storefront821.com\Website\Views\Storefront\Landing\Carousel.cshtml
OK: AddFile C:\Projects\Ecommerce8.2.1Update1\cf.reference.storefront821.com\Website\temp\__Upgrade\Upgrade_20170616T133928486\transactions\V\S\S\_Layout.cshtml C:\Projects\Ecommerce8.2.1Update1\cf.reference.storefront821.com\Website\Views\Storefront\Shared\_Layout.cshtml
OK: AddFile C:\Projects\Ecommerce8.2.1Update1\cf.reference.storefront821.com\Website\temp\__Upgrade\Upgrade_20170616T133928486\transactions\V\S\S\_PrintLayout.cshtml C:\Projects\Ecommerce8.2.1Update1\cf.reference.storefront821.com\Website\Views\Storefront\Shared\_PrintLayout.cshtml
OK: AddFile C:\Projects\Ecommerce8.2.1Update1\cf.reference.storefront821.com\Website\temp\__Upgrade\Upgrade_20170616T133928486\transactions\V\S\S\Breadcrumbs.cshtml C:\Projects\Ecommerce8.2.1Update1\cf.reference.storefront821.com\Website\Views\Storefront\Shared\Breadcrumbs.cshtml
OK: AddFile C:\Projects\Ecommerce8.2.1Update1\cf.reference.storefront821.com\Website\temp\__Upgrade\Upgrade_20170616T133928486\transactions\V\S\S\CurrencyMenu.cshtml C:\Projects\Ecommerce8.2.1Update1\cf.reference.storefront821.com\Website\Views\Storefront\Shared\CurrencyMenu.cshtml
OK: AddFile C:\Projects\Ecommerce8.2.1Update1\cf.reference.storefront821.com\Website\temp\__Upgrade\Upgrade_20170616T133928486\transactions\V\S\S\Empty.cshtml C:\Projects\Ecommerce8.2.1Update1\cf.reference.storefront821.com\Website\Views\Storefront\Shared\Empty.cshtml
OK: AddFile C:\Projects\Ecommerce8.2.1Update1\cf.reference.storefront821.com\Website\temp\__Upgrade\Upgrade_20170616T133928486\transactions\V\S\S\Error.cshtml C:\Projects\Ecommerce8.2.1Update1\cf.reference.storefront821.com\Website\Views\Storefront\Shared\Error.cshtml
OK: AddFile C:\Projects\Ecommerce8.2.1Update1\cf.reference.storefront821.com\Website\temp\__Upgrade\Upgrade_20170616T133928486\transactions\V\S\S\ErrorImage.cshtml C:\Projects\Ecommerce8.2.1Update1\cf.reference.storefront821.com\Website\Views\Storefront\Shared\ErrorImage.cshtml
OK: AddFile C:\Projects\Ecommerce8.2.1Update1\cf.reference.storefront821.com\Website\temp\__Upgrade\Upgrade_20170616T133928486\transactions\V\S\S\ErrorsSummary.cshtml C:\Projects\Ecommerce8.2.1Update1\cf.reference.storefront821.com\Website\Views\Storefront\Shared\ErrorsSummary.cshtml
OK: AddFile C:\Projects\Ecommerce8.2.1Update1\cf.reference.storefront821.com\Website\temp\__Upgrade\Upgrade_20170616T133928486\transactions\V\S\S\FooterNavigation.cshtml C:\Projects\Ecommerce8.2.1Update1\cf.reference.storefront821.com\Website\Views\Storefront\Shared\FooterNavigation.cshtml
OK: AddFile C:\Projects\Ecommerce8.2.1Update1\cf.reference.storefront821.com\Website\temp\__Upgrade\Upgrade_20170616T133928486\transactions\V\S\S\LanguageSelector.cshtml C:\Projects\Ecommerce8.2.1Update1\cf.reference.storefront821.com\Website\Views\Storefront\Shared\LanguageSelector.cshtml
OK: AddFile C:\Projects\Ecommerce8.2.1Update1\cf.reference.storefront821.com\Website\temp\__Upgrade\Upgrade_20170616T133928486\transactions\V\S\S\Logo.cshtml C:\Projects\Ecommerce8.2.1Update1\cf.reference.storefront821.com\Website\Views\Storefront\Shared\Logo.cshtml
OK: AddFile C:\Projects\Ecommerce8.2.1Update1\cf.reference.storefront821.com\Website\temp\__Upgrade\Upgrade_20170616T133928486\transactions\V\S\S\MiniCart.cshtml C:\Projects\Ecommerce8.2.1Update1\cf.reference.storefront821.com\Website\Views\Storefront\Shared\MiniCart.cshtml
OK: AddFile C:\Projects\Ecommerce8.2.1Update1\cf.reference.storefront821.com\Website\temp\__Upgrade\Upgrade_20170616T133928486\transactions\V\S\S\Navigation.cshtml C:\Projects\Ecommerce8.2.1Update1\cf.reference.storefront821.com\Website\Views\Storefront\Shared\Navigation.cshtml
OK: AddFile C:\Projects\Ecommerce8.2.1Update1\cf.reference.storefront821.com\Website\temp\__Upgrade\Upgrade_20170616T133928486\transactions\V\S\S\NavigationButtons.cshtml C:\Projects\Ecommerce8.2.1Update1\cf.reference.storefront821.com\Website\Views\Storefront\Shared\NavigationButtons.cshtml
OK: AddFile C:\Projects\Ecommerce8.2.1Update1\cf.reference.storefront821.com\Website\temp\__Upgrade\Upgrade_20170616T133928486\transactions\V\S\S\NoDatasource.cshtml C:\Projects\Ecommerce8.2.1Update1\cf.reference.storefront821.com\Website\Views\Storefront\Shared\NoDatasource.cshtml
OK: AddFile C:\Projects\Ecommerce8.2.1Update1\cf.reference.storefront821.com\Website\temp\__Upgrade\Upgrade_20170616T133928486\transactions\V\S\S\Pagination.cshtml C:\Projects\Ecommerce8.2.1Update1\cf.reference.storefront821.com\Website\Views\Storefront\Shared\Pagination.cshtml
OK: AddFile C:\Projects\Ecommerce8.2.1Update1\cf.reference.storefront821.com\Website\temp\__Upgrade\Upgrade_20170616T133928486\transactions\V\S\S\PrintOnly.cshtml C:\Projects\Ecommerce8.2.1Update1\cf.reference.storefront821.com\Website\Views\Storefront\Shared\PrintOnly.cshtml
OK: AddFile C:\Projects\Ecommerce8.2.1Update1\cf.reference.storefront821.com\Website\temp\__Upgrade\Upgrade_20170616T133928486\transactions\V\S\S\SearchBar.cshtml C:\Projects\Ecommerce8.2.1Update1\cf.reference.storefront821.com\Website\Views\Storefront\Shared\SearchBar.cshtml
OK: AddFile C:\Projects\Ecommerce8.2.1Update1\cf.reference.storefront821.com\Website\temp\__Upgrade\Upgrade_20170616T133928486\transactions\V\S\S\SearchEvent.cshtml C:\Projects\Ecommerce8.2.1Update1\cf.reference.storefront821.com\Website\Views\Storefront\Shared\SearchEvent.cshtml
OK: AddFile C:\Projects\Ecommerce8.2.1Update1\cf.reference.storefront821.com\Website\temp\__Upgrade\Upgrade_20170616T133928486\transactions\V\S\S\ShareAndPrint.cshtml C:\Projects\Ecommerce8.2.1Update1\cf.reference.storefront821.com\Website\Views\Storefront\Shared\ShareAndPrint.cshtml
OK: AddFile C:\Projects\Ecommerce8.2.1Update1\cf.reference.storefront821.com\Website\temp\__Upgrade\Upgrade_20170616T133928486\transactions\V\S\S\SocialConnector.cshtml C:\Projects\Ecommerce8.2.1Update1\cf.reference.storefront821.com\Website\Views\Storefront\Shared\SocialConnector.cshtml
OK: AddFile C:\Projects\Ecommerce8.2.1Update1\cf.reference.storefront821.com\Website\temp\__Upgrade\Upgrade_20170616T133928486\transactions\V\S\S\S\NavigationExtraStructure.cshtml C:\Projects\Ecommerce8.2.1Update1\cf.reference.storefront821.com\Website\Views\Storefront\Shared\Structures\NavigationExtraStructure.cshtml
OK: AddFile C:\Projects\Ecommerce8.2.1Update1\cf.reference.storefront821.com\Website\temp\__Upgrade\Upgrade_20170616T133928486\transactions\V\S\S\S\NavigationStructure.cshtml C:\Projects\Ecommerce8.2.1Update1\cf.reference.storefront821.com\Website\Views\Storefront\Shared\Structures\NavigationStructure.cshtml
OK: AddFile C:\Projects\Ecommerce8.2.1Update1\cf.reference.storefront821.com\Website\temp\__Upgrade\Upgrade_20170616T133928486\transactions\V\S\S\S\SingleColumn.cshtml C:\Projects\Ecommerce8.2.1Update1\cf.reference.storefront821.com\Website\Views\Storefront\Shared\Structures\SingleColumn.cshtml
OK: AddFile C:\Projects\Ecommerce8.2.1Update1\cf.reference.storefront821.com\Website\temp\__Upgrade\Upgrade_20170616T133928486\transactions\V\S\S\S\ThreeColumn.cshtml C:\Projects\Ecommerce8.2.1Update1\cf.reference.storefront821.com\Website\Views\Storefront\Shared\Structures\ThreeColumn.cshtml
OK: AddFile C:\Projects\Ecommerce8.2.1Update1\cf.reference.storefront821.com\Website\temp\__Upgrade\Upgrade_20170616T133928486\transactions\V\S\S\S\TopStructure.cshtml C:\Projects\Ecommerce8.2.1Update1\cf.reference.storefront821.com\Website\Views\Storefront\Shared\Structures\TopStructure.cshtml
OK: AddFile C:\Projects\Ecommerce8.2.1Update1\cf.reference.storefront821.com\Website\temp\__Upgrade\Upgrade_20170616T133928486\transactions\V\S\S\S\TwoColumnCenterRight.cshtml C:\Projects\Ecommerce8.2.1Update1\cf.reference.storefront821.com\Website\Views\Storefront\Shared\Structures\TwoColumnCenterRight.cshtml
OK: AddFile C:\Projects\Ecommerce8.2.1Update1\cf.reference.storefront821.com\Website\temp\__Upgrade\Upgrade_20170616T133928486\transactions\V\S\S\S\TwoColumnLeftCenter.cshtml C:\Projects\Ecommerce8.2.1Update1\cf.reference.storefront821.com\Website\Views\Storefront\Shared\Structures\TwoColumnLeftCenter.cshtml
OK: AddFile C:\Projects\Ecommerce8.2.1Update1\cf.reference.storefront821.com\Website\temp\__Upgrade\Upgrade_20170616T133928486\transactions\V\S\S\TitleText.cshtml C:\Projects\Ecommerce8.2.1Update1\cf.reference.storefront821.com\Website\Views\Storefront\Shared\TitleText.cshtml
OK: AddFile C:\Projects\Ecommerce8.2.1Update1\cf.reference.storefront821.com\Website\temp\__Upgrade\Upgrade_20170616T133928486\transactions\V\S\S\TopBarLinks.cshtml C:\Projects\Ecommerce8.2.1Update1\cf.reference.storefront821.com\Website\Views\Storefront\Shared\TopBarLinks.cshtml
OK: AddFile C:\Projects\Ecommerce8.2.1Update1\cf.reference.storefront821.com\Website\temp\__Upgrade\Upgrade_20170616T133928486\transactions\V\S\S\_CartSummary.cshtml C:\Projects\Ecommerce8.2.1Update1\cf.reference.storefront821.com\Website\Views\Storefront\ShoppingCart\_CartSummary.cshtml
OK: AddFile C:\Projects\Ecommerce8.2.1Update1\cf.reference.storefront821.com\Website\temp\__Upgrade\Upgrade_20170616T133928486\transactions\V\S\S\_LineItem.cshtml C:\Projects\Ecommerce8.2.1Update1\cf.reference.storefront821.com\Website\Views\Storefront\ShoppingCart\_LineItem.cshtml
OK: AddFile C:\Projects\Ecommerce8.2.1Update1\cf.reference.storefront821.com\Website\temp\__Upgrade\Upgrade_20170616T133928486\transactions\V\S\S\CheckoutButtons.cshtml C:\Projects\Ecommerce8.2.1Update1\cf.reference.storefront821.com\Website\Views\Storefront\ShoppingCart\CheckoutButtons.cshtml
OK: AddFile C:\Projects\Ecommerce8.2.1Update1\cf.reference.storefront821.com\Website\temp\__Upgrade\Upgrade_20170616T133928486\transactions\V\S\S\ShoppingCart.cshtml C:\Projects\Ecommerce8.2.1Update1\cf.reference.storefront821.com\Website\Views\Storefront\ShoppingCart\ShoppingCart.cshtml
Installation completed successfully.
