16/06/2017-15:19: Starting PostDeployActions
16/06/2017-15:19: Updating field '__Hidden' for item '/sitecore/client'
16/06/2017-15:19: Updating field '__Icon' for item '/sitecore/client'
16/06/2017-15:19: Updating field '__Sortorder' for item '/sitecore/client'
16/06/2017-15:19: Updating field '__Never publish' for item '/sitecore/client'
16/06/2017-15:19: Updating field '__Security' for item '/sitecore/client'
16/06/2017-15:19: Updating field '__Display name.en' for item '/sitecore/client'
16/06/2017-15:19: Updating field '__Icon' for item '/sitecore/client/Commerce'
16/06/2017-15:19: Updating field '__Renderings' for item '/sitecore/client/Commerce/DynamicRendering/CommerceFormPage'
16/06/2017-15:19: Updating field 'BrowserTitle.en' for item '/sitecore/client/Commerce/DynamicRendering/CommerceFormPage'
16/06/2017-15:19: Updating field '__Renderings' for item '/sitecore/client/Commerce/DynamicRendering/ModulePage'
16/06/2017-15:19: Updating field 'BrowserTitle.en' for item '/sitecore/client/Commerce/DynamicRendering/ModulePage'
16/06/2017-15:19: Updating field 'Text.en' for item '/sitecore/client/Commerce/DynamicRendering/ModulePage/PageSettings/ActionControlBase/ActionColumn/ActionGroup'
16/06/2017-15:19: Updating field 'Text.en' for item '/sitecore/client/Commerce/DynamicRendering/ModulePage/PageSettings/ActionControlBase/ActionColumn/ActionGroup/Action'
16/06/2017-15:19: Updating field 'DataFieldName' for item '/sitecore/client/Commerce/DynamicRendering/ModulePage/PageSettings/ListControl1/FirstName'
16/06/2017-15:19: Updating field 'ColumnTitle.en' for item '/sitecore/client/Commerce/DynamicRendering/ModulePage/PageSettings/ListControl1/FirstName'
16/06/2017-15:19: Updating field 'DataFieldName' for item '/sitecore/client/Commerce/DynamicRendering/ModulePage/PageSettings/ListControl1/LastName'
16/06/2017-15:19: Updating field 'ColumnTitle.en' for item '/sitecore/client/Commerce/DynamicRendering/ModulePage/PageSettings/ListControl1/LastName'
16/06/2017-15:19: Updating field 'Theme' for item '/sitecore/client/Commerce/DynamicRendering/TemplateFormPage'
16/06/2017-15:19: Updating field '__Originator' for item '/sitecore/client/Commerce/DynamicRendering/TemplateFormPage'
16/06/2017-15:19: Updating field '__Renderings' for item '/sitecore/client/Commerce/DynamicRendering/TemplateFormPage'
16/06/2017-15:19: Updating field 'BrowserTitle.en' for item '/sitecore/client/Commerce/DynamicRendering/TemplateFormPage'
16/06/2017-15:19: Updating field '__Sortorder' for item '/sitecore/client/Commerce/DynamicRendering/TemplateFormPage/PageSettings'
16/06/2017-15:19: Updating field '__Originator' for item '/sitecore/client/Commerce/DynamicRendering/TemplateFormPage/PageSettings'
16/06/2017-15:19: Updating field '__Icon' for item '/sitecore/client/Commerce/Layouts'
16/06/2017-15:19: Updating field '__Icon' for item '/sitecore/client/Commerce/Layouts/Layouts'
16/06/2017-15:19: Updating field 'Path' for item '/sitecore/client/Commerce/Layouts/Layouts/Commerce-EmptyLayout'
16/06/2017-15:19: Updating field 'Place Holders' for item '/sitecore/client/Commerce/Layouts/Layouts/Commerce-EmptyLayout'
16/06/2017-15:19: Updating field 'SpeakCoreVersion' for item '/sitecore/client/Commerce/Layouts/Renderings'
16/06/2017-15:19: Updating field 'Path' for item '/sitecore/client/Commerce/Layouts/Renderings/CommerceBrainTreePayment'
16/06/2017-15:19: Updating field 'Model' for item '/sitecore/client/Commerce/Layouts/Renderings/CommerceBrainTreePayment'
16/06/2017-15:19: Updating field 'Parameters Template' for item '/sitecore/client/Commerce/Layouts/Renderings/CommerceBrainTreePayment'
16/06/2017-15:19: Updating field 'Open Properties after Add' for item '/sitecore/client/Commerce/Layouts/Renderings/CommerceBrainTreePayment'
16/06/2017-15:19: Updating field 'Datasource Location' for item '/sitecore/client/Commerce/Layouts/Renderings/CommerceBrainTreePayment'
16/06/2017-15:19: Updating field 'Datasource Template' for item '/sitecore/client/Commerce/Layouts/Renderings/CommerceBrainTreePayment'
16/06/2017-15:19: Updating field 'Text.en' for item '/sitecore/client/Commerce/Layouts/Renderings/CommerceBrainTreePayment/CommerceBrainTreePayment-ButtonText'
16/06/2017-15:19: Updating field '__Base template' for item '/sitecore/client/Commerce/Layouts/Renderings/CommerceBrainTreePayment/CommerceBrainTreePayment-Parameters'
16/06/2017-15:19: Updating field '__Standard values' for item '/sitecore/client/Commerce/Layouts/Renderings/CommerceBrainTreePayment/CommerceBrainTreePayment-Parameters'
16/06/2017-15:19: Updating field 'Type' for item '/sitecore/client/Commerce/Layouts/Renderings/CommerceBrainTreePayment/CommerceBrainTreePayment-Parameters/Data/ClientToken'
16/06/2017-15:19: Updating field 'Source' for item '/sitecore/client/Commerce/Layouts/Renderings/CommerceBrainTreePayment/CommerceBrainTreePayment-Parameters/Data/ClientToken'
16/06/2017-15:19: Updating field 'Shared' for item '/sitecore/client/Commerce/Layouts/Renderings/CommerceBrainTreePayment/CommerceBrainTreePayment-Parameters/Data/ClientToken'
16/06/2017-15:19: Updating field '__Sortorder' for item '/sitecore/client/Commerce/Layouts/Renderings/CommerceBrainTreePayment/CommerceBrainTreePayment-Parameters/Data/ClientToken'
16/06/2017-15:19: Updating field 'Type' for item '/sitecore/client/Commerce/Layouts/Renderings/CommerceBrainTreePayment/CommerceBrainTreePayment-Parameters/Data/PaymentMethodNonce'
16/06/2017-15:19: Updating field 'Source' for item '/sitecore/client/Commerce/Layouts/Renderings/CommerceBrainTreePayment/CommerceBrainTreePayment-Parameters/Data/PaymentMethodNonce'
16/06/2017-15:19: Updating field 'Shared' for item '/sitecore/client/Commerce/Layouts/Renderings/CommerceBrainTreePayment/CommerceBrainTreePayment-Parameters/Data/PaymentMethodNonce'
16/06/2017-15:19: Updating field '__Sortorder' for item '/sitecore/client/Commerce/Layouts/Renderings/CommerceBrainTreePayment/CommerceBrainTreePayment-Parameters/Data/PaymentMethodNonce'
16/06/2017-15:19: Updating field 'Path' for item '/sitecore/client/Commerce/Layouts/Renderings/CommerceDataSourceV2'
16/06/2017-15:19: Updating field 'Model' for item '/sitecore/client/Commerce/Layouts/Renderings/CommerceDataSourceV2'
16/06/2017-15:19: Updating field 'Parameters Template' for item '/sitecore/client/Commerce/Layouts/Renderings/CommerceDataSourceV2'
16/06/2017-15:19: Updating field 'Open Properties after Add' for item '/sitecore/client/Commerce/Layouts/Renderings/CommerceDataSourceV2'
16/06/2017-15:19: Updating field 'Datasource Location' for item '/sitecore/client/Commerce/Layouts/Renderings/CommerceDataSourceV2'
16/06/2017-15:19: Updating field 'Datasource Template' for item '/sitecore/client/Commerce/Layouts/Renderings/CommerceDataSourceV2'
16/06/2017-15:19: Updating field '__Base template' for item '/sitecore/client/Commerce/Layouts/Renderings/CommerceDataSourceV2/CommerceDataSourceV2-Parameters'
16/06/2017-15:19: Updating field '__Standard values' for item '/sitecore/client/Commerce/Layouts/Renderings/CommerceDataSourceV2/CommerceDataSourceV2-Parameters'
16/06/2017-15:19: Can't load item 47ca455e-497a-48d0-bfbe-e2c848de4d6c for language ''
16/06/2017-15:19: Updating field 'Type' for item '/sitecore/client/Commerce/Layouts/Renderings/CommerceDataSourceV2/CommerceDataSourceV2-Parameters/Data/CommerceItemId'
16/06/2017-15:19: Updating field 'Source' for item '/sitecore/client/Commerce/Layouts/Renderings/CommerceDataSourceV2/CommerceDataSourceV2-Parameters/Data/CommerceItemId'
16/06/2017-15:19: Updating field 'Shared' for item '/sitecore/client/Commerce/Layouts/Renderings/CommerceDataSourceV2/CommerceDataSourceV2-Parameters/Data/CommerceItemId'
16/06/2017-15:19: Updating field '__Sortorder' for item '/sitecore/client/Commerce/Layouts/Renderings/CommerceDataSourceV2/CommerceDataSourceV2-Parameters/Data/CommerceItemId'
16/06/2017-15:19: Updating field 'Type' for item '/sitecore/client/Commerce/Layouts/Renderings/CommerceDataSourceV2/CommerceDataSourceV2-Parameters/Data/Database'
16/06/2017-15:19: Updating field 'Source' for item '/sitecore/client/Commerce/Layouts/Renderings/CommerceDataSourceV2/CommerceDataSourceV2-Parameters/Data/Database'
16/06/2017-15:19: Updating field 'Shared' for item '/sitecore/client/Commerce/Layouts/Renderings/CommerceDataSourceV2/CommerceDataSourceV2-Parameters/Data/Database'
16/06/2017-15:19: Updating field '__Sortorder' for item '/sitecore/client/Commerce/Layouts/Renderings/CommerceDataSourceV2/CommerceDataSourceV2-Parameters/Data/Database'
16/06/2017-15:19: Updating field 'Type' for item '/sitecore/client/Commerce/Layouts/Renderings/CommerceDataSourceV2/CommerceDataSourceV2-Parameters/Data/DataUrl'
16/06/2017-15:19: Updating field 'Source' for item '/sitecore/client/Commerce/Layouts/Renderings/CommerceDataSourceV2/CommerceDataSourceV2-Parameters/Data/DataUrl'
16/06/2017-15:19: Updating field 'Shared' for item '/sitecore/client/Commerce/Layouts/Renderings/CommerceDataSourceV2/CommerceDataSourceV2-Parameters/Data/DataUrl'
16/06/2017-15:19: Updating field 'Type' for item '/sitecore/client/Commerce/Layouts/Renderings/CommerceDataSourceV2/CommerceDataSourceV2-Parameters/Data/ExtendedParameters'
16/06/2017-15:19: Updating field 'Source' for item '/sitecore/client/Commerce/Layouts/Renderings/CommerceDataSourceV2/CommerceDataSourceV2-Parameters/Data/ExtendedParameters'
16/06/2017-15:19: Updating field 'Shared' for item '/sitecore/client/Commerce/Layouts/Renderings/CommerceDataSourceV2/CommerceDataSourceV2-Parameters/Data/ExtendedParameters'
16/06/2017-15:19: Updating field '__Sortorder' for item '/sitecore/client/Commerce/Layouts/Renderings/CommerceDataSourceV2/CommerceDataSourceV2-Parameters/Data/ExtendedParameters'
16/06/2017-15:19: Updating field 'Type' for item '/sitecore/client/Commerce/Layouts/Renderings/CommerceDataSourceV2/CommerceDataSourceV2-Parameters/Data/FacetCriteria'
16/06/2017-15:19: Updating field 'Source' for item '/sitecore/client/Commerce/Layouts/Renderings/CommerceDataSourceV2/CommerceDataSourceV2-Parameters/Data/FacetCriteria'
16/06/2017-15:19: Updating field 'Shared' for item '/sitecore/client/Commerce/Layouts/Renderings/CommerceDataSourceV2/CommerceDataSourceV2-Parameters/Data/FacetCriteria'
16/06/2017-15:19: Updating field '__Sortorder' for item '/sitecore/client/Commerce/Layouts/Renderings/CommerceDataSourceV2/CommerceDataSourceV2-Parameters/Data/FacetCriteria'
16/06/2017-15:19: Updating field 'Type' for item '/sitecore/client/Commerce/Layouts/Renderings/CommerceDataSourceV2/CommerceDataSourceV2-Parameters/Data/Facets'
16/06/2017-15:19: Updating field 'Source' for item '/sitecore/client/Commerce/Layouts/Renderings/CommerceDataSourceV2/CommerceDataSourceV2-Parameters/Data/Facets'
16/06/2017-15:19: Updating field 'Shared' for item '/sitecore/client/Commerce/Layouts/Renderings/CommerceDataSourceV2/CommerceDataSourceV2-Parameters/Data/Facets'
16/06/2017-15:19: Updating field '__Sortorder' for item '/sitecore/client/Commerce/Layouts/Renderings/CommerceDataSourceV2/CommerceDataSourceV2-Parameters/Data/Facets'
16/06/2017-15:19: Updating field 'Type' for item '/sitecore/client/Commerce/Layouts/Renderings/CommerceDataSourceV2/CommerceDataSourceV2-Parameters/Data/Fields'
16/06/2017-15:19: Updating field 'Source' for item '/sitecore/client/Commerce/Layouts/Renderings/CommerceDataSourceV2/CommerceDataSourceV2-Parameters/Data/Fields'
16/06/2017-15:19: Updating field 'Shared' for item '/sitecore/client/Commerce/Layouts/Renderings/CommerceDataSourceV2/CommerceDataSourceV2-Parameters/Data/Fields'
16/06/2017-15:19: Updating field '__Sortorder' for item '/sitecore/client/Commerce/Layouts/Renderings/CommerceDataSourceV2/CommerceDataSourceV2-Parameters/Data/Fields'
16/06/2017-15:19: Updating field 'Type' for item '/sitecore/client/Commerce/Layouts/Renderings/CommerceDataSourceV2/CommerceDataSourceV2-Parameters/Data/Headers'
16/06/2017-15:19: Updating field 'Source' for item '/sitecore/client/Commerce/Layouts/Renderings/CommerceDataSourceV2/CommerceDataSourceV2-Parameters/Data/Headers'
16/06/2017-15:19: Updating field 'Shared' for item '/sitecore/client/Commerce/Layouts/Renderings/CommerceDataSourceV2/CommerceDataSourceV2-Parameters/Data/Headers'
16/06/2017-15:19: Updating field '__Sortorder' for item '/sitecore/client/Commerce/Layouts/Renderings/CommerceDataSourceV2/CommerceDataSourceV2-Parameters/Data/Headers'
16/06/2017-15:19: Updating field 'Type' for item '/sitecore/client/Commerce/Layouts/Renderings/CommerceDataSourceV2/CommerceDataSourceV2-Parameters/Data/IsReady'
16/06/2017-15:19: Updating field 'Source' for item '/sitecore/client/Commerce/Layouts/Renderings/CommerceDataSourceV2/CommerceDataSourceV2-Parameters/Data/IsReady'
16/06/2017-15:19: Updating field 'Shared' for item '/sitecore/client/Commerce/Layouts/Renderings/CommerceDataSourceV2/CommerceDataSourceV2-Parameters/Data/IsReady'
16/06/2017-15:19: Updating field '__Sortorder' for item '/sitecore/client/Commerce/Layouts/Renderings/CommerceDataSourceV2/CommerceDataSourceV2-Parameters/Data/IsReady'
16/06/2017-15:19: Updating field 'Type' for item '/sitecore/client/Commerce/Layouts/Renderings/CommerceDataSourceV2/CommerceDataSourceV2-Parameters/Data/Items'
16/06/2017-15:19: Updating field 'Source' for item '/sitecore/client/Commerce/Layouts/Renderings/CommerceDataSourceV2/CommerceDataSourceV2-Parameters/Data/Items'
16/06/2017-15:19: Updating field 'Shared' for item '/sitecore/client/Commerce/Layouts/Renderings/CommerceDataSourceV2/CommerceDataSourceV2-Parameters/Data/Items'
16/06/2017-15:19: Updating field '__Sortorder' for item '/sitecore/client/Commerce/Layouts/Renderings/CommerceDataSourceV2/CommerceDataSourceV2-Parameters/Data/Items'
16/06/2017-15:19: Updating field 'Type' for item '/sitecore/client/Commerce/Layouts/Renderings/CommerceDataSourceV2/CommerceDataSourceV2-Parameters/Data/ItemType'
16/06/2017-15:19: Updating field 'Source' for item '/sitecore/client/Commerce/Layouts/Renderings/CommerceDataSourceV2/CommerceDataSourceV2-Parameters/Data/ItemType'
16/06/2017-15:19: Updating field 'Shared' for item '/sitecore/client/Commerce/Layouts/Renderings/CommerceDataSourceV2/CommerceDataSourceV2-Parameters/Data/ItemType'
16/06/2017-15:19: Updating field '__Sortorder' for item '/sitecore/client/Commerce/Layouts/Renderings/CommerceDataSourceV2/CommerceDataSourceV2-Parameters/Data/ItemType'
16/06/2017-15:19: Updating field 'Type' for item '/sitecore/client/Commerce/Layouts/Renderings/CommerceDataSourceV2/CommerceDataSourceV2-Parameters/Data/Language'
16/06/2017-15:19: Updating field 'Source' for item '/sitecore/client/Commerce/Layouts/Renderings/CommerceDataSourceV2/CommerceDataSourceV2-Parameters/Data/Language'
16/06/2017-15:19: Updating field 'Shared' for item '/sitecore/client/Commerce/Layouts/Renderings/CommerceDataSourceV2/CommerceDataSourceV2-Parameters/Data/Language'
16/06/2017-15:19: Updating field '__Sortorder' for item '/sitecore/client/Commerce/Layouts/Renderings/CommerceDataSourceV2/CommerceDataSourceV2-Parameters/Data/Language'
16/06/2017-15:19: Updating field 'Type' for item '/sitecore/client/Commerce/Layouts/Renderings/CommerceDataSourceV2/CommerceDataSourceV2-Parameters/Data/PageIndex'
16/06/2017-15:19: Updating field 'Source' for item '/sitecore/client/Commerce/Layouts/Renderings/CommerceDataSourceV2/CommerceDataSourceV2-Parameters/Data/PageIndex'
16/06/2017-15:19: Updating field 'Shared' for item '/sitecore/client/Commerce/Layouts/Renderings/CommerceDataSourceV2/CommerceDataSourceV2-Parameters/Data/PageIndex'
16/06/2017-15:19: Updating field '__Sortorder' for item '/sitecore/client/Commerce/Layouts/Renderings/CommerceDataSourceV2/CommerceDataSourceV2-Parameters/Data/PageIndex'
16/06/2017-15:19: Updating field 'Type' for item '/sitecore/client/Commerce/Layouts/Renderings/CommerceDataSourceV2/CommerceDataSourceV2-Parameters/Data/PageSize'
16/06/2017-15:19: Updating field 'Source' for item '/sitecore/client/Commerce/Layouts/Renderings/CommerceDataSourceV2/CommerceDataSourceV2-Parameters/Data/PageSize'
16/06/2017-15:19: Updating field 'Shared' for item '/sitecore/client/Commerce/Layouts/Renderings/CommerceDataSourceV2/CommerceDataSourceV2-Parameters/Data/PageSize'
16/06/2017-15:19: Updating field '__Sortorder' for item '/sitecore/client/Commerce/Layouts/Renderings/CommerceDataSourceV2/CommerceDataSourceV2-Parameters/Data/PageSize'
16/06/2017-15:19: Updating field 'Type' for item '/sitecore/client/Commerce/Layouts/Renderings/CommerceDataSourceV2/CommerceDataSourceV2-Parameters/Data/ParentId'
16/06/2017-15:19: Updating field 'Source' for item '/sitecore/client/Commerce/Layouts/Renderings/CommerceDataSourceV2/CommerceDataSourceV2-Parameters/Data/ParentId'
16/06/2017-15:19: Updating field 'Shared' for item '/sitecore/client/Commerce/Layouts/Renderings/CommerceDataSourceV2/CommerceDataSourceV2-Parameters/Data/ParentId'
16/06/2017-15:19: Updating field '__Sortorder' for item '/sitecore/client/Commerce/Layouts/Renderings/CommerceDataSourceV2/CommerceDataSourceV2-Parameters/Data/ParentId'
16/06/2017-15:19: Updating field 'Type' for item '/sitecore/client/Commerce/Layouts/Renderings/CommerceDataSourceV2/CommerceDataSourceV2-Parameters/Data/SearchTerm'
16/06/2017-15:19: Updating field 'Source' for item '/sitecore/client/Commerce/Layouts/Renderings/CommerceDataSourceV2/CommerceDataSourceV2-Parameters/Data/SearchTerm'
16/06/2017-15:19: Updating field 'Shared' for item '/sitecore/client/Commerce/Layouts/Renderings/CommerceDataSourceV2/CommerceDataSourceV2-Parameters/Data/SearchTerm'
16/06/2017-15:19: Updating field '__Sortorder' for item '/sitecore/client/Commerce/Layouts/Renderings/CommerceDataSourceV2/CommerceDataSourceV2-Parameters/Data/SearchTerm'
16/06/2017-15:19: Updating field 'Type' for item '/sitecore/client/Commerce/Layouts/Renderings/CommerceDataSourceV2/CommerceDataSourceV2-Parameters/Data/Sorting'
16/06/2017-15:19: Updating field 'Source' for item '/sitecore/client/Commerce/Layouts/Renderings/CommerceDataSourceV2/CommerceDataSourceV2-Parameters/Data/Sorting'
16/06/2017-15:19: Updating field 'Shared' for item '/sitecore/client/Commerce/Layouts/Renderings/CommerceDataSourceV2/CommerceDataSourceV2-Parameters/Data/Sorting'
16/06/2017-15:19: Updating field '__Sortorder' for item '/sitecore/client/Commerce/Layouts/Renderings/CommerceDataSourceV2/CommerceDataSourceV2-Parameters/Data/Sorting'
16/06/2017-15:19: Updating field 'Path' for item '/sitecore/client/Commerce/Layouts/Renderings/CommerceForm'
16/06/2017-15:19: Updating field 'Model' for item '/sitecore/client/Commerce/Layouts/Renderings/CommerceForm'
16/06/2017-15:19: Updating field 'Parameters Template' for item '/sitecore/client/Commerce/Layouts/Renderings/CommerceForm'
16/06/2017-15:19: Updating field 'Open Properties after Add' for item '/sitecore/client/Commerce/Layouts/Renderings/CommerceForm'
16/06/2017-15:19: Updating field 'Place Holders' for item '/sitecore/client/Commerce/Layouts/Renderings/CommerceForm'
16/06/2017-15:19: Updating field 'Default Parameters' for item '/sitecore/client/Commerce/Layouts/Renderings/CommerceForm'
16/06/2017-15:19: Updating field '__Renderings' for item '/sitecore/client/Commerce/Layouts/Renderings/CommerceForm'
16/06/2017-15:19: Updating field '__Short description.en' for item '/sitecore/client/Commerce/Layouts/Renderings/CommerceForm'
16/06/2017-15:19: Updating field '__Base template' for item '/sitecore/client/Commerce/Layouts/Renderings/CommerceForm/Form Parameters'
16/06/2017-15:19: Updating field '__Standard values' for item '/sitecore/client/Commerce/Layouts/Renderings/CommerceForm/Form Parameters'
16/06/2017-15:19: Updating field '__Icon' for item '/sitecore/client/Commerce/Layouts/Renderings/CommerceForm/Form Parameters'
16/06/2017-15:19: Updating field '__Sortorder' for item '/sitecore/client/Commerce/Layouts/Renderings/CommerceForm/Form Parameters/Appearance'
16/06/2017-15:19: Updating field 'Type' for item '/sitecore/client/Commerce/Layouts/Renderings/CommerceForm/Form Parameters/Appearance/SectionVisualization'
16/06/2017-15:19: Updating field 'Source' for item '/sitecore/client/Commerce/Layouts/Renderings/CommerceForm/Form Parameters/Appearance/SectionVisualization'
16/06/2017-15:19: Updating field 'Shared' for item '/sitecore/client/Commerce/Layouts/Renderings/CommerceForm/Form Parameters/Appearance/SectionVisualization'
16/06/2017-15:19: Updating field '__Sortorder' for item '/sitecore/client/Commerce/Layouts/Renderings/CommerceForm/Form Parameters/Commerce'
16/06/2017-15:19: Updating field 'Type' for item '/sitecore/client/Commerce/Layouts/Renderings/CommerceForm/Form Parameters/Commerce/CommerceDataServiceID'
16/06/2017-15:19: Updating field '__Sortorder' for item '/sitecore/client/Commerce/Layouts/Renderings/CommerceForm/Form Parameters/Commerce/CommerceDataServiceID'
16/06/2017-15:19: Updating field 'Type' for item '/sitecore/client/Commerce/Layouts/Renderings/CommerceForm/Form Parameters/Commerce/CommerceFoundationPayload'
16/06/2017-15:19: Updating field 'Type' for item '/sitecore/client/Commerce/Layouts/Renderings/CommerceForm/Form Parameters/Data/BindingTarget'
16/06/2017-15:19: Updating field 'Source' for item '/sitecore/client/Commerce/Layouts/Renderings/CommerceForm/Form Parameters/Data/BindingTarget'
16/06/2017-15:19: Updating field 'Shared' for item '/sitecore/client/Commerce/Layouts/Renderings/CommerceForm/Form Parameters/Data/BindingTarget'
16/06/2017-15:19: Updating field '__Sortorder' for item '/sitecore/client/Commerce/Layouts/Renderings/CommerceForm/Form Parameters/Data/BindingTarget'
16/06/2017-15:19: Updating field '__Short description.en' for item '/sitecore/client/Commerce/Layouts/Renderings/CommerceForm/Form Parameters/Data/BindingTarget'
16/06/2017-15:19: Updating field 'Type' for item '/sitecore/client/Commerce/Layouts/Renderings/CommerceForm/Form Parameters/Data/FormData'
16/06/2017-15:19: Updating field 'Source' for item '/sitecore/client/Commerce/Layouts/Renderings/CommerceForm/Form Parameters/Data/FormData'
16/06/2017-15:19: Updating field 'Shared' for item '/sitecore/client/Commerce/Layouts/Renderings/CommerceForm/Form Parameters/Data/FormData'
16/06/2017-15:19: Updating field '__Short description.en' for item '/sitecore/client/Commerce/Layouts/Renderings/CommerceForm/Form Parameters/Data/FormData'
16/06/2017-15:19: Updating field '__Sortorder' for item '/sitecore/client/Commerce/Layouts/Renderings/CommerceForm/Form Parameters/Fields'
16/06/2017-15:19: Updating field 'Type' for item '/sitecore/client/Commerce/Layouts/Renderings/CommerceForm/Form Parameters/Fields/ExcludedFields'
16/06/2017-15:19: Updating field 'Source' for item '/sitecore/client/Commerce/Layouts/Renderings/CommerceForm/Form Parameters/Fields/ExcludedFields'
16/06/2017-15:19: Updating field 'Shared' for item '/sitecore/client/Commerce/Layouts/Renderings/CommerceForm/Form Parameters/Fields/ExcludedFields'
16/06/2017-15:19: Updating field '__Sortorder' for item '/sitecore/client/Commerce/Layouts/Renderings/CommerceForm/Form Parameters/Fields/ExcludedFields'
16/06/2017-15:19: Updating field '__Short description.en' for item '/sitecore/client/Commerce/Layouts/Renderings/CommerceForm/Form Parameters/Fields/ExcludedFields'
16/06/2017-15:19: Updating field 'Type' for item '/sitecore/client/Commerce/Layouts/Renderings/CommerceForm/Form Parameters/Fields/FieldDefinitionDatabase'
16/06/2017-15:19: Updating field 'Source' for item '/sitecore/client/Commerce/Layouts/Renderings/CommerceForm/Form Parameters/Fields/FieldDefinitionDatabase'
16/06/2017-15:19: Updating field 'Shared' for item '/sitecore/client/Commerce/Layouts/Renderings/CommerceForm/Form Parameters/Fields/FieldDefinitionDatabase'
16/06/2017-15:19: Updating field '__Sortorder' for item '/sitecore/client/Commerce/Layouts/Renderings/CommerceForm/Form Parameters/Fields/FieldDefinitionDatabase'
16/06/2017-15:19: Updating field '__Short description.en' for item '/sitecore/client/Commerce/Layouts/Renderings/CommerceForm/Form Parameters/Fields/FieldDefinitionDatabase'
16/06/2017-15:19: Updating field 'Type' for item '/sitecore/client/Commerce/Layouts/Renderings/CommerceForm/Form Parameters/Fields/FieldDefinitionRoot'
16/06/2017-15:19: Updating field 'Source' for item '/sitecore/client/Commerce/Layouts/Renderings/CommerceForm/Form Parameters/Fields/FieldDefinitionRoot'
16/06/2017-15:19: Updating field 'Shared' for item '/sitecore/client/Commerce/Layouts/Renderings/CommerceForm/Form Parameters/Fields/FieldDefinitionRoot'
16/06/2017-15:19: Updating field '__Sortorder' for item '/sitecore/client/Commerce/Layouts/Renderings/CommerceForm/Form Parameters/Fields/FieldDefinitionRoot'
16/06/2017-15:19: Updating field '__Short description.en' for item '/sitecore/client/Commerce/Layouts/Renderings/CommerceForm/Form Parameters/Fields/FieldDefinitionRoot'
16/06/2017-15:19: Updating field 'Type' for item '/sitecore/client/Commerce/Layouts/Renderings/CommerceForm/Form Parameters/Fields/FieldDefinitionType'
16/06/2017-15:19: Updating field 'Source' for item '/sitecore/client/Commerce/Layouts/Renderings/CommerceForm/Form Parameters/Fields/FieldDefinitionType'
16/06/2017-15:19: Updating field 'Shared' for item '/sitecore/client/Commerce/Layouts/Renderings/CommerceForm/Form Parameters/Fields/FieldDefinitionType'
16/06/2017-15:19: Updating field '__Short description.en' for item '/sitecore/client/Commerce/Layouts/Renderings/CommerceForm/Form Parameters/Fields/FieldDefinitionType'
16/06/2017-15:19: Updating field 'Type' for item '/sitecore/client/Commerce/Layouts/Renderings/CommerceForm/Form Parameters/Fields/FieldSections'
16/06/2017-15:19: Updating field 'Source' for item '/sitecore/client/Commerce/Layouts/Renderings/CommerceForm/Form Parameters/Fields/FieldSections'
16/06/2017-15:19: Updating field 'Shared' for item '/sitecore/client/Commerce/Layouts/Renderings/CommerceForm/Form Parameters/Fields/FieldSections'
16/06/2017-15:19: Updating field '__Sortorder' for item '/sitecore/client/Commerce/Layouts/Renderings/CommerceForm/Form Parameters/Fields/FieldSections'
16/06/2017-15:19: Updating field '__Short description.en' for item '/sitecore/client/Commerce/Layouts/Renderings/CommerceForm/Form Parameters/Fields/FieldSections'
16/06/2017-15:19: Updating field '__Sortorder' for item '/sitecore/client/Commerce/Layouts/Renderings/CommerceForm/Form Parameters/LayoutOptions'
16/06/2017-15:19: Updating field 'Type' for item '/sitecore/client/Commerce/Layouts/Renderings/CommerceForm/Form Parameters/LayoutOptions/FieldsLayout'
16/06/2017-15:19: Updating field 'Source' for item '/sitecore/client/Commerce/Layouts/Renderings/CommerceForm/Form Parameters/LayoutOptions/FieldsLayout'
16/06/2017-15:19: Updating field 'Shared' for item '/sitecore/client/Commerce/Layouts/Renderings/CommerceForm/Form Parameters/LayoutOptions/FieldsLayout'
16/06/2017-15:19: Updating field '__Short description.en' for item '/sitecore/client/Commerce/Layouts/Renderings/CommerceForm/Form Parameters/LayoutOptions/FieldsLayout'
16/06/2017-15:19: Updating field '__Base template' for item '/sitecore/client/Commerce/Layouts/Renderings/CommerceForm/FormDressing Parameters'
16/06/2017-15:19: Updating field '__Standard values' for item '/sitecore/client/Commerce/Layouts/Renderings/CommerceForm/FormDressing Parameters'
16/06/2017-15:19: Updating field '__Icon' for item '/sitecore/client/Commerce/Layouts/Renderings/CommerceForm/FormDressing Parameters'
16/06/2017-15:19: Updating field 'Type' for item '/sitecore/client/Commerce/Layouts/Renderings/CommerceForm/FormDressing Parameters/Form/BindingConfiguration'
16/06/2017-15:19: Updating field 'Shared' for item '/sitecore/client/Commerce/Layouts/Renderings/CommerceForm/FormDressing Parameters/Form/BindingConfiguration'
16/06/2017-15:19: Updating field '__Sortorder' for item '/sitecore/client/Commerce/Layouts/Renderings/CommerceForm/FormDressing Parameters/Form/BindingConfiguration'
16/06/2017-15:19: Updating field '__Short description.en' for item '/sitecore/client/Commerce/Layouts/Renderings/CommerceForm/FormDressing Parameters/Form/BindingConfiguration'
16/06/2017-15:19: Updating field 'Type' for item '/sitecore/client/Commerce/Layouts/Renderings/CommerceForm/FormDressing Parameters/Form/FormLabel'
16/06/2017-15:19: Updating field 'Shared' for item '/sitecore/client/Commerce/Layouts/Renderings/CommerceForm/FormDressing Parameters/Form/FormLabel'
16/06/2017-15:19: Updating field '__Sortorder' for item '/sitecore/client/Commerce/Layouts/Renderings/CommerceForm/FormDressing Parameters/Form/FormLabel'
16/06/2017-15:19: Updating field 'Type' for item '/sitecore/client/Commerce/Layouts/Renderings/CommerceForm/FormDressing Parameters/Form/HelpText'
16/06/2017-15:19: Updating field 'Shared' for item '/sitecore/client/Commerce/Layouts/Renderings/CommerceForm/FormDressing Parameters/Form/HelpText'
16/06/2017-15:19: Updating field 'Type' for item '/sitecore/client/Commerce/Layouts/Renderings/CommerceForm/FormDressing Parameters/Form/IsLabelOnTop'
16/06/2017-15:19: Updating field 'Shared' for item '/sitecore/client/Commerce/Layouts/Renderings/CommerceForm/FormDressing Parameters/Form/IsLabelOnTop'
16/06/2017-15:19: Updating field '__Sortorder' for item '/sitecore/client/Commerce/Layouts/Renderings/CommerceForm/FormDressing Parameters/Form/IsLabelOnTop'
16/06/2017-15:19: Updating field 'Type' for item '/sitecore/client/Commerce/Layouts/Renderings/CommerceForm/FormDressing Parameters/Form/RenderingItemId'
16/06/2017-15:19: Updating field 'Source' for item '/sitecore/client/Commerce/Layouts/Renderings/CommerceForm/FormDressing Parameters/Form/RenderingItemId'
16/06/2017-15:19: Updating field 'Shared' for item '/sitecore/client/Commerce/Layouts/Renderings/CommerceForm/FormDressing Parameters/Form/RenderingItemId'
16/06/2017-15:19: Updating field '__Sortorder' for item '/sitecore/client/Commerce/Layouts/Renderings/CommerceForm/FormDressing Parameters/Form/RenderingItemId'
16/06/2017-15:19: Updating field '__Base template' for item '/sitecore/client/Commerce/Layouts/Renderings/CommerceForm/FormDressingRequiredField Parameters'
16/06/2017-15:19: Updating field '__Standard values' for item '/sitecore/client/Commerce/Layouts/Renderings/CommerceForm/FormDressingRequiredField Parameters'
16/06/2017-15:19: Updating field '__Icon' for item '/sitecore/client/Commerce/Layouts/Renderings/CommerceForm/FormDressingRequiredField Parameters'
16/06/2017-15:19: Updating field 'Type' for item '/sitecore/client/Commerce/Layouts/Renderings/CommerceForm/FormDressingRequiredField Parameters/Form/IsRequired'
16/06/2017-15:19: Updating field 'Shared' for item '/sitecore/client/Commerce/Layouts/Renderings/CommerceForm/FormDressingRequiredField Parameters/Form/IsRequired'
16/06/2017-15:19: Updating field '__Sortorder' for item '/sitecore/client/Commerce/Layouts/Renderings/CommerceForm/FormDressingRequiredField Parameters/Form/IsRequired'
16/06/2017-15:19: Updating field '__Short description.en' for item '/sitecore/client/Commerce/Layouts/Renderings/CommerceForm/FormDressingRequiredField Parameters/Form/IsRequired'
16/06/2017-15:19: Updating field 'Large' for item '/sitecore/client/Commerce/Layouts/Renderings/CommerceForm/FormFieldLayouts/1-1-1-1'
16/06/2017-15:19: Updating field 'Medium' for item '/sitecore/client/Commerce/Layouts/Renderings/CommerceForm/FormFieldLayouts/1-1-1-1'
16/06/2017-15:19: Updating field 'Small' for item '/sitecore/client/Commerce/Layouts/Renderings/CommerceForm/FormFieldLayouts/1-1-1-1'
16/06/2017-15:19: Updating field 'X-Small' for item '/sitecore/client/Commerce/Layouts/Renderings/CommerceForm/FormFieldLayouts/1-1-1-1'
16/06/2017-15:19: Updating field '__Sortorder' for item '/sitecore/client/Commerce/Layouts/Renderings/CommerceForm/FormFieldLayouts/1-1-1-1'
16/06/2017-15:19: Updating field 'Large' for item '/sitecore/client/Commerce/Layouts/Renderings/CommerceForm/FormFieldLayouts/2-2-1-1'
16/06/2017-15:19: Updating field 'Medium' for item '/sitecore/client/Commerce/Layouts/Renderings/CommerceForm/FormFieldLayouts/2-2-1-1'
16/06/2017-15:19: Updating field 'Small' for item '/sitecore/client/Commerce/Layouts/Renderings/CommerceForm/FormFieldLayouts/2-2-1-1'
16/06/2017-15:19: Updating field 'X-Small' for item '/sitecore/client/Commerce/Layouts/Renderings/CommerceForm/FormFieldLayouts/2-2-1-1'
16/06/2017-15:19: Updating field '__Sortorder' for item '/sitecore/client/Commerce/Layouts/Renderings/CommerceForm/FormFieldLayouts/2-2-1-1'
16/06/2017-15:19: Updating field 'Large' for item '/sitecore/client/Commerce/Layouts/Renderings/CommerceForm/FormFieldLayouts/2-2-2-1'
16/06/2017-15:19: Updating field 'Medium' for item '/sitecore/client/Commerce/Layouts/Renderings/CommerceForm/FormFieldLayouts/2-2-2-1'
16/06/2017-15:19: Updating field 'Small' for item '/sitecore/client/Commerce/Layouts/Renderings/CommerceForm/FormFieldLayouts/2-2-2-1'
16/06/2017-15:19: Updating field 'X-Small' for item '/sitecore/client/Commerce/Layouts/Renderings/CommerceForm/FormFieldLayouts/2-2-2-1'
16/06/2017-15:19: Updating field '__Sortorder' for item '/sitecore/client/Commerce/Layouts/Renderings/CommerceForm/FormFieldLayouts/2-2-2-1'
16/06/2017-15:19: Updating field 'Large' for item '/sitecore/client/Commerce/Layouts/Renderings/CommerceForm/FormFieldLayouts/3-3-1-1'
16/06/2017-15:19: Updating field 'Medium' for item '/sitecore/client/Commerce/Layouts/Renderings/CommerceForm/FormFieldLayouts/3-3-1-1'
16/06/2017-15:19: Updating field 'Small' for item '/sitecore/client/Commerce/Layouts/Renderings/CommerceForm/FormFieldLayouts/3-3-1-1'
16/06/2017-15:19: Updating field 'X-Small' for item '/sitecore/client/Commerce/Layouts/Renderings/CommerceForm/FormFieldLayouts/3-3-1-1'
16/06/2017-15:19: Updating field '__Sortorder' for item '/sitecore/client/Commerce/Layouts/Renderings/CommerceForm/FormFieldLayouts/3-3-1-1'
16/06/2017-15:19: Updating field 'Large' for item '/sitecore/client/Commerce/Layouts/Renderings/CommerceForm/FormFieldLayouts/3-3-2-1'
16/06/2017-15:19: Updating field 'Medium' for item '/sitecore/client/Commerce/Layouts/Renderings/CommerceForm/FormFieldLayouts/3-3-2-1'
16/06/2017-15:19: Updating field 'Small' for item '/sitecore/client/Commerce/Layouts/Renderings/CommerceForm/FormFieldLayouts/3-3-2-1'
16/06/2017-15:19: Updating field 'X-Small' for item '/sitecore/client/Commerce/Layouts/Renderings/CommerceForm/FormFieldLayouts/3-3-2-1'
16/06/2017-15:19: Updating field '__Sortorder' for item '/sitecore/client/Commerce/Layouts/Renderings/CommerceForm/FormFieldLayouts/3-3-2-1'
16/06/2017-15:19: Updating field 'Large' for item '/sitecore/client/Commerce/Layouts/Renderings/CommerceForm/FormFieldLayouts/4-3-2-1'
16/06/2017-15:19: Updating field 'Medium' for item '/sitecore/client/Commerce/Layouts/Renderings/CommerceForm/FormFieldLayouts/4-3-2-1'
16/06/2017-15:19: Updating field 'Small' for item '/sitecore/client/Commerce/Layouts/Renderings/CommerceForm/FormFieldLayouts/4-3-2-1'
16/06/2017-15:19: Updating field 'X-Small' for item '/sitecore/client/Commerce/Layouts/Renderings/CommerceForm/FormFieldLayouts/4-3-2-1'
16/06/2017-15:19: Updating field '__Sortorder' for item '/sitecore/client/Commerce/Layouts/Renderings/CommerceForm/FormFieldLayouts/4-3-2-1'
16/06/2017-15:19: Updating field 'Large' for item '/sitecore/client/Commerce/Layouts/Renderings/CommerceForm/FormFieldLayouts/4-4-2-1'
16/06/2017-15:19: Updating field 'Medium' for item '/sitecore/client/Commerce/Layouts/Renderings/CommerceForm/FormFieldLayouts/4-4-2-1'
16/06/2017-15:19: Updating field 'Small' for item '/sitecore/client/Commerce/Layouts/Renderings/CommerceForm/FormFieldLayouts/4-4-2-1'
16/06/2017-15:19: Updating field 'X-Small' for item '/sitecore/client/Commerce/Layouts/Renderings/CommerceForm/FormFieldLayouts/4-4-2-1'
16/06/2017-15:19: Updating field '__Sortorder' for item '/sitecore/client/Commerce/Layouts/Renderings/CommerceForm/FormFieldLayouts/4-4-2-1'
16/06/2017-15:19: Updating field 'Large' for item '/sitecore/client/Commerce/Layouts/Renderings/CommerceForm/FormFieldLayouts/4-4-3-1'
16/06/2017-15:19: Updating field 'Medium' for item '/sitecore/client/Commerce/Layouts/Renderings/CommerceForm/FormFieldLayouts/4-4-3-1'
16/06/2017-15:19: Updating field 'Small' for item '/sitecore/client/Commerce/Layouts/Renderings/CommerceForm/FormFieldLayouts/4-4-3-1'
16/06/2017-15:19: Updating field 'X-Small' for item '/sitecore/client/Commerce/Layouts/Renderings/CommerceForm/FormFieldLayouts/4-4-3-1'
16/06/2017-15:19: Updating field '__Sortorder' for item '/sitecore/client/Commerce/Layouts/Renderings/CommerceForm/FormFieldLayouts/4-4-3-1'
16/06/2017-15:19: Updating field 'SectionRendering' for item '/sitecore/client/Commerce/Layouts/Renderings/CommerceForm/FormSectionVisualization/Border'
16/06/2017-15:19: Updating field 'ContentPlaceholderName' for item '/sitecore/client/Commerce/Layouts/Renderings/CommerceForm/FormSectionVisualization/Border'
16/06/2017-15:19: Updating field 'SectionRendering' for item '/sitecore/client/Commerce/Layouts/Renderings/CommerceForm/FormSectionVisualization/Expander'
16/06/2017-15:19: Updating field 'ContentPlaceholderName' for item '/sitecore/client/Commerce/Layouts/Renderings/CommerceForm/FormSectionVisualization/Expander'
16/06/2017-15:19: Updating field '__Masters' for item '/sitecore/client/Commerce/Layouts/Renderings/CommerceForm/FormSources'
16/06/2017-15:19: Updating field 'TypeName' for item '/sitecore/client/Commerce/Layouts/Renderings/CommerceForm/FormSources/Commerce Foundation Entity View Source'
16/06/2017-15:19: Updating field 'TypeName' for item '/sitecore/client/Commerce/Layouts/Renderings/CommerceForm/FormSources/Sitecore Data Template'
16/06/2017-15:19: Updating field 'TypeName' for item '/sitecore/client/Commerce/Layouts/Renderings/CommerceForm/FormSources/SPEAK Form Definition'
16/06/2017-15:19: Updating field 'ParametersStandardValuesId' for item '/sitecore/client/Commerce/Layouts/Renderings/CommerceForm/FormTemplateMappings/Boolean'
16/06/2017-15:19: Updating field 'ParametersStandardValuesId' for item '/sitecore/client/Commerce/Layouts/Renderings/CommerceForm/FormTemplateMappings/BrainTree'
16/06/2017-15:19: Updating field 'ParametersStandardValuesId' for item '/sitecore/client/Commerce/Layouts/Renderings/CommerceForm/FormTemplateMappings/ClosedSelection'
16/06/2017-15:19: Updating field 'ParametersStandardValuesId' for item '/sitecore/client/Commerce/Layouts/Renderings/CommerceForm/FormTemplateMappings/DateTimeOffset'
16/06/2017-15:19: Updating field 'ParametersStandardValuesId' for item '/sitecore/client/Commerce/Layouts/Renderings/CommerceForm/FormTemplateMappings/Decimal'
16/06/2017-15:19: Updating field 'ParametersStandardValuesId' for item '/sitecore/client/Commerce/Layouts/Renderings/CommerceForm/FormTemplateMappings/Product'
16/06/2017-15:19: Updating field 'ParametersStandardValuesId' for item '/sitecore/client/Commerce/Layouts/Renderings/CommerceForm/FormTemplateMappings/String'
16/06/2017-15:19: Updating field '__Base template' for item '/sitecore/client/Commerce/Layouts/Renderings/CommerceForm/Templates/CommerceFormFieldDataTemplateMapping'
16/06/2017-15:19: Updating field 'Type' for item '/sitecore/client/Commerce/Layouts/Renderings/CommerceForm/Templates/CommerceFormFieldDataTemplateMapping/Mapping/ParametersStandardValuesId'
16/06/2017-15:19: Updating field 'Shared' for item '/sitecore/client/Commerce/Layouts/Renderings/CommerceForm/Templates/CommerceFormFieldDataTemplateMapping/Mapping/ParametersStandardValuesId'
16/06/2017-15:19: Updating field 'Type' for item '/sitecore/client/Commerce/Layouts/Renderings/CommerceForm/Templates/CommerceFormFieldDataTemplateMapping/Mapping/UIHint'
16/06/2017-15:19: Updating field '__Sortorder' for item '/sitecore/client/Commerce/Layouts/Renderings/CommerceForm/Templates/CommerceFormFieldDataTemplateMapping/Mapping/UIHint'
16/06/2017-15:19: Updating field '__Base template' for item '/sitecore/client/Commerce/Layouts/Renderings/CommerceForm/Templates/FormBrainTree Parameters'
16/06/2017-15:19: Updating field '__Standard values' for item '/sitecore/client/Commerce/Layouts/Renderings/CommerceForm/Templates/FormBrainTree Parameters'
16/06/2017-15:19: Updating field '__Icon' for item '/sitecore/client/Commerce/Layouts/Renderings/CommerceForm/Templates/FormBrainTree Parameters'
16/06/2017-15:19: Updating field 'BindingConfiguration' for item '/sitecore/client/Commerce/Layouts/Renderings/CommerceForm/Templates/FormBrainTree Parameters/__Standard Values'
16/06/2017-15:19: Updating field 'RenderingItemId' for item '/sitecore/client/Commerce/Layouts/Renderings/CommerceForm/Templates/FormBrainTree Parameters/__Standard Values'
16/06/2017-15:19: Updating field '__Base template' for item '/sitecore/client/Commerce/Layouts/Renderings/CommerceForm/Templates/FormButtonTextBox Parameters'
16/06/2017-15:19: Updating field '__Standard values' for item '/sitecore/client/Commerce/Layouts/Renderings/CommerceForm/Templates/FormButtonTextBox Parameters'
16/06/2017-15:19: Updating field '__Icon' for item '/sitecore/client/Commerce/Layouts/Renderings/CommerceForm/Templates/FormButtonTextBox Parameters'
16/06/2017-15:19: Updating field 'BindingConfiguration' for item '/sitecore/client/Commerce/Layouts/Renderings/CommerceForm/Templates/FormButtonTextBox Parameters/__Standard Values'
16/06/2017-15:19: Updating field 'RenderingItemId' for item '/sitecore/client/Commerce/Layouts/Renderings/CommerceForm/Templates/FormButtonTextBox Parameters/__Standard Values'
16/06/2017-15:19: Updating field '__Base template' for item '/sitecore/client/Commerce/Layouts/Renderings/CommerceForm/Templates/FormCheckBox Parameters'
16/06/2017-15:19: Updating field '__Standard values' for item '/sitecore/client/Commerce/Layouts/Renderings/CommerceForm/Templates/FormCheckBox Parameters'
16/06/2017-15:19: Updating field '__Icon' for item '/sitecore/client/Commerce/Layouts/Renderings/CommerceForm/Templates/FormCheckBox Parameters'
16/06/2017-15:19: Updating field 'BindingConfiguration' for item '/sitecore/client/Commerce/Layouts/Renderings/CommerceForm/Templates/FormCheckBox Parameters/__Standard Values'
16/06/2017-15:19: Updating field 'RenderingItemId' for item '/sitecore/client/Commerce/Layouts/Renderings/CommerceForm/Templates/FormCheckBox Parameters/__Standard Values'
16/06/2017-15:19: Updating field '__Base template' for item '/sitecore/client/Commerce/Layouts/Renderings/CommerceForm/Templates/FormCheckBoxList Parameters'
16/06/2017-15:19: Updating field '__Standard values' for item '/sitecore/client/Commerce/Layouts/Renderings/CommerceForm/Templates/FormCheckBoxList Parameters'
16/06/2017-15:19: Updating field '__Icon' for item '/sitecore/client/Commerce/Layouts/Renderings/CommerceForm/Templates/FormCheckBoxList Parameters'
16/06/2017-15:19: Updating field 'BindingConfiguration' for item '/sitecore/client/Commerce/Layouts/Renderings/CommerceForm/Templates/FormCheckBoxList Parameters/__Standard Values'
16/06/2017-15:19: Updating field 'RenderingItemId' for item '/sitecore/client/Commerce/Layouts/Renderings/CommerceForm/Templates/FormCheckBoxList Parameters/__Standard Values'
16/06/2017-15:19: Updating field '__Base template' for item '/sitecore/client/Commerce/Layouts/Renderings/CommerceForm/Templates/FormDatePicker Parameters'
16/06/2017-15:19: Updating field '__Standard values' for item '/sitecore/client/Commerce/Layouts/Renderings/CommerceForm/Templates/FormDatePicker Parameters'
16/06/2017-15:19: Updating field '__Icon' for item '/sitecore/client/Commerce/Layouts/Renderings/CommerceForm/Templates/FormDatePicker Parameters'
16/06/2017-15:19: Updating field 'FormatPreset' for item '/sitecore/client/Commerce/Layouts/Renderings/CommerceForm/Templates/FormDatePicker Parameters/__Standard Values'
16/06/2017-15:19: Updating field 'FormattedDate' for item '/sitecore/client/Commerce/Layouts/Renderings/CommerceForm/Templates/FormDatePicker Parameters/__Standard Values'
16/06/2017-15:19: Updating field 'BindingConfiguration' for item '/sitecore/client/Commerce/Layouts/Renderings/CommerceForm/Templates/FormDatePicker Parameters/__Standard Values'
16/06/2017-15:19: Updating field 'RenderingItemId' for item '/sitecore/client/Commerce/Layouts/Renderings/CommerceForm/Templates/FormDatePicker Parameters/__Standard Values'
16/06/2017-15:19: Updating field 'FormatCustom.en' for item '/sitecore/client/Commerce/Layouts/Renderings/CommerceForm/Templates/FormDatePicker Parameters/__Standard Values'
16/06/2017-15:19: Updating field '__Base template' for item '/sitecore/client/Commerce/Layouts/Renderings/CommerceForm/Templates/FormDropDownButton Parameters'
16/06/2017-15:19: Updating field '__Standard values' for item '/sitecore/client/Commerce/Layouts/Renderings/CommerceForm/Templates/FormDropDownButton Parameters'
16/06/2017-15:19: Updating field '__Icon' for item '/sitecore/client/Commerce/Layouts/Renderings/CommerceForm/Templates/FormDropDownButton Parameters'
16/06/2017-15:19: Updating field 'BindingConfiguration' for item '/sitecore/client/Commerce/Layouts/Renderings/CommerceForm/Templates/FormDropDownButton Parameters/__Standard Values'
16/06/2017-15:19: Updating field 'RenderingItemId' for item '/sitecore/client/Commerce/Layouts/Renderings/CommerceForm/Templates/FormDropDownButton Parameters/__Standard Values'
16/06/2017-15:19: Updating field '__Renderings' for item '/sitecore/client/Commerce/Layouts/Renderings/CommerceForm/Templates/FormDropDownButton Parameters/__Standard Values'
16/06/2017-15:19: Updating field '__Base template' for item '/sitecore/client/Commerce/Layouts/Renderings/CommerceForm/Templates/FormDropList Parameters'
16/06/2017-15:19: Updating field '__Standard values' for item '/sitecore/client/Commerce/Layouts/Renderings/CommerceForm/Templates/FormDropList Parameters'
16/06/2017-15:19: Updating field '__Icon' for item '/sitecore/client/Commerce/Layouts/Renderings/CommerceForm/Templates/FormDropList Parameters'
16/06/2017-15:19: Updating field 'BindingConfiguration' for item '/sitecore/client/Commerce/Layouts/Renderings/CommerceForm/Templates/FormDropList Parameters/__Standard Values'
16/06/2017-15:19: Updating field 'RenderingItemId' for item '/sitecore/client/Commerce/Layouts/Renderings/CommerceForm/Templates/FormDropList Parameters/__Standard Values'
16/06/2017-15:19: Updating field '__Base template' for item '/sitecore/client/Commerce/Layouts/Renderings/CommerceForm/Templates/FormFieldSource'
16/06/2017-15:19: Updating field 'Type' for item '/sitecore/client/Commerce/Layouts/Renderings/CommerceForm/Templates/FormFieldSource/Code/TypeName'
16/06/2017-15:19: Updating field 'Shared' for item '/sitecore/client/Commerce/Layouts/Renderings/CommerceForm/Templates/FormFieldSource/Code/TypeName'
16/06/2017-15:19: Updating field '__Base template' for item '/sitecore/client/Commerce/Layouts/Renderings/CommerceForm/Templates/FormImage Parameters'
16/06/2017-15:19: Updating field '__Standard values' for item '/sitecore/client/Commerce/Layouts/Renderings/CommerceForm/Templates/FormImage Parameters'
16/06/2017-15:19: Updating field '__Icon' for item '/sitecore/client/Commerce/Layouts/Renderings/CommerceForm/Templates/FormImage Parameters'
16/06/2017-15:19: Updating field 'BindingConfiguration' for item '/sitecore/client/Commerce/Layouts/Renderings/CommerceForm/Templates/FormImage Parameters/__Standard Values'
16/06/2017-15:19: Updating field 'RenderingItemId' for item '/sitecore/client/Commerce/Layouts/Renderings/CommerceForm/Templates/FormImage Parameters/__Standard Values'
16/06/2017-15:19: Updating field '__Base template' for item '/sitecore/client/Commerce/Layouts/Renderings/CommerceForm/Templates/FormItemTreeView Parameters'
16/06/2017-15:19: Updating field '__Standard values' for item '/sitecore/client/Commerce/Layouts/Renderings/CommerceForm/Templates/FormItemTreeView Parameters'
16/06/2017-15:19: Updating field '__Icon' for item '/sitecore/client/Commerce/Layouts/Renderings/CommerceForm/Templates/FormItemTreeView Parameters'
16/06/2017-15:19: Updating field 'BindingConfiguration' for item '/sitecore/client/Commerce/Layouts/Renderings/CommerceForm/Templates/FormItemTreeView Parameters/__Standard Values'
16/06/2017-15:19: Updating field 'RenderingItemId' for item '/sitecore/client/Commerce/Layouts/Renderings/CommerceForm/Templates/FormItemTreeView Parameters/__Standard Values'
16/06/2017-15:19: Updating field '__Base template' for item '/sitecore/client/Commerce/Layouts/Renderings/CommerceForm/Templates/FormListBox Parameters'
16/06/2017-15:19: Updating field '__Standard values' for item '/sitecore/client/Commerce/Layouts/Renderings/CommerceForm/Templates/FormListBox Parameters'
16/06/2017-15:19: Updating field '__Icon' for item '/sitecore/client/Commerce/Layouts/Renderings/CommerceForm/Templates/FormListBox Parameters'
16/06/2017-15:19: Updating field 'BindingConfiguration' for item '/sitecore/client/Commerce/Layouts/Renderings/CommerceForm/Templates/FormListBox Parameters/__Standard Values'
16/06/2017-15:19: Updating field 'RenderingItemId' for item '/sitecore/client/Commerce/Layouts/Renderings/CommerceForm/Templates/FormListBox Parameters/__Standard Values'
16/06/2017-15:19: Updating field '__Base template' for item '/sitecore/client/Commerce/Layouts/Renderings/CommerceForm/Templates/FormPassword Parameters'
16/06/2017-15:19: Updating field '__Standard values' for item '/sitecore/client/Commerce/Layouts/Renderings/CommerceForm/Templates/FormPassword Parameters'
16/06/2017-15:19: Updating field '__Icon' for item '/sitecore/client/Commerce/Layouts/Renderings/CommerceForm/Templates/FormPassword Parameters'
16/06/2017-15:19: Updating field 'InputType' for item '/sitecore/client/Commerce/Layouts/Renderings/CommerceForm/Templates/FormPassword Parameters/__Standard Values'
16/06/2017-15:19: Updating field 'BindingConfiguration' for item '/sitecore/client/Commerce/Layouts/Renderings/CommerceForm/Templates/FormPassword Parameters/__Standard Values'
16/06/2017-15:19: Updating field 'RenderingItemId' for item '/sitecore/client/Commerce/Layouts/Renderings/CommerceForm/Templates/FormPassword Parameters/__Standard Values'
16/06/2017-15:19: Updating field '__Base template' for item '/sitecore/client/Commerce/Layouts/Renderings/CommerceForm/Templates/FormProductField Parameters'
16/06/2017-15:19: Updating field '__Standard values' for item '/sitecore/client/Commerce/Layouts/Renderings/CommerceForm/Templates/FormProductField Parameters'
16/06/2017-15:19: Updating field 'BindingConfiguration' for item '/sitecore/client/Commerce/Layouts/Renderings/CommerceForm/Templates/FormProductField Parameters/__Standard Values'
16/06/2017-15:19: Updating field 'RenderingItemId' for item '/sitecore/client/Commerce/Layouts/Renderings/CommerceForm/Templates/FormProductField Parameters/__Standard Values'
16/06/2017-15:19: Updating field '__Base template' for item '/sitecore/client/Commerce/Layouts/Renderings/CommerceForm/Templates/FormRadioButtonList Parameters'
16/06/2017-15:19: Updating field '__Standard values' for item '/sitecore/client/Commerce/Layouts/Renderings/CommerceForm/Templates/FormRadioButtonList Parameters'
16/06/2017-15:19: Updating field '__Icon' for item '/sitecore/client/Commerce/Layouts/Renderings/CommerceForm/Templates/FormRadioButtonList Parameters'
16/06/2017-15:19: Updating field 'BindingConfiguration' for item '/sitecore/client/Commerce/Layouts/Renderings/CommerceForm/Templates/FormRadioButtonList Parameters/__Standard Values'
16/06/2017-15:19: Updating field 'RenderingItemId' for item '/sitecore/client/Commerce/Layouts/Renderings/CommerceForm/Templates/FormRadioButtonList Parameters/__Standard Values'
16/06/2017-15:19: Updating field '__Base template' for item '/sitecore/client/Commerce/Layouts/Renderings/CommerceForm/Templates/FormSearchableDropList Parameters'
16/06/2017-15:19: Updating field '__Standard values' for item '/sitecore/client/Commerce/Layouts/Renderings/CommerceForm/Templates/FormSearchableDropList Parameters'
16/06/2017-15:19: Updating field 'BindingConfiguration' for item '/sitecore/client/Commerce/Layouts/Renderings/CommerceForm/Templates/FormSearchableDropList Parameters/__Standard Values'
16/06/2017-15:19: Updating field 'RenderingItemId' for item '/sitecore/client/Commerce/Layouts/Renderings/CommerceForm/Templates/FormSearchableDropList Parameters/__Standard Values'
16/06/2017-15:19: Updating field '__Base template' for item '/sitecore/client/Commerce/Layouts/Renderings/CommerceForm/Templates/FormSectionVisualization'
16/06/2017-15:19: Updating field 'Type' for item '/sitecore/client/Commerce/Layouts/Renderings/CommerceForm/Templates/FormSectionVisualization/Visualization/ContentPlaceholderName'
16/06/2017-15:19: Updating field 'Shared' for item '/sitecore/client/Commerce/Layouts/Renderings/CommerceForm/Templates/FormSectionVisualization/Visualization/ContentPlaceholderName'
16/06/2017-15:19: Updating field '__Sortorder' for item '/sitecore/client/Commerce/Layouts/Renderings/CommerceForm/Templates/FormSectionVisualization/Visualization/ContentPlaceholderName'
16/06/2017-15:19: Updating field 'Type' for item '/sitecore/client/Commerce/Layouts/Renderings/CommerceForm/Templates/FormSectionVisualization/Visualization/SectionRendering'
16/06/2017-15:19: Updating field 'Shared' for item '/sitecore/client/Commerce/Layouts/Renderings/CommerceForm/Templates/FormSectionVisualization/Visualization/SectionRendering'
16/06/2017-15:19: Updating field '__Base template' for item '/sitecore/client/Commerce/Layouts/Renderings/CommerceForm/Templates/FormSlider Parameters'
16/06/2017-15:19: Updating field '__Standard values' for item '/sitecore/client/Commerce/Layouts/Renderings/CommerceForm/Templates/FormSlider Parameters'
16/06/2017-15:19: Updating field '__Icon' for item '/sitecore/client/Commerce/Layouts/Renderings/CommerceForm/Templates/FormSlider Parameters'
16/06/2017-15:19: Updating field 'BindingConfiguration' for item '/sitecore/client/Commerce/Layouts/Renderings/CommerceForm/Templates/FormSlider Parameters/__Standard Values'
16/06/2017-15:19: Updating field 'RenderingItemId' for item '/sitecore/client/Commerce/Layouts/Renderings/CommerceForm/Templates/FormSlider Parameters/__Standard Values'
16/06/2017-15:19: Updating field '__Base template' for item '/sitecore/client/Commerce/Layouts/Renderings/CommerceForm/Templates/FormTextArea Parameters'
16/06/2017-15:19: Updating field '__Standard values' for item '/sitecore/client/Commerce/Layouts/Renderings/CommerceForm/Templates/FormTextArea Parameters'
16/06/2017-15:19: Updating field '__Icon' for item '/sitecore/client/Commerce/Layouts/Renderings/CommerceForm/Templates/FormTextArea Parameters'
16/06/2017-15:19: Updating field 'BindingConfiguration' for item '/sitecore/client/Commerce/Layouts/Renderings/CommerceForm/Templates/FormTextArea Parameters/__Standard Values'
16/06/2017-15:19: Updating field 'RenderingItemId' for item '/sitecore/client/Commerce/Layouts/Renderings/CommerceForm/Templates/FormTextArea Parameters/__Standard Values'
16/06/2017-15:19: Updating field '__Base template' for item '/sitecore/client/Commerce/Layouts/Renderings/CommerceForm/Templates/FormTextBox Parameters'
16/06/2017-15:19: Updating field '__Standard values' for item '/sitecore/client/Commerce/Layouts/Renderings/CommerceForm/Templates/FormTextBox Parameters'
16/06/2017-15:19: Updating field '__Icon' for item '/sitecore/client/Commerce/Layouts/Renderings/CommerceForm/Templates/FormTextBox Parameters'
16/06/2017-15:19: Updating field 'BindingConfiguration' for item '/sitecore/client/Commerce/Layouts/Renderings/CommerceForm/Templates/FormTextBox Parameters/__Standard Values'
16/06/2017-15:19: Updating field 'RenderingItemId' for item '/sitecore/client/Commerce/Layouts/Renderings/CommerceForm/Templates/FormTextBox Parameters/__Standard Values'
16/06/2017-15:19: Updating field '__Base template' for item '/sitecore/client/Commerce/Layouts/Renderings/CommerceForm/Templates/FormTimePicker Parameters'
16/06/2017-15:19: Updating field '__Standard values' for item '/sitecore/client/Commerce/Layouts/Renderings/CommerceForm/Templates/FormTimePicker Parameters'
16/06/2017-15:19: Updating field 'TimeStep' for item '/sitecore/client/Commerce/Layouts/Renderings/CommerceForm/Templates/FormTimePicker Parameters/__Standard Values'
16/06/2017-15:19: Updating field 'BindingConfiguration' for item '/sitecore/client/Commerce/Layouts/Renderings/CommerceForm/Templates/FormTimePicker Parameters/__Standard Values'
16/06/2017-15:19: Updating field 'RenderingItemId' for item '/sitecore/client/Commerce/Layouts/Renderings/CommerceForm/Templates/FormTimePicker Parameters/__Standard Values'
16/06/2017-15:19: Updating field '__Base template' for item '/sitecore/client/Commerce/Layouts/Renderings/CommerceForm/Templates/FormTristate Parameters'
16/06/2017-15:19: Updating field '__Standard values' for item '/sitecore/client/Commerce/Layouts/Renderings/CommerceForm/Templates/FormTristate Parameters'
16/06/2017-15:19: Updating field '__Icon' for item '/sitecore/client/Commerce/Layouts/Renderings/CommerceForm/Templates/FormTristate Parameters'
16/06/2017-15:19: Updating field 'StaticData' for item '/sitecore/client/Commerce/Layouts/Renderings/CommerceForm/Templates/FormTristate Parameters/__Standard Values'
16/06/2017-15:19: Updating field 'ValueFieldName' for item '/sitecore/client/Commerce/Layouts/Renderings/CommerceForm/Templates/FormTristate Parameters/__Standard Values'
16/06/2017-15:19: Updating field 'BindingConfiguration' for item '/sitecore/client/Commerce/Layouts/Renderings/CommerceForm/Templates/FormTristate Parameters/__Standard Values'
16/06/2017-15:19: Updating field 'RenderingItemId' for item '/sitecore/client/Commerce/Layouts/Renderings/CommerceForm/Templates/FormTristate Parameters/__Standard Values'
16/06/2017-15:19: Updating field 'Value' for item '/sitecore/client/Commerce/Layouts/Renderings/CommerceForm/Templates/FormTristate Parameters/States/No'
16/06/2017-15:19: Updating field 'Value' for item '/sitecore/client/Commerce/Layouts/Renderings/CommerceForm/Templates/FormTristate Parameters/States/Yes'
16/06/2017-15:19: Updating field '__Base template' for item '/sitecore/client/Commerce/Layouts/Renderings/CommerceForm/Templates/FormTristate Parameters/TristateValueParameters'
16/06/2017-15:19: Updating field 'Type' for item '/sitecore/client/Commerce/Layouts/Renderings/CommerceForm/Templates/FormTristate Parameters/TristateValueParameters/Tristate/Value'
16/06/2017-15:19: Updating field 'Shared' for item '/sitecore/client/Commerce/Layouts/Renderings/CommerceForm/Templates/FormTristate Parameters/TristateValueParameters/Tristate/Value'
16/06/2017-15:19: Updating field 'Path' for item '/sitecore/client/Commerce/Layouts/Renderings/CommerceFoundationFormHelper'
16/06/2017-15:19: Updating field 'Model' for item '/sitecore/client/Commerce/Layouts/Renderings/CommerceFoundationFormHelper'
16/06/2017-15:19: Updating field 'Parameters Template' for item '/sitecore/client/Commerce/Layouts/Renderings/CommerceFoundationFormHelper'
16/06/2017-15:19: Updating field 'Open Properties after Add' for item '/sitecore/client/Commerce/Layouts/Renderings/CommerceFoundationFormHelper'
16/06/2017-15:19: Updating field 'Default Parameters' for item '/sitecore/client/Commerce/Layouts/Renderings/CommerceFoundationFormHelper'
16/06/2017-15:19: Updating field 'Datasource Location' for item '/sitecore/client/Commerce/Layouts/Renderings/CommerceFoundationFormHelper'
16/06/2017-15:19: Updating field 'Datasource Template' for item '/sitecore/client/Commerce/Layouts/Renderings/CommerceFoundationFormHelper'
16/06/2017-15:19: Updating field '__Base template' for item '/sitecore/client/Commerce/Layouts/Renderings/CommerceFoundationFormHelper/CommerceFoundationFormHelper-Parameters'
16/06/2017-15:19: Updating field '__Standard values' for item '/sitecore/client/Commerce/Layouts/Renderings/CommerceFoundationFormHelper/CommerceFoundationFormHelper-Parameters'
16/06/2017-15:19: Updating field 'Type' for item '/sitecore/client/Commerce/Layouts/Renderings/CommerceFoundationFormHelper/CommerceFoundationFormHelper-Parameters/Commerce/CommerceDataServiceID'
16/06/2017-15:19: Updating field 'Type' for item '/sitecore/client/Commerce/Layouts/Renderings/CommerceFoundationFormHelper/CommerceFoundationFormHelper-Parameters/Commerce/CommerceFoundationPayload'
16/06/2017-15:19: Updating field '__Sortorder' for item '/sitecore/client/Commerce/Layouts/Renderings/CommerceFoundationFormHelper/CommerceFoundationFormHelper-Parameters/Commerce/CommerceFoundationPayload'
16/06/2017-15:19: Updating field 'Path' for item '/sitecore/client/Commerce/Layouts/Renderings/CommerceHelpProvider'
16/06/2017-15:19: Updating field 'Model' for item '/sitecore/client/Commerce/Layouts/Renderings/CommerceHelpProvider'
16/06/2017-15:19: Updating field 'Parameters Template' for item '/sitecore/client/Commerce/Layouts/Renderings/CommerceHelpProvider'
16/06/2017-15:19: Updating field 'Open Properties after Add' for item '/sitecore/client/Commerce/Layouts/Renderings/CommerceHelpProvider'
16/06/2017-15:19: Updating field 'Datasource Location' for item '/sitecore/client/Commerce/Layouts/Renderings/CommerceHelpProvider'
16/06/2017-15:19: Updating field 'Datasource Template' for item '/sitecore/client/Commerce/Layouts/Renderings/CommerceHelpProvider'
16/06/2017-15:19: Updating field '__Base template' for item '/sitecore/client/Commerce/Layouts/Renderings/CommerceHelpProvider/CommerceHelpProvider-Parameters'
16/06/2017-15:19: Updating field '__Standard values' for item '/sitecore/client/Commerce/Layouts/Renderings/CommerceHelpProvider/CommerceHelpProvider-Parameters'
16/06/2017-15:19: Updating field 'Type' for item '/sitecore/client/Commerce/Layouts/Renderings/CommerceHelpProvider/CommerceHelpProvider-Parameters/Commerce/FolderID'
16/06/2017-15:19: Updating field '__Sortorder' for item '/sitecore/client/Commerce/Layouts/Renderings/CommerceHelpProvider/CommerceHelpProvider-Parameters/Commerce/FolderID'
16/06/2017-15:19: Updating field 'Type' for item '/sitecore/client/Commerce/Layouts/Renderings/CommerceHelpProvider/CommerceHelpProvider-Parameters/Commerce/PageID'
16/06/2017-15:19: Updating field 'Source' for item '/sitecore/client/Commerce/Layouts/Renderings/CommerceHelpProvider/CommerceHelpProvider-Parameters/Commerce/PageID'
16/06/2017-15:19: Updating field '__Sortorder' for item '/sitecore/client/Commerce/Layouts/Renderings/CommerceHelpProvider/CommerceHelpProvider-Parameters/Commerce/PageID'
16/06/2017-15:19: Updating field 'Type' for item '/sitecore/client/Commerce/Layouts/Renderings/CommerceHelpProvider/CommerceHelpProvider-Parameters/Commerce/TabID'
16/06/2017-15:19: Updating field 'Source' for item '/sitecore/client/Commerce/Layouts/Renderings/CommerceHelpProvider/CommerceHelpProvider-Parameters/Commerce/TabID'
16/06/2017-15:19: Updating field 'Path' for item '/sitecore/client/Commerce/Layouts/Renderings/CommerceProductFieldRendering'
16/06/2017-15:19: Updating field 'Model' for item '/sitecore/client/Commerce/Layouts/Renderings/CommerceProductFieldRendering'
16/06/2017-15:19: Updating field 'Parameters Template' for item '/sitecore/client/Commerce/Layouts/Renderings/CommerceProductFieldRendering'
16/06/2017-15:19: Updating field 'Open Properties after Add' for item '/sitecore/client/Commerce/Layouts/Renderings/CommerceProductFieldRendering'
16/06/2017-15:19: Updating field 'Datasource Location' for item '/sitecore/client/Commerce/Layouts/Renderings/CommerceProductFieldRendering'
16/06/2017-15:19: Updating field 'Datasource Template' for item '/sitecore/client/Commerce/Layouts/Renderings/CommerceProductFieldRendering'
16/06/2017-15:19: Updating field '__Base template' for item '/sitecore/client/Commerce/Layouts/Renderings/CommerceProductFieldRendering/CommerceProductFieldRendering-Parameters'
16/06/2017-15:19: Updating field '__Standard values' for item '/sitecore/client/Commerce/Layouts/Renderings/CommerceProductFieldRendering/CommerceProductFieldRendering-Parameters'
16/06/2017-15:19: Updating field 'Type' for item '/sitecore/client/Commerce/Layouts/Renderings/CommerceProductFieldRendering/CommerceProductFieldRendering-Parameters/Data/Value'
16/06/2017-15:19: Updating field 'Source' for item '/sitecore/client/Commerce/Layouts/Renderings/CommerceProductFieldRendering/CommerceProductFieldRendering-Parameters/Data/Value'
16/06/2017-15:19: Updating field 'Path' for item '/sitecore/client/Commerce/Layouts/Renderings/ContextGenerator'
16/06/2017-15:19: Updating field 'Model' for item '/sitecore/client/Commerce/Layouts/Renderings/ContextGenerator'
16/06/2017-15:19: Updating field 'Parameters Template' for item '/sitecore/client/Commerce/Layouts/Renderings/ContextGenerator'
16/06/2017-15:19: Updating field 'Open Properties after Add' for item '/sitecore/client/Commerce/Layouts/Renderings/ContextGenerator'
16/06/2017-15:19: Updating field 'Datasource Location' for item '/sitecore/client/Commerce/Layouts/Renderings/ContextGenerator'
16/06/2017-15:19: Updating field 'Datasource Template' for item '/sitecore/client/Commerce/Layouts/Renderings/ContextGenerator'
16/06/2017-15:19: Updating field '__Base template' for item '/sitecore/client/Commerce/Layouts/Renderings/ContextGenerator/ContextGenerator-Parameters'
16/06/2017-15:19: Updating field 'Path' for item '/sitecore/client/Commerce/Layouts/Renderings/DatetimePicker'
16/06/2017-15:19: Updating field 'Model' for item '/sitecore/client/Commerce/Layouts/Renderings/DatetimePicker'
16/06/2017-15:19: Updating field 'Parameters Template' for item '/sitecore/client/Commerce/Layouts/Renderings/DatetimePicker'
16/06/2017-15:19: Updating field 'Open Properties after Add' for item '/sitecore/client/Commerce/Layouts/Renderings/DatetimePicker'
16/06/2017-15:19: Updating field 'Datasource Location' for item '/sitecore/client/Commerce/Layouts/Renderings/DatetimePicker'
16/06/2017-15:19: Updating field 'Datasource Template' for item '/sitecore/client/Commerce/Layouts/Renderings/DatetimePicker'
16/06/2017-15:19: Updating field '__Base template' for item '/sitecore/client/Commerce/Layouts/Renderings/DatetimePicker/DatetimePicker-Parameters'
16/06/2017-15:19: Updating field '__Standard values' for item '/sitecore/client/Commerce/Layouts/Renderings/DatetimePicker/DatetimePicker-Parameters'
16/06/2017-15:19: Updating field '__Sortorder' for item '/sitecore/client/Commerce/Layouts/Renderings/DatetimePicker/DatetimePicker-Parameters/Data'
16/06/2017-15:19: Updating field 'Type' for item '/sitecore/client/Commerce/Layouts/Renderings/DatetimePicker/DatetimePicker-Parameters/Data/Value'
16/06/2017-15:19: Updating field '__Sortorder' for item '/sitecore/client/Commerce/Layouts/Renderings/ItemPicker'
16/06/2017-15:19: Updating field '__Renderings' for item '/sitecore/client/Commerce/Layouts/Renderings/ItemPicker'
16/06/2017-15:19: Updating field 'Path' for item '/sitecore/client/Commerce/Layouts/Renderings/ProgressIndicator'
16/06/2017-15:19: Updating field 'Model' for item '/sitecore/client/Commerce/Layouts/Renderings/ProgressIndicator'
16/06/2017-15:19: Updating field 'Parameters Template' for item '/sitecore/client/Commerce/Layouts/Renderings/ProgressIndicator'
16/06/2017-15:19: Updating field 'Open Properties after Add' for item '/sitecore/client/Commerce/Layouts/Renderings/ProgressIndicator'
16/06/2017-15:19: Updating field 'Datasource Location' for item '/sitecore/client/Commerce/Layouts/Renderings/ProgressIndicator'
16/06/2017-15:19: Updating field 'Datasource Template' for item '/sitecore/client/Commerce/Layouts/Renderings/ProgressIndicator'
16/06/2017-15:19: Updating field '__Base template' for item '/sitecore/client/Commerce/Layouts/Renderings/ProgressIndicator/ProgressIndicator-Parameters'
16/06/2017-15:19: Updating field '__Standard values' for item '/sitecore/client/Commerce/Layouts/Renderings/ProgressIndicator/ProgressIndicator-Parameters'
16/06/2017-15:19: Updating field 'Path' for item '/sitecore/client/Commerce/Layouts/Renderings/TagEditor'
16/06/2017-15:19: Updating field 'Model' for item '/sitecore/client/Commerce/Layouts/Renderings/TagEditor'
16/06/2017-15:19: Updating field 'Parameters Template' for item '/sitecore/client/Commerce/Layouts/Renderings/TagEditor'
16/06/2017-15:19: Updating field 'Open Properties after Add' for item '/sitecore/client/Commerce/Layouts/Renderings/TagEditor'
16/06/2017-15:19: Updating field 'Datasource Location' for item '/sitecore/client/Commerce/Layouts/Renderings/TagEditor'
16/06/2017-15:19: Updating field 'Datasource Template' for item '/sitecore/client/Commerce/Layouts/Renderings/TagEditor'
16/06/2017-15:19: Updating field '__Sortorder' for item '/sitecore/client/Commerce/Layouts/Renderings/TagEditor'
16/06/2017-15:19: Updating field '__Base template' for item '/sitecore/client/Commerce/Layouts/Renderings/TagEditor/TagEditor-Parameters'
16/06/2017-15:19: Updating field '__Standard values' for item '/sitecore/client/Commerce/Layouts/Renderings/TagEditor/TagEditor-Parameters'
16/06/2017-15:19: Can't load item 355cc239-709b-4577-8be7-2fc43a47e88a for language 'en'
16/06/2017-15:19: Updating field 'Type' for item '/sitecore/client/Commerce/Layouts/Renderings/TagEditor/TagEditor-Parameters/Tag Editor/Force Lowercase'
16/06/2017-15:19: Updating field '__Sortorder' for item '/sitecore/client/Commerce/Layouts/Renderings/TagEditor/TagEditor-Parameters/Tag Editor/Force Lowercase'
16/06/2017-15:19: Updating field 'Type' for item '/sitecore/client/Commerce/Layouts/Renderings/TagEditor/TagEditor-Parameters/Tag Editor/Items'
16/06/2017-15:19: Updating field 'Source' for item '/sitecore/client/Commerce/Layouts/Renderings/TagEditor/TagEditor-Parameters/Tag Editor/Items'
16/06/2017-15:19: Updating field '__Sortorder' for item '/sitecore/client/Commerce/Layouts/Renderings/TagEditor/TagEditor-Parameters/Tag Editor/Items'
16/06/2017-15:19: Updating field 'Type' for item '/sitecore/client/Commerce/Layouts/Renderings/TagEditor/TagEditor-Parameters/Tag Editor/LabelText'
16/06/2017-15:19: Updating field '__Sortorder' for item '/sitecore/client/Commerce/Layouts/Renderings/TagEditor/TagEditor-Parameters/Tag Editor/LabelText'
16/06/2017-15:19: Updating field 'Type' for item '/sitecore/client/Commerce/Layouts/Renderings/TagEditor/TagEditor-Parameters/Tag Editor/Max Length'
16/06/2017-15:19: Updating field '__Sortorder' for item '/sitecore/client/Commerce/Layouts/Renderings/TagEditor/TagEditor-Parameters/Tag Editor/Max Length'
16/06/2017-15:19: Updating field 'Type' for item '/sitecore/client/Commerce/Layouts/Renderings/TagEditor/TagEditor-Parameters/Tag Editor/Max Tags'
16/06/2017-15:19: Updating field 'Type' for item '/sitecore/client/Commerce/Layouts/Renderings/TagEditor/TagEditor-Parameters/Tag Editor/Placeholder'
16/06/2017-15:19: Updating field '__Sortorder' for item '/sitecore/client/Commerce/Layouts/Renderings/TagEditor/TagEditor-Parameters/Tag Editor/Placeholder'
16/06/2017-15:19: Updating field 'Type' for item '/sitecore/client/Commerce/Layouts/Renderings/TagEditor/TagEditor-Parameters/Tag Editor/Remove Duplicates'
16/06/2017-15:19: Updating field '__Sortorder' for item '/sitecore/client/Commerce/Layouts/Renderings/TagEditor/TagEditor-Parameters/Tag Editor/Remove Duplicates'
16/06/2017-15:19: Updating field 'Type' for item '/sitecore/client/Commerce/Layouts/Renderings/TagEditor/TagEditor-Parameters/Tag Editor/TagCssClass'
16/06/2017-15:19: Updating field '__Sortorder' for item '/sitecore/client/Commerce/Layouts/Renderings/TagEditor/TagEditor-Parameters/Tag Editor/TagCssClass'
16/06/2017-15:19: Updating field 'Type' for item '/sitecore/client/Commerce/Layouts/Renderings/TagEditor/TagEditor-Parameters/Tag Editor/Tags'
16/06/2017-15:19: Updating field '__Sortorder' for item '/sitecore/client/Commerce/Layouts/Renderings/TagEditor/TagEditor-Parameters/Tag Editor/Tags'
16/06/2017-15:19: Updating field 'Type' for item '/sitecore/client/Commerce/Layouts/Renderings/TagEditor/TagEditor-Parameters/Tag Editor/TagType'
16/06/2017-15:19: Updating field '__Sortorder' for item '/sitecore/client/Commerce/Layouts/Renderings/TagEditor/TagEditor-Parameters/Tag Editor/TagType'
16/06/2017-15:19: Updating field 'Actions' for item '/sitecore/client/Commerce/Settings/System/Messages/ConcurrencyMessage/Message'
16/06/2017-15:19: Updating field 'Type' for item '/sitecore/client/Commerce/Settings/System/Messages/ConcurrencyMessage/Message'
16/06/2017-15:19: Updating field 'Text.en' for item '/sitecore/client/Commerce/Settings/System/Messages/ConcurrencyMessage/Message'
16/06/2017-15:19: Updating field 'Action' for item '/sitecore/client/Commerce/Settings/System/Messages/ConcurrencyMessage/Message/Refresh'
16/06/2017-15:19: Updating field 'Text.en' for item '/sitecore/client/Commerce/Settings/System/Messages/ConcurrencyMessage/Message/Refresh'
16/06/2017-15:19: Updating field 'ViewName' for item '/sitecore/client/Commerce/Settings/System/UIModules/ViewPropertyLinks/CustomerOrderLink'
16/06/2017-15:19: Updating field 'PropertyName' for item '/sitecore/client/Commerce/Settings/System/UIModules/ViewPropertyLinks/CustomerOrderLink'
16/06/2017-15:19: Updating field 'LinkTarget' for item '/sitecore/client/Commerce/Settings/System/UIModules/ViewPropertyLinks/CustomerOrderLink'
16/06/2017-15:19: Updating field 'ViewName' for item '/sitecore/client/Commerce/Settings/System/UIModules/ViewPropertyLinks/PriceBookCardsNameLink'
16/06/2017-15:19: Updating field 'PropertyName' for item '/sitecore/client/Commerce/Settings/System/UIModules/ViewPropertyLinks/PriceBookCardsNameLink'
16/06/2017-15:19: Updating field 'LinkTarget' for item '/sitecore/client/Commerce/Settings/System/UIModules/ViewPropertyLinks/PriceBookCardsNameLink'
16/06/2017-15:19: Updating field 'ViewName' for item '/sitecore/client/Commerce/Settings/System/UIModules/ViewPropertyLinks/PriceBooksNameLink'
16/06/2017-15:19: Updating field 'PropertyName' for item '/sitecore/client/Commerce/Settings/System/UIModules/ViewPropertyLinks/PriceBooksNameLink'
16/06/2017-15:19: Updating field 'LinkTarget' for item '/sitecore/client/Commerce/Settings/System/UIModules/ViewPropertyLinks/PriceBooksNameLink'
16/06/2017-15:19: Updating field 'ViewName' for item '/sitecore/client/Commerce/Settings/System/UIModules/ViewPropertyLinks/PromotionBookPromotionsLink'
16/06/2017-15:19: Updating field 'PropertyName' for item '/sitecore/client/Commerce/Settings/System/UIModules/ViewPropertyLinks/PromotionBookPromotionsLink'
16/06/2017-15:19: Updating field 'LinkTarget' for item '/sitecore/client/Commerce/Settings/System/UIModules/ViewPropertyLinks/PromotionBookPromotionsLink'
16/06/2017-15:19: Updating field 'ViewName' for item '/sitecore/client/Commerce/Settings/System/UIModules/ViewPropertyLinks/PromotionBooksNameLink'
16/06/2017-15:19: Updating field 'PropertyName' for item '/sitecore/client/Commerce/Settings/System/UIModules/ViewPropertyLinks/PromotionBooksNameLink'
16/06/2017-15:19: Updating field 'LinkTarget' for item '/sitecore/client/Commerce/Settings/System/UIModules/ViewPropertyLinks/PromotionBooksNameLink'
16/06/2017-15:19: Updating field '__Icon' for item '/sitecore/client/Commerce/Templates'
16/06/2017-15:19: Updating field '__Base template' for item '/sitecore/client/Commerce/Templates/Commerce Data Service Settings'
16/06/2017-15:19: Updating field 'Type' for item '/sitecore/client/Commerce/Templates/Commerce Data Service Settings/Settings/DataServiceUrl'
16/06/2017-15:19: Updating field 'Shared' for item '/sitecore/client/Commerce/Templates/Commerce Data Service Settings/Settings/DataServiceUrl'
16/06/2017-15:19: Updating field 'Type' for item '/sitecore/client/Commerce/Templates/Commerce Data Service Settings/Settings/ShopName'
16/06/2017-15:19: Updating field 'Shared' for item '/sitecore/client/Commerce/Templates/Commerce Data Service Settings/Settings/ShopName'
16/06/2017-15:19: Updating field '__Sortorder' for item '/sitecore/client/Commerce/Templates/Commerce Data Service Settings/Settings/ShopName'
16/06/2017-15:19: Updating field '__Base template' for item '/sitecore/client/Commerce/Templates/HelpConfiguration'
16/06/2017-15:19: Updating field '__Standard values' for item '/sitecore/client/Commerce/Templates/HelpConfiguration'
16/06/2017-15:19: Updating field 'Base URL' for item '/sitecore/client/Commerce/Templates/HelpConfiguration/__Standard Values'
16/06/2017-15:19: Updating field 'Locale.en' for item '/sitecore/client/Commerce/Templates/HelpConfiguration/__Standard Values'
16/06/2017-15:19: Updating field 'Type' for item '/sitecore/client/Commerce/Templates/HelpConfiguration/Commerce/Base URL'
16/06/2017-15:19: Updating field 'Shared' for item '/sitecore/client/Commerce/Templates/HelpConfiguration/Commerce/Base URL'
16/06/2017-15:19: Updating field '__Sortorder' for item '/sitecore/client/Commerce/Templates/HelpConfiguration/Commerce/Base URL'
16/06/2017-15:19: Updating field 'Type' for item '/sitecore/client/Commerce/Templates/HelpConfiguration/Commerce/Locale'
16/06/2017-15:19: Updating field '__Sortorder' for item '/sitecore/client/Commerce/Templates/HelpConfiguration/Commerce/Locale'
16/06/2017-15:19: Updating field 'Type' for item '/sitecore/client/Commerce/Templates/HelpConfiguration/Commerce/Page ID'
16/06/2017-15:19: Updating field 'Shared' for item '/sitecore/client/Commerce/Templates/HelpConfiguration/Commerce/Page ID'
16/06/2017-15:19: Updating field '__Sortorder' for item '/sitecore/client/Commerce/Templates/HelpConfiguration/Commerce/Page ID'
16/06/2017-15:19: Updating field 'Type' for item '/sitecore/client/Commerce/Templates/HelpConfiguration/Commerce/Relative URL'
16/06/2017-15:19: Updating field 'Shared' for item '/sitecore/client/Commerce/Templates/HelpConfiguration/Commerce/Relative URL'
16/06/2017-15:19: Updating field '__Sortorder' for item '/sitecore/client/Commerce/Templates/HelpConfiguration/Commerce/Relative URL'
16/06/2017-15:19: Updating field 'Type' for item '/sitecore/client/Commerce/Templates/HelpConfiguration/Commerce/Tab ID'
16/06/2017-15:19: Updating field 'Shared' for item '/sitecore/client/Commerce/Templates/HelpConfiguration/Commerce/Tab ID'
16/06/2017-15:19: Updating field '__Sortorder' for item '/sitecore/client/Commerce/Templates/HelpConfiguration/Commerce/Tab ID'
16/06/2017-15:19: Updating field '__Base template' for item '/sitecore/client/Commerce/Templates/ViewPropertyLink'
16/06/2017-15:19: Updating field 'Type' for item '/sitecore/client/Commerce/Templates/ViewPropertyLink/Commerce/LinkTarget'
16/06/2017-15:19: Updating field 'Shared' for item '/sitecore/client/Commerce/Templates/ViewPropertyLink/Commerce/LinkTarget'
16/06/2017-15:19: Updating field '__Sortorder' for item '/sitecore/client/Commerce/Templates/ViewPropertyLink/Commerce/LinkTarget'
16/06/2017-15:19: Updating field 'Type' for item '/sitecore/client/Commerce/Templates/ViewPropertyLink/Commerce/PropertyName'
16/06/2017-15:19: Updating field 'Shared' for item '/sitecore/client/Commerce/Templates/ViewPropertyLink/Commerce/PropertyName'
16/06/2017-15:19: Updating field '__Sortorder' for item '/sitecore/client/Commerce/Templates/ViewPropertyLink/Commerce/PropertyName'
16/06/2017-15:19: Updating field 'Type' for item '/sitecore/client/Commerce/Templates/ViewPropertyLink/Commerce/ViewName'
16/06/2017-15:19: Updating field 'Shared' for item '/sitecore/client/Commerce/Templates/ViewPropertyLink/Commerce/ViewName'
16/06/2017-15:19: Recursive deploy action is set to ignore
16/06/2017-15:19: TDS PostDeployActions complete.
