12/07/2017-18:54: Starting PostDeployActions
12/07/2017-18:54: Updating field 'Selected Catalogs' for item '/sitecore/Commerce/Catalog Management/Catalogs'
12/07/2017-18:54: Updating field 'Catalog' for item '/sitecore/Commerce/Settings/Catalog/Default Catalog'
12/07/2017-18:54: Updating field 'Path' for item '/sitecore/layout/Layouts/Commerce Layout Blank'
12/07/2017-18:54: Updating field 'Type' for item '/sitecore/system/Settings/Buckets/Facets/Commerce Product Colour'
12/07/2017-18:54: Updating field 'Parameters' for item '/sitecore/system/Settings/Buckets/Facets/Commerce Product Colour'
12/07/2017-18:54: Updating field 'Enabled' for item '/sitecore/system/Settings/Buckets/Facets/Commerce Product Colour'
12/07/2017-18:54: Updating field 'Client Side Handle' for item '/sitecore/system/Settings/Buckets/Facets/Commerce Product Colour'
12/07/2017-18:54: Updating field 'Global' for item '/sitecore/system/Settings/Buckets/Facets/Commerce Product Colour'
12/07/2017-18:54: Updating field '__Icon' for item '/sitecore/system/Settings/Buckets/Facets/Commerce Product Colour'
12/07/2017-18:54: Updating field 'Name.en' for item '/sitecore/system/Settings/Buckets/Facets/Commerce Product Colour'
12/07/2017-18:54: Updating field 'DisplayName.en' for item '/sitecore/system/Settings/Buckets/Facets/Commerce Product Colour'
12/07/2017-18:54: Updating field 'Type' for item '/sitecore/system/Settings/Buckets/Facets/Commerce Product Size'
12/07/2017-18:54: Updating field 'Parameters' for item '/sitecore/system/Settings/Buckets/Facets/Commerce Product Size'
12/07/2017-18:54: Updating field 'Enabled' for item '/sitecore/system/Settings/Buckets/Facets/Commerce Product Size'
12/07/2017-18:54: Updating field 'Client Side Handle' for item '/sitecore/system/Settings/Buckets/Facets/Commerce Product Size'
12/07/2017-18:54: Updating field 'Global' for item '/sitecore/system/Settings/Buckets/Facets/Commerce Product Size'
12/07/2017-18:54: Updating field '__Icon' for item '/sitecore/system/Settings/Buckets/Facets/Commerce Product Size'
12/07/2017-18:54: Updating field 'Name.en' for item '/sitecore/system/Settings/Buckets/Facets/Commerce Product Size'
12/07/2017-18:54: Updating field 'DisplayName.en' for item '/sitecore/system/Settings/Buckets/Facets/Commerce Product Size'
12/07/2017-18:54: Updating field '__Renderings' for item '/sitecore/templates/Commerce/Catalog/Commerce Category/__Standard Values'
12/07/2017-18:54: Updating field 'Runtime Search Facets' for item '/sitecore/templates/Commerce/Catalog/Commerce Category/__Standard Values'
12/07/2017-18:54: Updating field '__Renderings' for item '/sitecore/templates/Commerce/Catalog/Commerce Dynamic Category/__Standard Values'
12/07/2017-18:54: Updating field '__Renderings' for item '/sitecore/templates/Commerce/Catalog/Commerce Product/__Standard Values'
12/07/2017-18:54: Updating field 'Items Per Page' for item '/sitecore/templates/Commerce/Catalog/CommerceSearchSettings/__Standard Values'
12/07/2017-18:54: Recursive deploy action is set to ignore
12/07/2017-18:54: TDS PostDeployActions complete.
