12/07/2017-18:56: Starting PostDeployActions
12/07/2017-18:56: Updating field 'Selected Catalogs' for item '/sitecore/Commerce/Catalog Management/Catalogs'
12/07/2017-18:56: Updating field 'Catalog' for item '/sitecore/Commerce/Settings/Catalog/Default Catalog'
12/07/2017-18:56: Updating field 'Named Searches.en' for item '/sitecore/content/Storefront/Global/Product Search Lists/Recommended Products'
12/07/2017-18:56: Updating field 'QuickLinks.de-DE' for item '/sitecore/content/Storefront/Global/QuickLinks/Account information'
12/07/2017-18:56: Updating field 'QuickLinks.en' for item '/sitecore/content/Storefront/Global/QuickLinks/Account information'
12/07/2017-18:56: Updating field 'QuickLinks.fr-FR' for item '/sitecore/content/Storefront/Global/QuickLinks/Account information'
12/07/2017-18:56: Updating field 'QuickLinks.ja-JP' for item '/sitecore/content/Storefront/Global/QuickLinks/Account information'
12/07/2017-18:56: Updating field 'QuickLinks.de-DE' for item '/sitecore/content/Storefront/Global/QuickLinks/Site options'
12/07/2017-18:56: Updating field 'QuickLinks.en' for item '/sitecore/content/Storefront/Global/QuickLinks/Site options'
12/07/2017-18:56: Updating field 'QuickLinks.fr-FR' for item '/sitecore/content/Storefront/Global/QuickLinks/Site options'
12/07/2017-18:56: Updating field 'QuickLinks.ja-JP' for item '/sitecore/content/Storefront/Global/QuickLinks/Site options'
12/07/2017-18:56: Updating field 'QuickLinks.de-DE' for item '/sitecore/content/Storefront/Global/QuickLinks/TopBarLinks'
12/07/2017-18:56: Updating field 'QuickLinks.en' for item '/sitecore/content/Storefront/Global/QuickLinks/TopBarLinks'
12/07/2017-18:56: Updating field 'QuickLinks.fr-FR' for item '/sitecore/content/Storefront/Global/QuickLinks/TopBarLinks'
12/07/2017-18:56: Updating field 'QuickLinks.ja-JP' for item '/sitecore/content/Storefront/Global/QuickLinks/TopBarLinks'
12/07/2017-18:56: Updating field 'Catalogs' for item '/sitecore/content/Storefront/Home'
12/07/2017-18:56: Updating field 'Category Images' for item '/sitecore/content/Storefront/Home'
12/07/2017-18:56: Updating field 'Default Currency' for item '/sitecore/content/Storefront/Home'
12/07/2017-18:56: Updating field 'Default Image' for item '/sitecore/content/Storefront/Home'
12/07/2017-18:56: Updating field 'DefaultProductId' for item '/sitecore/content/Storefront/Home'
12/07/2017-18:56: Updating field 'GiftCardProductId' for item '/sitecore/content/Storefront/Home'
12/07/2017-18:56: Updating field 'Max Number of Addresses' for item '/sitecore/content/Storefront/Home'
12/07/2017-18:56: Updating field 'OperatingUnitNumber' for item '/sitecore/content/Storefront/Home'
12/07/2017-18:56: Updating field 'Product Images' for item '/sitecore/content/Storefront/Home'
12/07/2017-18:56: Updating field 'CategoryDatasource' for item '/sitecore/content/Storefront/Home/Product catalog'
12/07/2017-18:56: Updating field '__Base template' for item '/sitecore/templates/Storefront/Page Templates/Home'
12/07/2017-18:56: Recursive deploy action is set to ignore
12/07/2017-18:56: TDS PostDeployActions complete.
