16/06/2017-15:43: Starting PostDeployActions
16/06/2017-15:43: Updating field 'Selected Catalogs' for item '/sitecore/Commerce/Catalog Management/Catalogs'
16/06/2017-15:43: Updating field 'Catalog' for item '/sitecore/Commerce/Settings/Catalog/Default Catalog'
16/06/2017-15:43: Updating field 'Named Searches.en' for item '/sitecore/content/Storefront/Global/Product Search Lists/Recommended Products'
16/06/2017-15:43: Updating field 'QuickLinks.de-DE' for item '/sitecore/content/Storefront/Global/QuickLinks/Account information'
16/06/2017-15:43: Updating field 'QuickLinks.en' for item '/sitecore/content/Storefront/Global/QuickLinks/Account information'
16/06/2017-15:43: Updating field 'QuickLinks.fr-FR' for item '/sitecore/content/Storefront/Global/QuickLinks/Account information'
16/06/2017-15:43: Updating field 'QuickLinks.ja-JP' for item '/sitecore/content/Storefront/Global/QuickLinks/Account information'
16/06/2017-15:43: Updating field 'QuickLinks.de-DE' for item '/sitecore/content/Storefront/Global/QuickLinks/Site options'
16/06/2017-15:43: Updating field 'QuickLinks.en' for item '/sitecore/content/Storefront/Global/QuickLinks/Site options'
16/06/2017-15:43: Updating field 'QuickLinks.fr-FR' for item '/sitecore/content/Storefront/Global/QuickLinks/Site options'
16/06/2017-15:43: Updating field 'QuickLinks.ja-JP' for item '/sitecore/content/Storefront/Global/QuickLinks/Site options'
16/06/2017-15:43: Updating field 'QuickLinks.de-DE' for item '/sitecore/content/Storefront/Global/QuickLinks/TopBarLinks'
16/06/2017-15:43: Updating field 'QuickLinks.en' for item '/sitecore/content/Storefront/Global/QuickLinks/TopBarLinks'
16/06/2017-15:43: Updating field 'QuickLinks.fr-FR' for item '/sitecore/content/Storefront/Global/QuickLinks/TopBarLinks'
16/06/2017-15:43: Updating field 'QuickLinks.ja-JP' for item '/sitecore/content/Storefront/Global/QuickLinks/TopBarLinks'
16/06/2017-15:43: Updating field 'Catalogs' for item '/sitecore/content/Storefront/Home'
16/06/2017-15:43: Updating field 'Category Images' for item '/sitecore/content/Storefront/Home'
16/06/2017-15:43: Updating field 'Default Currency' for item '/sitecore/content/Storefront/Home'
16/06/2017-15:43: Updating field 'Default Image' for item '/sitecore/content/Storefront/Home'
16/06/2017-15:43: Updating field 'DefaultProductId' for item '/sitecore/content/Storefront/Home'
16/06/2017-15:43: Updating field 'GiftCardProductId' for item '/sitecore/content/Storefront/Home'
16/06/2017-15:43: Updating field 'Max Number of Addresses' for item '/sitecore/content/Storefront/Home'
16/06/2017-15:43: Updating field 'OperatingUnitNumber' for item '/sitecore/content/Storefront/Home'
16/06/2017-15:43: Updating field 'Product Images' for item '/sitecore/content/Storefront/Home'
16/06/2017-15:43: Updating field 'CategoryDatasource' for item '/sitecore/content/Storefront/Home/Product catalog'
16/06/2017-15:43: Updating field '__Base template' for item '/sitecore/templates/Storefront/Page Templates/Home'
16/06/2017-15:43: Recursive deploy action is set to ignore
16/06/2017-15:43: TDS PostDeployActions complete.
