22/06/2017-13:58: Starting PostDeployActions
22/06/2017-13:58: Updating field 'Selected Catalogs' for item '/sitecore/Commerce/Catalog Management/Catalogs'
22/06/2017-13:58: Updating field 'Catalog' for item '/sitecore/Commerce/Settings/Catalog/Default Catalog'
22/06/2017-13:58: Updating field 'Named Searches.en' for item '/sitecore/content/Storefront/Global/Product Search Lists/Recommended Products'
22/06/2017-13:58: Updating field 'QuickLinks.de-DE' for item '/sitecore/content/Storefront/Global/QuickLinks/Account information'
22/06/2017-13:58: Updating field 'QuickLinks.en' for item '/sitecore/content/Storefront/Global/QuickLinks/Account information'
22/06/2017-13:58: Updating field 'QuickLinks.fr-FR' for item '/sitecore/content/Storefront/Global/QuickLinks/Account information'
22/06/2017-13:58: Updating field 'QuickLinks.ja-JP' for item '/sitecore/content/Storefront/Global/QuickLinks/Account information'
22/06/2017-13:58: Updating field 'QuickLinks.de-DE' for item '/sitecore/content/Storefront/Global/QuickLinks/Site options'
22/06/2017-13:58: Updating field 'QuickLinks.en' for item '/sitecore/content/Storefront/Global/QuickLinks/Site options'
22/06/2017-13:58: Updating field 'QuickLinks.fr-FR' for item '/sitecore/content/Storefront/Global/QuickLinks/Site options'
22/06/2017-13:58: Updating field 'QuickLinks.ja-JP' for item '/sitecore/content/Storefront/Global/QuickLinks/Site options'
22/06/2017-13:58: Updating field 'QuickLinks.de-DE' for item '/sitecore/content/Storefront/Global/QuickLinks/TopBarLinks'
22/06/2017-13:58: Updating field 'QuickLinks.en' for item '/sitecore/content/Storefront/Global/QuickLinks/TopBarLinks'
22/06/2017-13:58: Updating field 'QuickLinks.fr-FR' for item '/sitecore/content/Storefront/Global/QuickLinks/TopBarLinks'
22/06/2017-13:58: Updating field 'QuickLinks.ja-JP' for item '/sitecore/content/Storefront/Global/QuickLinks/TopBarLinks'
22/06/2017-13:58: Updating field 'Catalogs' for item '/sitecore/content/Storefront/Home'
22/06/2017-13:58: Updating field 'Category Images' for item '/sitecore/content/Storefront/Home'
22/06/2017-13:58: Updating field 'Default Currency' for item '/sitecore/content/Storefront/Home'
22/06/2017-13:58: Updating field 'Default Image' for item '/sitecore/content/Storefront/Home'
22/06/2017-13:58: Updating field 'DefaultProductId' for item '/sitecore/content/Storefront/Home'
22/06/2017-13:58: Updating field 'GiftCardProductId' for item '/sitecore/content/Storefront/Home'
22/06/2017-13:58: Updating field 'Max Number of Addresses' for item '/sitecore/content/Storefront/Home'
22/06/2017-13:58: Updating field 'OperatingUnitNumber' for item '/sitecore/content/Storefront/Home'
22/06/2017-13:58: Updating field 'Product Images' for item '/sitecore/content/Storefront/Home'
22/06/2017-13:58: Updating field 'CategoryDatasource' for item '/sitecore/content/Storefront/Home/Product catalog'
22/06/2017-13:58: Updating field '__Base template' for item '/sitecore/templates/Storefront/Page Templates/Home'
22/06/2017-13:58: Recursive deploy action is set to ignore
22/06/2017-13:58: TDS PostDeployActions complete.
