16/06/2017-15:41: Starting PostDeployActions
16/06/2017-15:41: Updating field 'Selected Catalogs' for item '/sitecore/Commerce/Catalog Management/Catalogs'
16/06/2017-15:41: Updating field 'Catalog' for item '/sitecore/Commerce/Settings/Catalog/Default Catalog'
16/06/2017-15:41: Updating field 'Path' for item '/sitecore/layout/Layouts/Commerce Layout Blank'
16/06/2017-15:41: Updating field 'Type' for item '/sitecore/system/Settings/Buckets/Facets/Commerce Product Colour'
16/06/2017-15:41: Updating field 'Parameters' for item '/sitecore/system/Settings/Buckets/Facets/Commerce Product Colour'
16/06/2017-15:41: Updating field 'Enabled' for item '/sitecore/system/Settings/Buckets/Facets/Commerce Product Colour'
16/06/2017-15:41: Updating field 'Client Side Handle' for item '/sitecore/system/Settings/Buckets/Facets/Commerce Product Colour'
16/06/2017-15:41: Updating field 'Global' for item '/sitecore/system/Settings/Buckets/Facets/Commerce Product Colour'
16/06/2017-15:41: Updating field '__Icon' for item '/sitecore/system/Settings/Buckets/Facets/Commerce Product Colour'
16/06/2017-15:41: Updating field 'Name.en' for item '/sitecore/system/Settings/Buckets/Facets/Commerce Product Colour'
16/06/2017-15:41: Updating field 'DisplayName.en' for item '/sitecore/system/Settings/Buckets/Facets/Commerce Product Colour'
16/06/2017-15:41: Updating field 'Type' for item '/sitecore/system/Settings/Buckets/Facets/Commerce Product Size'
16/06/2017-15:41: Updating field 'Parameters' for item '/sitecore/system/Settings/Buckets/Facets/Commerce Product Size'
16/06/2017-15:41: Updating field 'Enabled' for item '/sitecore/system/Settings/Buckets/Facets/Commerce Product Size'
16/06/2017-15:41: Updating field 'Client Side Handle' for item '/sitecore/system/Settings/Buckets/Facets/Commerce Product Size'
16/06/2017-15:41: Updating field 'Global' for item '/sitecore/system/Settings/Buckets/Facets/Commerce Product Size'
16/06/2017-15:41: Updating field '__Icon' for item '/sitecore/system/Settings/Buckets/Facets/Commerce Product Size'
16/06/2017-15:41: Updating field 'Name.en' for item '/sitecore/system/Settings/Buckets/Facets/Commerce Product Size'
16/06/2017-15:41: Updating field 'DisplayName.en' for item '/sitecore/system/Settings/Buckets/Facets/Commerce Product Size'
16/06/2017-15:41: Updating field '__Renderings' for item '/sitecore/templates/Commerce/Catalog/Commerce Category/__Standard Values'
16/06/2017-15:41: Updating field 'Runtime Search Facets' for item '/sitecore/templates/Commerce/Catalog/Commerce Category/__Standard Values'
16/06/2017-15:41: Updating field '__Renderings' for item '/sitecore/templates/Commerce/Catalog/Commerce Dynamic Category/__Standard Values'
16/06/2017-15:41: Updating field '__Renderings' for item '/sitecore/templates/Commerce/Catalog/Commerce Product/__Standard Values'
16/06/2017-15:41: Updating field 'Items Per Page' for item '/sitecore/templates/Commerce/Catalog/CommerceSearchSettings/__Standard Values'
16/06/2017-15:41: Recursive deploy action is set to ignore
16/06/2017-15:41: TDS PostDeployActions complete.
