16/06/2017-15:30: Starting PostDeployActions
16/06/2017-15:30: Updating field '__Hidden' for item '/sitecore/client'
16/06/2017-15:30: Updating field '__Icon' for item '/sitecore/client'
16/06/2017-15:30: Updating field '__Sortorder' for item '/sitecore/client'
16/06/2017-15:30: Updating field '__Never publish' for item '/sitecore/client'
16/06/2017-15:30: Updating field '__Security' for item '/sitecore/client'
16/06/2017-15:30: Updating field '__Display name.en' for item '/sitecore/client'
16/06/2017-15:30: Updating field '__Icon' for item '/sitecore/client/Applications'
16/06/2017-15:30: Updating field '__Sortorder' for item '/sitecore/client/Applications'
16/06/2017-15:30: Updating field '__Security' for item '/sitecore/client/Applications/CustomerOrderManager'
16/06/2017-15:30: Updating field 'Theme' for item '/sitecore/client/Applications/CustomerOrderManager/Customer'
16/06/2017-15:30: Updating field 'UseFullWidth' for item '/sitecore/client/Applications/CustomerOrderManager/Customer'
16/06/2017-15:30: Updating field '__Renderings' for item '/sitecore/client/Applications/CustomerOrderManager/Customer'
16/06/2017-15:30: Updating field 'BrowserTitle.en' for item '/sitecore/client/Applications/CustomerOrderManager/Customer'
16/06/2017-15:30: Updating field '__Sortorder' for item '/sitecore/client/Applications/CustomerOrderManager/Customer/PageSettings/Buttons'
16/06/2017-15:30: Updating field '__Sortorder' for item '/sitecore/client/Applications/CustomerOrderManager/Customer/PageSettings/Buttons/BackButton Parameters'
16/06/2017-15:30: Updating field 'Text.en' for item '/sitecore/client/Applications/CustomerOrderManager/Customer/PageSettings/Buttons/BackButton Parameters'
16/06/2017-15:30: Updating field 'ButtonType' for item '/sitecore/client/Applications/CustomerOrderManager/Customer/PageSettings/Buttons/CustomerDetails Button Parameters'
16/06/2017-15:30: Updating field 'Tooltip.en' for item '/sitecore/client/Applications/CustomerOrderManager/Customer/PageSettings/Buttons/CustomerDetails Button Parameters'
16/06/2017-15:30: Updating field 'Text.en' for item '/sitecore/client/Applications/CustomerOrderManager/Customer/PageSettings/Buttons/CustomerDetails Button Parameters'
16/06/2017-15:30: Updating field 'IconType' for item '/sitecore/client/Applications/CustomerOrderManager/Customer/PageSettings/ConfirmActionDialog'
16/06/2017-15:30: Updating field 'HeaderText.en' for item '/sitecore/client/Applications/CustomerOrderManager/Customer/PageSettings/ConfirmActionDialog'
16/06/2017-15:30: Updating field 'Title.en' for item '/sitecore/client/Applications/CustomerOrderManager/Customer/PageSettings/ConfirmActionDialog'
16/06/2017-15:30: Updating field 'Message.en' for item '/sitecore/client/Applications/CustomerOrderManager/Customer/PageSettings/ConfirmActionDialog'
16/06/2017-15:30: Updating field 'ButtonSet.en' for item '/sitecore/client/Applications/CustomerOrderManager/Customer/PageSettings/ConfirmActionDialog'
16/06/2017-15:30: Updating field 'TabVisualStyle' for item '/sitecore/client/Applications/CustomerOrderManager/Customer/PageSettings/CustomerTabControl'
16/06/2017-15:30: Updating field 'IsVisible' for item '/sitecore/client/Applications/CustomerOrderManager/Customer/PageSettings/CustomerTabControl'
16/06/2017-15:30: Updating field '__Sortorder' for item '/sitecore/client/Applications/CustomerOrderManager/Customer/PageSettings/CustomerTabControl'
16/06/2017-15:30: Updating field 'Tooltip.en' for item '/sitecore/client/Applications/CustomerOrderManager/Customer/PageSettings/CustomerTabControl'
16/06/2017-15:30: Updating field 'IsLazyLoaded' for item '/sitecore/client/Applications/CustomerOrderManager/Customer/PageSettings/CustomerTabControl/Details'
16/06/2017-15:30: Updating field 'IsSubAppRegistered' for item '/sitecore/client/Applications/CustomerOrderManager/Customer/PageSettings/CustomerTabControl/Details'
16/06/2017-15:30: Updating field '__Sortorder' for item '/sitecore/client/Applications/CustomerOrderManager/Customer/PageSettings/CustomerTabControl/Details'
16/06/2017-15:30: Updating field '__Renderings' for item '/sitecore/client/Applications/CustomerOrderManager/Customer/PageSettings/CustomerTabControl/Details'
16/06/2017-15:30: Updating field 'Header.en' for item '/sitecore/client/Applications/CustomerOrderManager/Customer/PageSettings/CustomerTabControl/Details'
16/06/2017-15:30: Updating field 'Tooltip.en' for item '/sitecore/client/Applications/CustomerOrderManager/Customer/PageSettings/CustomerTabControl/Details'
16/06/2017-15:30: Updating field 'Text.en' for item '/sitecore/client/Applications/CustomerOrderManager/Customer/PageSettings/CustomerTabControl/Details/PageSettings/CustomersGlobalActionControl/ActionColumn/ActionGroup'
16/06/2017-15:30: Updating field 'Text.en' for item '/sitecore/client/Applications/CustomerOrderManager/Customer/PageSettings/CustomerTabControl/Details/PageSettings/GlobalActions/GlobalActionColumn/GlobalActionGroup'
16/06/2017-15:30: Updating field 'IsVisible' for item '/sitecore/client/Applications/CustomerOrderManager/Customer/PageSettings/GeneralErrorMessage'
16/06/2017-15:30: Updating field 'HasNotificationMessages' for item '/sitecore/client/Applications/CustomerOrderManager/Customer/PageSettings/GeneralErrorMessage'
16/06/2017-15:30: Updating field '__Sortorder' for item '/sitecore/client/Applications/CustomerOrderManager/Customer/PageSettings/GeneralErrorMessage'
16/06/2017-15:30: Updating field 'Type' for item '/sitecore/client/Applications/CustomerOrderManager/Customer/PageSettings/GeneralErrorMessage/ErrorMessage'
16/06/2017-15:30: Updating field 'IsClosable' for item '/sitecore/client/Applications/CustomerOrderManager/Customer/PageSettings/GeneralErrorMessage/ErrorMessage'
16/06/2017-15:30: Updating field 'IsTemporary' for item '/sitecore/client/Applications/CustomerOrderManager/Customer/PageSettings/GeneralErrorMessage/ErrorMessage'
16/06/2017-15:30: Updating field 'Text.en' for item '/sitecore/client/Applications/CustomerOrderManager/Customer/PageSettings/GeneralErrorMessage/ErrorMessage'
16/06/2017-15:30: Updating field 'Text.en' for item '/sitecore/client/Applications/CustomerOrderManager/Customer/PageSettings/HeaderTitle'
16/06/2017-15:30: Updating field '__Display name.en' for item '/sitecore/client/Applications/CustomerOrderManager/Customer/PageSettings/HeaderTitle'
16/06/2017-15:30: Updating field 'Stylesheet' for item '/sitecore/client/Applications/CustomerOrderManager/Customer/PageSettings/Page-Stylesheet-File'
16/06/2017-15:30: Updating field '__Sortorder' for item '/sitecore/client/Applications/CustomerOrderManager/Customer/PageSettings/Page-Stylesheet-File'
16/06/2017-15:30: Updating field 'IsVisible' for item '/sitecore/client/Applications/CustomerOrderManager/Customer/PageSettings/SuccessMessage'
16/06/2017-15:30: Updating field 'HasNotificationMessages' for item '/sitecore/client/Applications/CustomerOrderManager/Customer/PageSettings/SuccessMessage'
16/06/2017-15:30: Updating field '__Sortorder' for item '/sitecore/client/Applications/CustomerOrderManager/Customer/PageSettings/SuccessMessage'
16/06/2017-15:30: Updating field 'Type' for item '/sitecore/client/Applications/CustomerOrderManager/Customer/PageSettings/SuccessMessage/SaveSucceeded'
16/06/2017-15:30: Updating field 'IsTemporary' for item '/sitecore/client/Applications/CustomerOrderManager/Customer/PageSettings/SuccessMessage/SaveSucceeded'
16/06/2017-15:30: Updating field 'Text.en' for item '/sitecore/client/Applications/CustomerOrderManager/Customer/PageSettings/SuccessMessage/SaveSucceeded'
16/06/2017-15:30: Updating field '__Sortorder' for item '/sitecore/client/Applications/CustomerOrderManager/Customer/PageSettings/Text'
16/06/2017-15:30: Updating field 'Theme' for item '/sitecore/client/Applications/CustomerOrderManager/Order'
16/06/2017-15:30: Updating field 'UseFullWidth' for item '/sitecore/client/Applications/CustomerOrderManager/Order'
16/06/2017-15:30: Updating field '__Renderings' for item '/sitecore/client/Applications/CustomerOrderManager/Order'
16/06/2017-15:30: Updating field 'BrowserTitle.en' for item '/sitecore/client/Applications/CustomerOrderManager/Order'
16/06/2017-15:30: Updating field 'IconType' for item '/sitecore/client/Applications/CustomerOrderManager/Order/PageSettings/ConfirmActionDialog'
16/06/2017-15:30: Updating field 'HeaderText.en' for item '/sitecore/client/Applications/CustomerOrderManager/Order/PageSettings/ConfirmActionDialog'
16/06/2017-15:30: Updating field 'Title.en' for item '/sitecore/client/Applications/CustomerOrderManager/Order/PageSettings/ConfirmActionDialog'
16/06/2017-15:30: Updating field 'Message.en' for item '/sitecore/client/Applications/CustomerOrderManager/Order/PageSettings/ConfirmActionDialog'
16/06/2017-15:30: Updating field 'ButtonSet.en' for item '/sitecore/client/Applications/CustomerOrderManager/Order/PageSettings/ConfirmActionDialog'
16/06/2017-15:30: Updating field 'IsVisible' for item '/sitecore/client/Applications/CustomerOrderManager/Order/PageSettings/GeneralErrorMessage'
16/06/2017-15:30: Updating field 'HasNotificationMessages' for item '/sitecore/client/Applications/CustomerOrderManager/Order/PageSettings/GeneralErrorMessage'
16/06/2017-15:30: Updating field '__Sortorder' for item '/sitecore/client/Applications/CustomerOrderManager/Order/PageSettings/GeneralErrorMessage'
16/06/2017-15:30: Updating field 'Type' for item '/sitecore/client/Applications/CustomerOrderManager/Order/PageSettings/GeneralErrorMessage/ErrorMessage'
16/06/2017-15:30: Updating field 'IsClosable' for item '/sitecore/client/Applications/CustomerOrderManager/Order/PageSettings/GeneralErrorMessage/ErrorMessage'
16/06/2017-15:30: Updating field 'IsTemporary' for item '/sitecore/client/Applications/CustomerOrderManager/Order/PageSettings/GeneralErrorMessage/ErrorMessage'
16/06/2017-15:30: Updating field 'Text.en' for item '/sitecore/client/Applications/CustomerOrderManager/Order/PageSettings/GeneralErrorMessage/ErrorMessage'
16/06/2017-15:30: Updating field 'Text.en' for item '/sitecore/client/Applications/CustomerOrderManager/Order/PageSettings/GlobalActionsControl'
16/06/2017-15:30: Updating field 'TabVisualStyle' for item '/sitecore/client/Applications/CustomerOrderManager/Order/PageSettings/OrderTabControl'
16/06/2017-15:30: Updating field 'IsVisible' for item '/sitecore/client/Applications/CustomerOrderManager/Order/PageSettings/OrderTabControl'
16/06/2017-15:30: Updating field 'Tooltip.en' for item '/sitecore/client/Applications/CustomerOrderManager/Order/PageSettings/OrderTabControl'
16/06/2017-15:30: Updating field 'IsSubAppRegistered' for item '/sitecore/client/Applications/CustomerOrderManager/Order/PageSettings/OrderTabControl/Details'
16/06/2017-15:30: Updating field '__Sortorder' for item '/sitecore/client/Applications/CustomerOrderManager/Order/PageSettings/OrderTabControl/Details'
16/06/2017-15:30: Updating field '__Renderings' for item '/sitecore/client/Applications/CustomerOrderManager/Order/PageSettings/OrderTabControl/Details'
16/06/2017-15:30: Updating field 'Header.en' for item '/sitecore/client/Applications/CustomerOrderManager/Order/PageSettings/OrderTabControl/Details'
16/06/2017-15:30: Updating field 'Tooltip.en' for item '/sitecore/client/Applications/CustomerOrderManager/Order/PageSettings/OrderTabControl/Details'
16/06/2017-15:30: Updating field '__Display name.en' for item '/sitecore/client/Applications/CustomerOrderManager/Order/PageSettings/OrderTabControl/Details'
16/06/2017-15:30: Updating field 'Text.en' for item '/sitecore/client/Applications/CustomerOrderManager/Order/PageSettings/OrderTabControl/Details/PageSettings/GlobalActions/GlobalActionColumn/GlobalActionsGroup'
16/06/2017-15:30: Updating field 'HeaderText.en' for item '/sitecore/client/Applications/CustomerOrderManager/Order/PageSettings/OrderTabControl/Details/PageSettings/OrderInformation'
16/06/2017-15:30: Updating field 'IsSubAppRegistered' for item '/sitecore/client/Applications/CustomerOrderManager/Order/PageSettings/OrderTabControl/Line Items'
16/06/2017-15:30: Updating field '__Sortorder' for item '/sitecore/client/Applications/CustomerOrderManager/Order/PageSettings/OrderTabControl/Line Items'
16/06/2017-15:30: Updating field '__Renderings' for item '/sitecore/client/Applications/CustomerOrderManager/Order/PageSettings/OrderTabControl/Line Items'
16/06/2017-15:30: Updating field 'Header.en' for item '/sitecore/client/Applications/CustomerOrderManager/Order/PageSettings/OrderTabControl/Line Items'
16/06/2017-15:30: Updating field 'Tooltip.en' for item '/sitecore/client/Applications/CustomerOrderManager/Order/PageSettings/OrderTabControl/Line Items'
16/06/2017-15:30: Updating field '__Display name.en' for item '/sitecore/client/Applications/CustomerOrderManager/Order/PageSettings/OrderTabControl/Line Items'
16/06/2017-15:30: Updating field 'Text.en' for item '/sitecore/client/Applications/CustomerOrderManager/Order/PageSettings/OrderTabControl/Line Items/PageSettings/LineItemsActionControl/ActionColumn/ActionGroup'
16/06/2017-15:30: Updating field 'ValueFieldName' for item '/sitecore/client/Applications/CustomerOrderManager/Order/PageSettings/OrderTabControl/Line Items/PageSettings/LineItemsList'
16/06/2017-15:30: Updating field 'IsSelectionRequired' for item '/sitecore/client/Applications/CustomerOrderManager/Order/PageSettings/OrderTabControl/Line Items/PageSettings/LineItemsList'
16/06/2017-15:30: Updating field 'DataFieldName' for item '/sitecore/client/Applications/CustomerOrderManager/Order/PageSettings/OrderTabControl/Line Items/PageSettings/LineItemsList/Description'
16/06/2017-15:30: Updating field '__Sortorder' for item '/sitecore/client/Applications/CustomerOrderManager/Order/PageSettings/OrderTabControl/Line Items/PageSettings/LineItemsList/Description'
16/06/2017-15:30: Updating field 'ColumnTitle.en' for item '/sitecore/client/Applications/CustomerOrderManager/Order/PageSettings/OrderTabControl/Line Items/PageSettings/LineItemsList/Description'
16/06/2017-15:30: Updating field 'DataFieldName' for item '/sitecore/client/Applications/CustomerOrderManager/Order/PageSettings/OrderTabControl/Line Items/PageSettings/LineItemsList/Display Name'
16/06/2017-15:30: Updating field '__Sortorder' for item '/sitecore/client/Applications/CustomerOrderManager/Order/PageSettings/OrderTabControl/Line Items/PageSettings/LineItemsList/Display Name'
16/06/2017-15:30: Updating field 'ColumnTitle.en' for item '/sitecore/client/Applications/CustomerOrderManager/Order/PageSettings/OrderTabControl/Line Items/PageSettings/LineItemsList/Display Name'
16/06/2017-15:30: Updating field 'DataFieldName' for item '/sitecore/client/Applications/CustomerOrderManager/Order/PageSettings/OrderTabControl/Line Items/PageSettings/LineItemsList/Line Total'
16/06/2017-15:30: Updating field '__Sortorder' for item '/sitecore/client/Applications/CustomerOrderManager/Order/PageSettings/OrderTabControl/Line Items/PageSettings/LineItemsList/Line Total'
16/06/2017-15:30: Updating field 'ColumnTitle.en' for item '/sitecore/client/Applications/CustomerOrderManager/Order/PageSettings/OrderTabControl/Line Items/PageSettings/LineItemsList/Line Total'
16/06/2017-15:30: Updating field 'DataFieldName' for item '/sitecore/client/Applications/CustomerOrderManager/Order/PageSettings/OrderTabControl/Line Items/PageSettings/LineItemsList/Quantity'
16/06/2017-15:30: Updating field 'ColumnTitle.en' for item '/sitecore/client/Applications/CustomerOrderManager/Order/PageSettings/OrderTabControl/Line Items/PageSettings/LineItemsList/Quantity'
16/06/2017-15:30: Updating field 'DataFieldName' for item '/sitecore/client/Applications/CustomerOrderManager/Order/PageSettings/OrderTabControl/Line Items/PageSettings/LineItemsList/SKU'
16/06/2017-15:30: Updating field '__Sortorder' for item '/sitecore/client/Applications/CustomerOrderManager/Order/PageSettings/OrderTabControl/Line Items/PageSettings/LineItemsList/SKU'
16/06/2017-15:30: Updating field 'ColumnTitle.en' for item '/sitecore/client/Applications/CustomerOrderManager/Order/PageSettings/OrderTabControl/Line Items/PageSettings/LineItemsList/SKU'
16/06/2017-15:30: Updating field 'AltFieldName' for item '/sitecore/client/Applications/CustomerOrderManager/Order/PageSettings/OrderTabControl/Line Items/PageSettings/LineItemsList/Thumbnail'
16/06/2017-15:30: Updating field 'ImageFieldName' for item '/sitecore/client/Applications/CustomerOrderManager/Order/PageSettings/OrderTabControl/Line Items/PageSettings/LineItemsList/Thumbnail'
16/06/2017-15:30: Updating field '__Sortorder' for item '/sitecore/client/Applications/CustomerOrderManager/Order/PageSettings/OrderTabControl/Line Items/PageSettings/LineItemsList/Thumbnail'
16/06/2017-15:30: Updating field 'ColumnTitle.en' for item '/sitecore/client/Applications/CustomerOrderManager/Order/PageSettings/OrderTabControl/Line Items/PageSettings/LineItemsList/Thumbnail'
16/06/2017-15:30: Updating field 'Stylesheet' for item '/sitecore/client/Applications/CustomerOrderManager/Order/PageSettings/Page-Stylesheet-File'
16/06/2017-15:30: Updating field 'IsVisible' for item '/sitecore/client/Applications/CustomerOrderManager/Order/PageSettings/SuccessMessage'
16/06/2017-15:30: Updating field 'Type' for item '/sitecore/client/Applications/CustomerOrderManager/Order/PageSettings/SuccessMessage/ActionSucceeded'
16/06/2017-15:30: Updating field 'Text.en' for item '/sitecore/client/Applications/CustomerOrderManager/Order/PageSettings/SuccessMessage/ActionSucceeded'
16/06/2017-15:30: Updating field 'SpeakCoreVersion' for item '/sitecore/client/Applications/CustomerOrderManager/Renderings'
16/06/2017-15:30: Updating field 'Theme' for item '/sitecore/client/Applications/CustomerOrderManager/Search'
16/06/2017-15:30: Updating field 'UseFullWidth' for item '/sitecore/client/Applications/CustomerOrderManager/Search'
16/06/2017-15:30: Updating field '__Renderings' for item '/sitecore/client/Applications/CustomerOrderManager/Search'
16/06/2017-15:30: Updating field 'BrowserTitle.en' for item '/sitecore/client/Applications/CustomerOrderManager/Search'
16/06/2017-15:30: Updating field 'Text.en' for item '/sitecore/client/Applications/CustomerOrderManager/Search/PageSettings/Buttons/NewCustomerButton Parameters'
16/06/2017-15:30: Updating field 'ButtonType' for item '/sitecore/client/Applications/CustomerOrderManager/Search/PageSettings/Buttons/OrderDetails Button Parameters'
16/06/2017-15:30: Updating field 'Tooltip.en' for item '/sitecore/client/Applications/CustomerOrderManager/Search/PageSettings/Buttons/OrderDetails Button Parameters'
16/06/2017-15:30: Updating field 'Text.en' for item '/sitecore/client/Applications/CustomerOrderManager/Search/PageSettings/Buttons/OrderDetails Button Parameters'
16/06/2017-15:30: Updating field 'IconType' for item '/sitecore/client/Applications/CustomerOrderManager/Search/PageSettings/ConfirmDeleteCustomer'
16/06/2017-15:30: Updating field 'HeaderText.en' for item '/sitecore/client/Applications/CustomerOrderManager/Search/PageSettings/ConfirmDeleteCustomer'
16/06/2017-15:30: Updating field 'Title.en' for item '/sitecore/client/Applications/CustomerOrderManager/Search/PageSettings/ConfirmDeleteCustomer'
16/06/2017-15:30: Updating field 'Message.en' for item '/sitecore/client/Applications/CustomerOrderManager/Search/PageSettings/ConfirmDeleteCustomer'
16/06/2017-15:30: Updating field 'ButtonSet.en' for item '/sitecore/client/Applications/CustomerOrderManager/Search/PageSettings/ConfirmDeleteCustomer'
16/06/2017-15:30: Updating field 'Text.en' for item '/sitecore/client/Applications/CustomerOrderManager/Search/PageSettings/CustomerTemplatesCancelButton'
16/06/2017-15:30: Updating field 'HeaderText.en' for item '/sitecore/client/Applications/CustomerOrderManager/Search/PageSettings/CustomerTemplatesDialog'
16/06/2017-15:30: Updating field 'ValueFieldName' for item '/sitecore/client/Applications/CustomerOrderManager/Search/PageSettings/CustomerTemplatesList'
16/06/2017-15:30: Updating field 'DataFieldName' for item '/sitecore/client/Applications/CustomerOrderManager/Search/PageSettings/CustomerTemplatesList/Template Name'
16/06/2017-15:30: Updating field 'ColumnTitle.en' for item '/sitecore/client/Applications/CustomerOrderManager/Search/PageSettings/CustomerTemplatesList/Template Name'
16/06/2017-15:30: Updating field 'Text.en' for item '/sitecore/client/Applications/CustomerOrderManager/Search/PageSettings/CustomerTemplatesOKButton'
16/06/2017-15:30: Updating field 'IsVisible' for item '/sitecore/client/Applications/CustomerOrderManager/Search/PageSettings/GeneralErrorMessage'
16/06/2017-15:30: Updating field 'HasNotificationMessages' for item '/sitecore/client/Applications/CustomerOrderManager/Search/PageSettings/GeneralErrorMessage'
16/06/2017-15:30: Updating field '__Sortorder' for item '/sitecore/client/Applications/CustomerOrderManager/Search/PageSettings/GeneralErrorMessage'
16/06/2017-15:30: Updating field 'Type' for item '/sitecore/client/Applications/CustomerOrderManager/Search/PageSettings/GeneralErrorMessage/ErrorMessage'
16/06/2017-15:30: Updating field 'IsClosable' for item '/sitecore/client/Applications/CustomerOrderManager/Search/PageSettings/GeneralErrorMessage/ErrorMessage'
16/06/2017-15:30: Updating field 'IsTemporary' for item '/sitecore/client/Applications/CustomerOrderManager/Search/PageSettings/GeneralErrorMessage/ErrorMessage'
16/06/2017-15:30: Updating field 'Text.en' for item '/sitecore/client/Applications/CustomerOrderManager/Search/PageSettings/GeneralErrorMessage/ErrorMessage'
16/06/2017-15:30: Updating field 'Id' for item '/sitecore/client/Applications/CustomerOrderManager/Search/PageSettings/HeaderTitle'
16/06/2017-15:30: Updating field 'Text.en' for item '/sitecore/client/Applications/CustomerOrderManager/Search/PageSettings/HeaderTitle'
16/06/2017-15:30: Updating field 'Stylesheet' for item '/sitecore/client/Applications/CustomerOrderManager/Search/PageSettings/Page-Stylesheet-File'
16/06/2017-15:30: Updating field 'TabVisualStyle' for item '/sitecore/client/Applications/CustomerOrderManager/Search/PageSettings/SearchTabControl'
16/06/2017-15:30: Updating field 'IsVisible' for item '/sitecore/client/Applications/CustomerOrderManager/Search/PageSettings/SearchTabControl'
16/06/2017-15:30: Updating field 'Tooltip.en' for item '/sitecore/client/Applications/CustomerOrderManager/Search/PageSettings/SearchTabControl'
16/06/2017-15:30: Updating field 'IsSubAppRegistered' for item '/sitecore/client/Applications/CustomerOrderManager/Search/PageSettings/SearchTabControl/Customers'
16/06/2017-15:30: Updating field '__Renderings' for item '/sitecore/client/Applications/CustomerOrderManager/Search/PageSettings/SearchTabControl/Customers'
16/06/2017-15:30: Updating field 'Header.en' for item '/sitecore/client/Applications/CustomerOrderManager/Search/PageSettings/SearchTabControl/Customers'
16/06/2017-15:30: Updating field 'Tooltip.en' for item '/sitecore/client/Applications/CustomerOrderManager/Search/PageSettings/SearchTabControl/Customers'
16/06/2017-15:30: Updating field 'Text.en' for item '/sitecore/client/Applications/CustomerOrderManager/Search/PageSettings/SearchTabControl/Customers/PageSettings/CustomerActionControl/ActionColumn/ActionGroup'
16/06/2017-15:30: Updating field 'Name' for item '/sitecore/client/Applications/CustomerOrderManager/Search/PageSettings/SearchTabControl/Customers/PageSettings/CustomerActionControl/ActionColumn/ActionGroup/Delete'
16/06/2017-15:30: Updating field 'Click' for item '/sitecore/client/Applications/CustomerOrderManager/Search/PageSettings/SearchTabControl/Customers/PageSettings/CustomerActionControl/ActionColumn/ActionGroup/Delete'
16/06/2017-15:30: Updating field 'Text.en' for item '/sitecore/client/Applications/CustomerOrderManager/Search/PageSettings/SearchTabControl/Customers/PageSettings/CustomerActionControl/ActionColumn/ActionGroup/Delete'
16/06/2017-15:30: Updating field 'HeaderText.en' for item '/sitecore/client/Applications/CustomerOrderManager/Search/PageSettings/SearchTabControl/Customers/PageSettings/CustomerExpander'
16/06/2017-15:30: Updating field 'ValueFieldName' for item '/sitecore/client/Applications/CustomerOrderManager/Search/PageSettings/SearchTabControl/Customers/PageSettings/CustomersList'
16/06/2017-15:30: Updating field 'IsSortable' for item '/sitecore/client/Applications/CustomerOrderManager/Search/PageSettings/SearchTabControl/Customers/PageSettings/CustomersList/Email'
16/06/2017-15:30: Updating field 'LinkTextFieldName' for item '/sitecore/client/Applications/CustomerOrderManager/Search/PageSettings/SearchTabControl/Customers/PageSettings/CustomersList/Email'
16/06/2017-15:30: Updating field 'LinkUrlFieldName' for item '/sitecore/client/Applications/CustomerOrderManager/Search/PageSettings/SearchTabControl/Customers/PageSettings/CustomersList/Email'
16/06/2017-15:30: Updating field 'ColumnTitle.en' for item '/sitecore/client/Applications/CustomerOrderManager/Search/PageSettings/SearchTabControl/Customers/PageSettings/CustomersList/Email'
16/06/2017-15:30: Updating field 'IsSortable' for item '/sitecore/client/Applications/CustomerOrderManager/Search/PageSettings/SearchTabControl/Customers/PageSettings/CustomersList/FirstName'
16/06/2017-15:30: Updating field 'DataFieldName' for item '/sitecore/client/Applications/CustomerOrderManager/Search/PageSettings/SearchTabControl/Customers/PageSettings/CustomersList/FirstName'
16/06/2017-15:30: Updating field 'ColumnTitle.en' for item '/sitecore/client/Applications/CustomerOrderManager/Search/PageSettings/SearchTabControl/Customers/PageSettings/CustomersList/FirstName'
16/06/2017-15:30: Updating field 'IsSortable' for item '/sitecore/client/Applications/CustomerOrderManager/Search/PageSettings/SearchTabControl/Customers/PageSettings/CustomersList/LastName'
16/06/2017-15:30: Updating field 'DataFieldName' for item '/sitecore/client/Applications/CustomerOrderManager/Search/PageSettings/SearchTabControl/Customers/PageSettings/CustomersList/LastName'
16/06/2017-15:30: Updating field 'ColumnTitle.en' for item '/sitecore/client/Applications/CustomerOrderManager/Search/PageSettings/SearchTabControl/Customers/PageSettings/CustomersList/LastName'
16/06/2017-15:30: Updating field 'Click' for item '/sitecore/client/Applications/CustomerOrderManager/Search/PageSettings/SearchTabControl/Customers/PageSettings/MoreResultsButton'
16/06/2017-15:30: Updating field 'Text.en' for item '/sitecore/client/Applications/CustomerOrderManager/Search/PageSettings/SearchTabControl/Customers/PageSettings/MoreResultsButton'
16/06/2017-15:30: Updating field 'Text.en' for item '/sitecore/client/Applications/CustomerOrderManager/Search/PageSettings/SearchTabControl/Customers/PageSettings/No Sidebar Results Text'
16/06/2017-15:30: Updating field 'TextSize' for item '/sitecore/client/Applications/CustomerOrderManager/Search/PageSettings/SearchTabControl/Customers/PageSettings/SelectedCustomerItemTitle'
16/06/2017-15:30: Updating field 'Text.en' for item '/sitecore/client/Applications/CustomerOrderManager/Search/PageSettings/SearchTabControl/Customers/PageSettings/SelectedCustomerItemTitle'
16/06/2017-15:30: Updating field 'IsLazyLoaded' for item '/sitecore/client/Applications/CustomerOrderManager/Search/PageSettings/SearchTabControl/Orders'
16/06/2017-15:30: Updating field 'IsSubAppRegistered' for item '/sitecore/client/Applications/CustomerOrderManager/Search/PageSettings/SearchTabControl/Orders'
16/06/2017-15:30: Updating field '__Renderings' for item '/sitecore/client/Applications/CustomerOrderManager/Search/PageSettings/SearchTabControl/Orders'
16/06/2017-15:30: Updating field 'Header.en' for item '/sitecore/client/Applications/CustomerOrderManager/Search/PageSettings/SearchTabControl/Orders'
16/06/2017-15:30: Updating field 'Tooltip.en' for item '/sitecore/client/Applications/CustomerOrderManager/Search/PageSettings/SearchTabControl/Orders'
16/06/2017-15:30: Updating field '__Display name.en' for item '/sitecore/client/Applications/CustomerOrderManager/Search/PageSettings/SearchTabControl/Orders'
16/06/2017-15:30: Updating field 'Click' for item '/sitecore/client/Applications/CustomerOrderManager/Search/PageSettings/SearchTabControl/Orders/PageSettings/MoreResultsButton'
16/06/2017-15:30: Updating field 'Text.en' for item '/sitecore/client/Applications/CustomerOrderManager/Search/PageSettings/SearchTabControl/Orders/PageSettings/MoreResultsButton'
16/06/2017-15:30: Updating field 'Text.en' for item '/sitecore/client/Applications/CustomerOrderManager/Search/PageSettings/SearchTabControl/Orders/PageSettings/OrderActionControl/ActionColumn/ActionGroup'
16/06/2017-15:30: Updating field 'HeaderText.en' for item '/sitecore/client/Applications/CustomerOrderManager/Search/PageSettings/SearchTabControl/Orders/PageSettings/OrdersExpander'
16/06/2017-15:30: Updating field 'Tooltip.en' for item '/sitecore/client/Applications/CustomerOrderManager/Search/PageSettings/SearchTabControl/Orders/PageSettings/OrdersExpander'
16/06/2017-15:30: Updating field '__Display name.en' for item '/sitecore/client/Applications/CustomerOrderManager/Search/PageSettings/SearchTabControl/Orders/PageSettings/OrdersExpander'
16/06/2017-15:30: Updating field 'ValueFieldName' for item '/sitecore/client/Applications/CustomerOrderManager/Search/PageSettings/SearchTabControl/Orders/PageSettings/OrdersList'
16/06/2017-15:30: Updating field 'IsSortable' for item '/sitecore/client/Applications/CustomerOrderManager/Search/PageSettings/SearchTabControl/Orders/PageSettings/OrdersList/Order Confirmation'
16/06/2017-15:30: Updating field 'LinkTextFieldName' for item '/sitecore/client/Applications/CustomerOrderManager/Search/PageSettings/SearchTabControl/Orders/PageSettings/OrdersList/Order Confirmation'
16/06/2017-15:30: Updating field 'LinkUrlFieldName' for item '/sitecore/client/Applications/CustomerOrderManager/Search/PageSettings/SearchTabControl/Orders/PageSettings/OrdersList/Order Confirmation'
16/06/2017-15:30: Updating field '__Sortorder' for item '/sitecore/client/Applications/CustomerOrderManager/Search/PageSettings/SearchTabControl/Orders/PageSettings/OrdersList/Order Confirmation'
16/06/2017-15:30: Updating field 'ColumnTitle.en' for item '/sitecore/client/Applications/CustomerOrderManager/Search/PageSettings/SearchTabControl/Orders/PageSettings/OrdersList/Order Confirmation'
16/06/2017-15:30: Updating field 'IsSortable' for item '/sitecore/client/Applications/CustomerOrderManager/Search/PageSettings/SearchTabControl/Orders/PageSettings/OrdersList/Order Placed Date'
16/06/2017-15:30: Updating field 'DataFieldName' for item '/sitecore/client/Applications/CustomerOrderManager/Search/PageSettings/SearchTabControl/Orders/PageSettings/OrdersList/Order Placed Date'
16/06/2017-15:30: Updating field '__Sortorder' for item '/sitecore/client/Applications/CustomerOrderManager/Search/PageSettings/SearchTabControl/Orders/PageSettings/OrdersList/Order Placed Date'
16/06/2017-15:30: Updating field 'ColumnTitle.en' for item '/sitecore/client/Applications/CustomerOrderManager/Search/PageSettings/SearchTabControl/Orders/PageSettings/OrdersList/Order Placed Date'
16/06/2017-15:30: Updating field 'IsSortable' for item '/sitecore/client/Applications/CustomerOrderManager/Search/PageSettings/SearchTabControl/Orders/PageSettings/OrdersList/Order Status'
16/06/2017-15:30: Updating field 'DataFieldName' for item '/sitecore/client/Applications/CustomerOrderManager/Search/PageSettings/SearchTabControl/Orders/PageSettings/OrdersList/Order Status'
16/06/2017-15:30: Updating field '__Sortorder' for item '/sitecore/client/Applications/CustomerOrderManager/Search/PageSettings/SearchTabControl/Orders/PageSettings/OrdersList/Order Status'
16/06/2017-15:30: Updating field 'ColumnTitle.en' for item '/sitecore/client/Applications/CustomerOrderManager/Search/PageSettings/SearchTabControl/Orders/PageSettings/OrdersList/Order Status'
16/06/2017-15:30: Updating field 'Text.en' for item '/sitecore/client/Applications/CustomerOrderManager/Search/PageSettings/SearchTabControl/Orders/PageSettings/SelectedOrderItemTitle'
16/06/2017-15:30: Updating field 'Icon' for item '/sitecore/client/Applications/CustomerOrderManager/Settings/Help Button Parameters'
16/06/2017-15:30: Updating field 'Click' for item '/sitecore/client/Applications/CustomerOrderManager/Settings/Help Button Parameters'
16/06/2017-15:30: Updating field 'Tooltip.en' for item '/sitecore/client/Applications/CustomerOrderManager/Settings/Help Button Parameters'
16/06/2017-15:30: Updating field 'Text.en' for item '/sitecore/client/Applications/CustomerOrderManager/Settings/Help Button Parameters'
16/06/2017-15:30: Updating field 'Relative URL' for item '/sitecore/client/Applications/CustomerOrderManager/Settings/Help Configuration Items/Customer-DetailsTab'
16/06/2017-15:30: Updating field 'Page ID' for item '/sitecore/client/Applications/CustomerOrderManager/Settings/Help Configuration Items/Customer-DetailsTab'
16/06/2017-15:30: Updating field 'Tab ID' for item '/sitecore/client/Applications/CustomerOrderManager/Settings/Help Configuration Items/Customer-DetailsTab'
16/06/2017-15:30: Updating field 'Relative URL' for item '/sitecore/client/Applications/CustomerOrderManager/Settings/Help Configuration Items/Order-DetailsTab'
16/06/2017-15:30: Updating field 'Page ID' for item '/sitecore/client/Applications/CustomerOrderManager/Settings/Help Configuration Items/Order-DetailsTab'
16/06/2017-15:30: Updating field 'Tab ID' for item '/sitecore/client/Applications/CustomerOrderManager/Settings/Help Configuration Items/Order-DetailsTab'
16/06/2017-15:30: Updating field 'Relative URL' for item '/sitecore/client/Applications/CustomerOrderManager/Settings/Help Configuration Items/Order-ItemsTab'
16/06/2017-15:30: Updating field 'Page ID' for item '/sitecore/client/Applications/CustomerOrderManager/Settings/Help Configuration Items/Order-ItemsTab'
16/06/2017-15:30: Updating field 'Tab ID' for item '/sitecore/client/Applications/CustomerOrderManager/Settings/Help Configuration Items/Order-ItemsTab'
16/06/2017-15:30: Updating field 'Relative URL' for item '/sitecore/client/Applications/CustomerOrderManager/Settings/Help Configuration Items/Search-CustomersTab'
16/06/2017-15:30: Updating field 'Page ID' for item '/sitecore/client/Applications/CustomerOrderManager/Settings/Help Configuration Items/Search-CustomersTab'
16/06/2017-15:30: Updating field 'Tab ID' for item '/sitecore/client/Applications/CustomerOrderManager/Settings/Help Configuration Items/Search-CustomersTab'
16/06/2017-15:30: Updating field 'Relative URL' for item '/sitecore/client/Applications/CustomerOrderManager/Settings/Help Configuration Items/Search-OrdersTab'
16/06/2017-15:30: Updating field 'Page ID' for item '/sitecore/client/Applications/CustomerOrderManager/Settings/Help Configuration Items/Search-OrdersTab'
16/06/2017-15:30: Updating field 'Tab ID' for item '/sitecore/client/Applications/CustomerOrderManager/Settings/Help Configuration Items/Search-OrdersTab'
16/06/2017-15:30: Updating field 'Theme' for item '/sitecore/client/Applications/CustomerOrderManager/SidebarFormPage'
16/06/2017-15:30: Updating field '__Originator' for item '/sitecore/client/Applications/CustomerOrderManager/SidebarFormPage'
16/06/2017-15:30: Updating field '__Renderings' for item '/sitecore/client/Applications/CustomerOrderManager/SidebarFormPage'
16/06/2017-15:30: Updating field 'BrowserTitle.en' for item '/sitecore/client/Applications/CustomerOrderManager/SidebarFormPage'
16/06/2017-15:30: Updating field '__Sortorder' for item '/sitecore/client/Applications/CustomerOrderManager/SidebarFormPage/PageSettings'
16/06/2017-15:30: Updating field '__Originator' for item '/sitecore/client/Applications/CustomerOrderManager/SidebarFormPage/PageSettings'
16/06/2017-15:30: Updating field '__Renderings' for item '/sitecore/client/Applications/CustomerOrderManager/SubAppRenderings/ListViewDetails'
16/06/2017-15:30: Updating field '__Renderings' for item '/sitecore/client/Applications/CustomerOrderManager/SubAppRenderings/ListViewNoDetails'
16/06/2017-15:30: Updating field '__Base template' for item '/sitecore/client/Applications/CustomerOrderManager/Templates/CorporateCustomer'
16/06/2017-15:30: Updating field 'Type' for item '/sitecore/client/Applications/CustomerOrderManager/Templates/CorporateCustomer/Commerce/Code'
16/06/2017-15:30: Updating field 'Shared' for item '/sitecore/client/Applications/CustomerOrderManager/Templates/CorporateCustomer/Commerce/Code'
16/06/2017-15:30: Updating field '__Sortorder' for item '/sitecore/client/Applications/CustomerOrderManager/Templates/CorporateCustomer/Commerce/Code'
16/06/2017-15:30: Updating field '__Display name.en' for item '/sitecore/client/Applications/CustomerOrderManager/Templates/CorporateCustomer/Commerce/Code'
16/06/2017-15:30: Updating field 'Type' for item '/sitecore/client/Applications/CustomerOrderManager/Templates/CorporateCustomer/Commerce/Contact'
16/06/2017-15:30: Updating field 'Source' for item '/sitecore/client/Applications/CustomerOrderManager/Templates/CorporateCustomer/Commerce/Contact'
16/06/2017-15:30: Updating field 'Shared' for item '/sitecore/client/Applications/CustomerOrderManager/Templates/CorporateCustomer/Commerce/Contact'
16/06/2017-15:30: Updating field '__Sortorder' for item '/sitecore/client/Applications/CustomerOrderManager/Templates/CorporateCustomer/Commerce/Contact'
16/06/2017-15:30: Updating field '__Display name.en' for item '/sitecore/client/Applications/CustomerOrderManager/Templates/CorporateCustomer/Commerce/Contact'
16/06/2017-15:30: Updating field 'Type' for item '/sitecore/client/Applications/CustomerOrderManager/Templates/CorporateCustomer/Commerce/CorporationName'
16/06/2017-15:30: Updating field 'Source' for item '/sitecore/client/Applications/CustomerOrderManager/Templates/CorporateCustomer/Commerce/CorporationName'
16/06/2017-15:30: Updating field 'Shared' for item '/sitecore/client/Applications/CustomerOrderManager/Templates/CorporateCustomer/Commerce/CorporationName'
16/06/2017-15:30: Updating field '__Display name.en' for item '/sitecore/client/Applications/CustomerOrderManager/Templates/CorporateCustomer/Commerce/CorporationName'
16/06/2017-15:30: Updating field '__Base template' for item '/sitecore/client/Applications/CustomerOrderManager/Templates/Customer'
16/06/2017-15:30: Updating field '__Sortorder' for item '/sitecore/client/Applications/CustomerOrderManager/Templates/Customer/Commerce'
16/06/2017-15:30: Updating field 'Type' for item '/sitecore/client/Applications/CustomerOrderManager/Templates/Customer/Commerce/DisplayName'
16/06/2017-15:30: Updating field 'Source' for item '/sitecore/client/Applications/CustomerOrderManager/Templates/Customer/Commerce/DisplayName'
16/06/2017-15:30: Updating field '__Sortorder' for item '/sitecore/client/Applications/CustomerOrderManager/Templates/Customer/Commerce/DisplayName'
16/06/2017-15:30: Updating field '__Display name.en' for item '/sitecore/client/Applications/CustomerOrderManager/Templates/Customer/Commerce/DisplayName'
16/06/2017-15:30: Updating field 'Type' for item '/sitecore/client/Applications/CustomerOrderManager/Templates/Customer/Commerce/FirstName'
16/06/2017-15:30: Updating field 'Source' for item '/sitecore/client/Applications/CustomerOrderManager/Templates/Customer/Commerce/FirstName'
16/06/2017-15:30: Updating field 'Shared' for item '/sitecore/client/Applications/CustomerOrderManager/Templates/Customer/Commerce/FirstName'
16/06/2017-15:30: Updating field '__Sortorder' for item '/sitecore/client/Applications/CustomerOrderManager/Templates/Customer/Commerce/FirstName'
16/06/2017-15:30: Updating field '__Display name.en' for item '/sitecore/client/Applications/CustomerOrderManager/Templates/Customer/Commerce/FirstName'
16/06/2017-15:30: Updating field 'Type' for item '/sitecore/client/Applications/CustomerOrderManager/Templates/Customer/Commerce/LastName'
16/06/2017-15:30: Updating field 'Source' for item '/sitecore/client/Applications/CustomerOrderManager/Templates/Customer/Commerce/LastName'
16/06/2017-15:30: Updating field 'Shared' for item '/sitecore/client/Applications/CustomerOrderManager/Templates/Customer/Commerce/LastName'
16/06/2017-15:30: Updating field '__Sortorder' for item '/sitecore/client/Applications/CustomerOrderManager/Templates/Customer/Commerce/LastName'
16/06/2017-15:30: Updating field '__Display name.en' for item '/sitecore/client/Applications/CustomerOrderManager/Templates/Customer/Commerce/LastName'
16/06/2017-15:30: Updating field 'Type' for item '/sitecore/client/Applications/CustomerOrderManager/Templates/Customer/Commerce/LastOrderDate'
16/06/2017-15:30: Updating field '__Sortorder' for item '/sitecore/client/Applications/CustomerOrderManager/Templates/Customer/Commerce/LastOrderDate'
16/06/2017-15:30: Updating field '__Display name.en' for item '/sitecore/client/Applications/CustomerOrderManager/Templates/Customer/Commerce/LastOrderDate'
16/06/2017-15:30: Updating field 'Theme' for item '/sitecore/client/Applications/Launchpad'
16/06/2017-15:30: Updating field '__Icon' for item '/sitecore/client/Applications/Launchpad'
16/06/2017-15:30: Updating field '__Originator' for item '/sitecore/client/Applications/Launchpad'
16/06/2017-15:30: Updating field '__Renderings' for item '/sitecore/client/Applications/Launchpad'
16/06/2017-15:30: Updating field 'BrowserTitle.en' for item '/sitecore/client/Applications/Launchpad'
16/06/2017-15:30: Updating field '__Sortorder' for item '/sitecore/client/Applications/Launchpad/PageSettings'
16/06/2017-15:30: Updating field '__Originator' for item '/sitecore/client/Applications/Launchpad/PageSettings'
16/06/2017-15:30: Updating field '__Icon' for item '/sitecore/client/Applications/Launchpad/PageSettings/Buttons'
16/06/2017-15:30: Updating field '__Masters' for item '/sitecore/client/Applications/Launchpad/PageSettings/Buttons'
16/06/2017-15:30: Updating field '__Sortorder' for item '/sitecore/client/Applications/Launchpad/PageSettings/Buttons/ContentEditing'
16/06/2017-15:30: Updating field '__Security' for item '/sitecore/client/Applications/Launchpad/PageSettings/Buttons/ContentEditing'
16/06/2017-15:30: Updating field 'Icon' for item '/sitecore/client/Applications/Launchpad/PageSettings/Buttons/ContentEditing/Customer Order Manager'
16/06/2017-15:30: Updating field 'Link' for item '/sitecore/client/Applications/Launchpad/PageSettings/Buttons/ContentEditing/Customer Order Manager'
16/06/2017-15:30: Updating field '__Security' for item '/sitecore/client/Applications/Launchpad/PageSettings/Buttons/ContentEditing/Customer Order Manager'
16/06/2017-15:30: Updating field 'Text.en' for item '/sitecore/client/Applications/Launchpad/PageSettings/Buttons/ContentEditing/Customer Order Manager'
16/06/2017-15:30: Installing Role sitecore\Customer Service Representative Administrator
16/06/2017-15:30: Installing Role sitecore\Customer Service Representative
16/06/2017-15:30: Recursive deploy action is set to ignore
16/06/2017-15:30: TDS PostDeployActions complete.
