16/06/2017-15:33: Starting PostDeployActions
16/06/2017-15:33: Updating field '__Hidden' for item '/sitecore/client'
16/06/2017-15:33: Updating field '__Icon' for item '/sitecore/client'
16/06/2017-15:33: Updating field '__Sortorder' for item '/sitecore/client'
16/06/2017-15:33: Updating field '__Never publish' for item '/sitecore/client'
16/06/2017-15:33: Updating field '__Security' for item '/sitecore/client'
16/06/2017-15:33: Updating field '__Display name.en' for item '/sitecore/client'
16/06/2017-15:33: Updating field '__Icon' for item '/sitecore/client/Applications'
16/06/2017-15:33: Updating field '__Sortorder' for item '/sitecore/client/Applications'
16/06/2017-15:33: Updating field 'Theme' for item '/sitecore/client/Applications/Launchpad'
16/06/2017-15:33: Updating field '__Icon' for item '/sitecore/client/Applications/Launchpad'
16/06/2017-15:33: Updating field '__Originator' for item '/sitecore/client/Applications/Launchpad'
16/06/2017-15:33: Updating field '__Renderings' for item '/sitecore/client/Applications/Launchpad'
16/06/2017-15:33: Updating field 'BrowserTitle.en' for item '/sitecore/client/Applications/Launchpad'
16/06/2017-15:33: Updating field '__Sortorder' for item '/sitecore/client/Applications/Launchpad/PageSettings'
16/06/2017-15:33: Updating field '__Originator' for item '/sitecore/client/Applications/Launchpad/PageSettings'
16/06/2017-15:33: Updating field '__Icon' for item '/sitecore/client/Applications/Launchpad/PageSettings/Buttons'
16/06/2017-15:33: Updating field '__Masters' for item '/sitecore/client/Applications/Launchpad/PageSettings/Buttons'
16/06/2017-15:33: Updating field '__Sortorder' for item '/sitecore/client/Applications/Launchpad/PageSettings/Buttons/ContentEditing'
16/06/2017-15:33: Updating field '__Security' for item '/sitecore/client/Applications/Launchpad/PageSettings/Buttons/ContentEditing'
16/06/2017-15:33: Updating field 'Icon' for item '/sitecore/client/Applications/Launchpad/PageSettings/Buttons/ContentEditing/Pricing and Promotions Manager'
16/06/2017-15:33: Updating field 'Link' for item '/sitecore/client/Applications/Launchpad/PageSettings/Buttons/ContentEditing/Pricing and Promotions Manager'
16/06/2017-15:33: Updating field '__Security' for item '/sitecore/client/Applications/Launchpad/PageSettings/Buttons/ContentEditing/Pricing and Promotions Manager'
16/06/2017-15:33: Updating field 'Text.en' for item '/sitecore/client/Applications/Launchpad/PageSettings/Buttons/ContentEditing/Pricing and Promotions Manager'
16/06/2017-15:33: Updating field '__Security' for item '/sitecore/client/Applications/PricingPromotionsManager'
16/06/2017-15:33: Updating field '__Security' for item '/sitecore/client/Applications/PricingPromotionsManager/Pages'
16/06/2017-15:33: Updating field '__Sortorder' for item '/sitecore/client/Applications/PricingPromotionsManager/Pages/All Books'
16/06/2017-15:33: Updating field '__Security' for item '/sitecore/client/Applications/PricingPromotionsManager/Pages/All Books'
16/06/2017-15:33: Updating field '__Display name.en' for item '/sitecore/client/Applications/PricingPromotionsManager/Pages/All Books'
16/06/2017-15:33: Updating field 'Theme' for item '/sitecore/client/Applications/PricingPromotionsManager/Pages/All Books/Price Books'
16/06/2017-15:33: Updating field 'UseFullWidth' for item '/sitecore/client/Applications/PricingPromotionsManager/Pages/All Books/Price Books'
16/06/2017-15:33: Updating field '__Sortorder' for item '/sitecore/client/Applications/PricingPromotionsManager/Pages/All Books/Price Books'
16/06/2017-15:33: Updating field '__Renderings' for item '/sitecore/client/Applications/PricingPromotionsManager/Pages/All Books/Price Books'
16/06/2017-15:33: Updating field '__Security' for item '/sitecore/client/Applications/PricingPromotionsManager/Pages/All Books/Price Books'
16/06/2017-15:33: Updating field 'BrowserTitle.en' for item '/sitecore/client/Applications/PricingPromotionsManager/Pages/All Books/Price Books'
16/06/2017-15:33: Updating field '__Display name.en' for item '/sitecore/client/Applications/PricingPromotionsManager/Pages/All Books/Price Books'
16/06/2017-15:33: Updating field '__Sortorder' for item '/sitecore/client/Applications/PricingPromotionsManager/Pages/All Books/Price Books/PageSettings'
16/06/2017-15:33: Updating field 'Text.en' for item '/sitecore/client/Applications/PricingPromotionsManager/Pages/All Books/Price Books/PageSettings/ActionDialogCancel'
16/06/2017-15:33: Updating field 'Text.en' for item '/sitecore/client/Applications/PricingPromotionsManager/Pages/All Books/Price Books/PageSettings/ActionDialogOK'
16/06/2017-15:33: Updating field '__Sortorder' for item '/sitecore/client/Applications/PricingPromotionsManager/Pages/All Books/Price Books/PageSettings/Buttons'
16/06/2017-15:33: Updating field 'Tooltip.en' for item '/sitecore/client/Applications/PricingPromotionsManager/Pages/All Books/Price Books/PageSettings/Buttons/AddBookButton Parameters'
16/06/2017-15:33: Updating field 'Text.en' for item '/sitecore/client/Applications/PricingPromotionsManager/Pages/All Books/Price Books/PageSettings/Buttons/AddBookButton Parameters'
16/06/2017-15:33: Updating field 'Tooltip.en' for item '/sitecore/client/Applications/PricingPromotionsManager/Pages/All Books/Price Books/PageSettings/Buttons/AddCommentButton Parameters'
16/06/2017-15:33: Updating field 'Text.en' for item '/sitecore/client/Applications/PricingPromotionsManager/Pages/All Books/Price Books/PageSettings/Buttons/AddCommentButton Parameters'
16/06/2017-15:33: Updating field 'Tooltip.en' for item '/sitecore/client/Applications/PricingPromotionsManager/Pages/All Books/Price Books/PageSettings/Buttons/AssociateCatalogButton Parameters'
16/06/2017-15:33: Updating field 'Text.en' for item '/sitecore/client/Applications/PricingPromotionsManager/Pages/All Books/Price Books/PageSettings/Buttons/AssociateCatalogButton Parameters'
16/06/2017-15:33: Updating field 'Tooltip.en' for item '/sitecore/client/Applications/PricingPromotionsManager/Pages/All Books/Price Books/PageSettings/Buttons/BackButton Parameters'
16/06/2017-15:33: Updating field 'Text.en' for item '/sitecore/client/Applications/PricingPromotionsManager/Pages/All Books/Price Books/PageSettings/Buttons/BackButton Parameters'
16/06/2017-15:33: Updating field 'Tooltip.en' for item '/sitecore/client/Applications/PricingPromotionsManager/Pages/All Books/Price Books/PageSettings/Buttons/CancelButton - Parameters'
16/06/2017-15:33: Updating field 'Text.en' for item '/sitecore/client/Applications/PricingPromotionsManager/Pages/All Books/Price Books/PageSettings/Buttons/CancelButton - Parameters'
16/06/2017-15:33: Updating field 'ButtonType' for item '/sitecore/client/Applications/PricingPromotionsManager/Pages/All Books/Price Books/PageSettings/Buttons/ClearCacheButton Parameters'
16/06/2017-15:33: Updating field '__Editors' for item '/sitecore/client/Applications/PricingPromotionsManager/Pages/All Books/Price Books/PageSettings/Buttons/ClearCacheButton Parameters'
16/06/2017-15:33: Updating field '__Sortorder' for item '/sitecore/client/Applications/PricingPromotionsManager/Pages/All Books/Price Books/PageSettings/Buttons/ClearCacheButton Parameters'
16/06/2017-15:33: Updating field '__Masters' for item '/sitecore/client/Applications/PricingPromotionsManager/Pages/All Books/Price Books/PageSettings/Buttons/ClearCacheButton Parameters'
16/06/2017-15:33: Updating field 'Tooltip.en' for item '/sitecore/client/Applications/PricingPromotionsManager/Pages/All Books/Price Books/PageSettings/Buttons/ClearCacheButton Parameters'
16/06/2017-15:33: Updating field 'Text.en' for item '/sitecore/client/Applications/PricingPromotionsManager/Pages/All Books/Price Books/PageSettings/Buttons/ClearCacheButton Parameters'
16/06/2017-15:33: Updating field 'Tooltip.en' for item '/sitecore/client/Applications/PricingPromotionsManager/Pages/All Books/Price Books/PageSettings/Buttons/ConnectCardButton - Parameters'
16/06/2017-15:33: Updating field 'Text.en' for item '/sitecore/client/Applications/PricingPromotionsManager/Pages/All Books/Price Books/PageSettings/Buttons/ConnectCardButton - Parameters'
16/06/2017-15:33: Updating field 'Tooltip.en' for item '/sitecore/client/Applications/PricingPromotionsManager/Pages/All Books/Price Books/PageSettings/Buttons/CreateSnapshotButton - Parameters'
16/06/2017-15:33: Updating field 'Text.en' for item '/sitecore/client/Applications/PricingPromotionsManager/Pages/All Books/Price Books/PageSettings/Buttons/CreateSnapshotButton - Parameters'
16/06/2017-15:33: Updating field 'Tooltip.en' for item '/sitecore/client/Applications/PricingPromotionsManager/Pages/All Books/Price Books/PageSettings/Buttons/DeleteBookButton Parameters'
16/06/2017-15:33: Updating field 'Text.en' for item '/sitecore/client/Applications/PricingPromotionsManager/Pages/All Books/Price Books/PageSettings/Buttons/DeleteBookButton Parameters'
16/06/2017-15:33: Updating field 'Tooltip.en' for item '/sitecore/client/Applications/PricingPromotionsManager/Pages/All Books/Price Books/PageSettings/Buttons/DeleteCardButton Parameters'
16/06/2017-15:33: Updating field 'Text.en' for item '/sitecore/client/Applications/PricingPromotionsManager/Pages/All Books/Price Books/PageSettings/Buttons/DeleteCardButton Parameters'
16/06/2017-15:33: Updating field 'Tooltip.en' for item '/sitecore/client/Applications/PricingPromotionsManager/Pages/All Books/Price Books/PageSettings/Buttons/DeleteSnapshotButton - Parameters'
16/06/2017-15:33: Updating field 'Text.en' for item '/sitecore/client/Applications/PricingPromotionsManager/Pages/All Books/Price Books/PageSettings/Buttons/DeleteSnapshotButton - Parameters'
16/06/2017-15:33: Updating field 'Tooltip.en' for item '/sitecore/client/Applications/PricingPromotionsManager/Pages/All Books/Price Books/PageSettings/Buttons/DuplicateSnapshotButton - Parameters'
16/06/2017-15:33: Updating field 'Text.en' for item '/sitecore/client/Applications/PricingPromotionsManager/Pages/All Books/Price Books/PageSettings/Buttons/DuplicateSnapshotButton - Parameters'
16/06/2017-15:33: Updating field 'Tooltip.en' for item '/sitecore/client/Applications/PricingPromotionsManager/Pages/All Books/Price Books/PageSettings/Buttons/EditCardButton - Parameters'
16/06/2017-15:33: Updating field 'Text.en' for item '/sitecore/client/Applications/PricingPromotionsManager/Pages/All Books/Price Books/PageSettings/Buttons/EditCardButton - Parameters'
16/06/2017-15:33: Updating field 'Tooltip.en' for item '/sitecore/client/Applications/PricingPromotionsManager/Pages/All Books/Price Books/PageSettings/Buttons/EditSnapshotButton - Parameters'
16/06/2017-15:33: Updating field 'Text.en' for item '/sitecore/client/Applications/PricingPromotionsManager/Pages/All Books/Price Books/PageSettings/Buttons/EditSnapshotButton - Parameters'
16/06/2017-15:33: Updating field 'Icon' for item '/sitecore/client/Applications/PricingPromotionsManager/Pages/All Books/Price Books/PageSettings/Buttons/FilterDropDownButton Parameters'
16/06/2017-15:33: Updating field 'DropPanelAlignment' for item '/sitecore/client/Applications/PricingPromotionsManager/Pages/All Books/Price Books/PageSettings/Buttons/FilterDropDownButton Parameters'
16/06/2017-15:33: Updating field 'Icon' for item '/sitecore/client/Applications/PricingPromotionsManager/Pages/All Books/Price Books/PageSettings/Buttons/FindButtonTextBox Parameters'
16/06/2017-15:33: Updating field 'Tooltip.en' for item '/sitecore/client/Applications/PricingPromotionsManager/Pages/All Books/Price Books/PageSettings/Buttons/FindButtonTextBox Parameters'
16/06/2017-15:33: Updating field 'Tooltip.en' for item '/sitecore/client/Applications/PricingPromotionsManager/Pages/All Books/Price Books/PageSettings/Buttons/ItemPricingButton Parameters'
16/06/2017-15:33: Updating field 'Text.en' for item '/sitecore/client/Applications/PricingPromotionsManager/Pages/All Books/Price Books/PageSettings/Buttons/ItemPricingButton Parameters'
16/06/2017-15:33: Updating field 'Tooltip.en' for item '/sitecore/client/Applications/PricingPromotionsManager/Pages/All Books/Price Books/PageSettings/Buttons/NewCardButton Parameters'
16/06/2017-15:33: Updating field 'Text.en' for item '/sitecore/client/Applications/PricingPromotionsManager/Pages/All Books/Price Books/PageSettings/Buttons/NewCardButton Parameters'
16/06/2017-15:33: Updating field 'Tooltip.en' for item '/sitecore/client/Applications/PricingPromotionsManager/Pages/All Books/Price Books/PageSettings/Buttons/RemoveCardButton - Parameters'
16/06/2017-15:33: Updating field 'Text.en' for item '/sitecore/client/Applications/PricingPromotionsManager/Pages/All Books/Price Books/PageSettings/Buttons/RemoveCardButton - Parameters'
16/06/2017-15:33: Updating field 'Tooltip.en' for item '/sitecore/client/Applications/PricingPromotionsManager/Pages/All Books/Price Books/PageSettings/Buttons/RemoveCatalogButton Parameters'
16/06/2017-15:33: Updating field 'Text.en' for item '/sitecore/client/Applications/PricingPromotionsManager/Pages/All Books/Price Books/PageSettings/Buttons/RemoveCatalogButton Parameters'
16/06/2017-15:33: Updating field 'Tooltip.en' for item '/sitecore/client/Applications/PricingPromotionsManager/Pages/All Books/Price Books/PageSettings/Buttons/SaveButton Parameters'
16/06/2017-15:33: Updating field 'Text.en' for item '/sitecore/client/Applications/PricingPromotionsManager/Pages/All Books/Price Books/PageSettings/Buttons/SaveButton Parameters'
16/06/2017-15:33: Updating field 'IconType' for item '/sitecore/client/Applications/PricingPromotionsManager/Pages/All Books/Price Books/PageSettings/ConfirmClearCacheActionDialog'
16/06/2017-15:33: Updating field 'HeaderText.en' for item '/sitecore/client/Applications/PricingPromotionsManager/Pages/All Books/Price Books/PageSettings/ConfirmClearCacheActionDialog'
16/06/2017-15:33: Updating field 'Title.en' for item '/sitecore/client/Applications/PricingPromotionsManager/Pages/All Books/Price Books/PageSettings/ConfirmClearCacheActionDialog'
16/06/2017-15:33: Updating field 'Message.en' for item '/sitecore/client/Applications/PricingPromotionsManager/Pages/All Books/Price Books/PageSettings/ConfirmClearCacheActionDialog'
16/06/2017-15:33: Updating field 'ButtonSet.en' for item '/sitecore/client/Applications/PricingPromotionsManager/Pages/All Books/Price Books/PageSettings/ConfirmClearCacheActionDialog'
16/06/2017-15:33: Updating field '__Sortorder' for item '/sitecore/client/Applications/PricingPromotionsManager/Pages/All Books/Price Books/PageSettings/DropDowns/Page Status/Approve'
16/06/2017-15:33: Updating field 'Text.en' for item '/sitecore/client/Applications/PricingPromotionsManager/Pages/All Books/Price Books/PageSettings/DropDowns/Page Status/Approve'
16/06/2017-15:33: Updating field '__Sortorder' for item '/sitecore/client/Applications/PricingPromotionsManager/Pages/All Books/Price Books/PageSettings/DropDowns/Page Status/Draft'
16/06/2017-15:33: Updating field 'Text.en' for item '/sitecore/client/Applications/PricingPromotionsManager/Pages/All Books/Price Books/PageSettings/DropDowns/Page Status/Draft'
16/06/2017-15:33: Updating field '__Sortorder' for item '/sitecore/client/Applications/PricingPromotionsManager/Pages/All Books/Price Books/PageSettings/DropDowns/Page Status/Published'
16/06/2017-15:33: Updating field 'Text.en' for item '/sitecore/client/Applications/PricingPromotionsManager/Pages/All Books/Price Books/PageSettings/DropDowns/Page Status/Published'
16/06/2017-15:33: Updating field 'Text.en' for item '/sitecore/client/Applications/PricingPromotionsManager/Pages/All Books/Price Books/PageSettings/DropDowns/PriceCard-Views/CurrentAndUpcoming'
16/06/2017-15:33: Updating field '__Sortorder' for item '/sitecore/client/Applications/PricingPromotionsManager/Pages/All Books/Price Books/PageSettings/GeneralErrorMessage'
16/06/2017-15:33: Updating field 'Type' for item '/sitecore/client/Applications/PricingPromotionsManager/Pages/All Books/Price Books/PageSettings/GeneralErrorMessage/ErrorMessage'
16/06/2017-15:33: Updating field 'IsClosable' for item '/sitecore/client/Applications/PricingPromotionsManager/Pages/All Books/Price Books/PageSettings/GeneralErrorMessage/ErrorMessage'
16/06/2017-15:33: Updating field 'IsTemporary' for item '/sitecore/client/Applications/PricingPromotionsManager/Pages/All Books/Price Books/PageSettings/GeneralErrorMessage/ErrorMessage'
16/06/2017-15:33: Updating field 'Text.en' for item '/sitecore/client/Applications/PricingPromotionsManager/Pages/All Books/Price Books/PageSettings/GeneralErrorMessage/ErrorMessage'
16/06/2017-15:33: Updating field 'Theme' for item '/sitecore/client/Applications/PricingPromotionsManager/Pages/All Books/Price Books/PageSettings/Item Pricing'
16/06/2017-15:33: Updating field 'UseFullWidth' for item '/sitecore/client/Applications/PricingPromotionsManager/Pages/All Books/Price Books/PageSettings/Item Pricing'
16/06/2017-15:33: Updating field '__Sortorder' for item '/sitecore/client/Applications/PricingPromotionsManager/Pages/All Books/Price Books/PageSettings/Item Pricing'
16/06/2017-15:33: Updating field '__Renderings' for item '/sitecore/client/Applications/PricingPromotionsManager/Pages/All Books/Price Books/PageSettings/Item Pricing'
16/06/2017-15:33: Updating field 'BrowserTitle.en' for item '/sitecore/client/Applications/PricingPromotionsManager/Pages/All Books/Price Books/PageSettings/Item Pricing'
16/06/2017-15:33: Updating field 'Theme' for item '/sitecore/client/Applications/PricingPromotionsManager/Pages/All Books/Price Books/PageSettings/Item Pricing/PageSettings/Item Cards'
16/06/2017-15:33: Updating field 'UseFullWidth' for item '/sitecore/client/Applications/PricingPromotionsManager/Pages/All Books/Price Books/PageSettings/Item Pricing/PageSettings/Item Cards'
16/06/2017-15:33: Updating field '__Renderings' for item '/sitecore/client/Applications/PricingPromotionsManager/Pages/All Books/Price Books/PageSettings/Item Pricing/PageSettings/Item Cards'
16/06/2017-15:33: Updating field 'BrowserTitle.en' for item '/sitecore/client/Applications/PricingPromotionsManager/Pages/All Books/Price Books/PageSettings/Item Pricing/PageSettings/Item Cards'
16/06/2017-15:33: Updating field 'Stylesheet' for item '/sitecore/client/Applications/PricingPromotionsManager/Pages/All Books/Price Books/PageSettings/Item Pricing/PageSettings/Item Cards/PageSettings/Page-Stylesheet-File'
16/06/2017-15:33: Updating field '__Sortorder' for item '/sitecore/client/Applications/PricingPromotionsManager/Pages/All Books/Price Books/PageSettings/Item Pricing/PageSettings/Item Cards/PageSettings/Page-Stylesheet-File'
16/06/2017-15:33: Updating field 'Stylesheet' for item '/sitecore/client/Applications/PricingPromotionsManager/Pages/All Books/Price Books/PageSettings/Item Pricing/PageSettings/Page-Stylesheet-File'
16/06/2017-15:33: Updating field 'TabVisualStyle' for item '/sitecore/client/Applications/PricingPromotionsManager/Pages/All Books/Price Books/PageSettings/Item Pricing/PageSettings/ProductPricingTabControl'
16/06/2017-15:33: Updating field '__Sortorder' for item '/sitecore/client/Applications/PricingPromotionsManager/Pages/All Books/Price Books/PageSettings/Item Pricing/PageSettings/ProductPricingTabControl/List Price'
16/06/2017-15:33: Updating field '__Renderings' for item '/sitecore/client/Applications/PricingPromotionsManager/Pages/All Books/Price Books/PageSettings/Item Pricing/PageSettings/ProductPricingTabControl/List Price'
16/06/2017-15:33: Updating field 'Header.en' for item '/sitecore/client/Applications/PricingPromotionsManager/Pages/All Books/Price Books/PageSettings/Item Pricing/PageSettings/ProductPricingTabControl/List Price'
16/06/2017-15:33: Updating field 'Tooltip.en' for item '/sitecore/client/Applications/PricingPromotionsManager/Pages/All Books/Price Books/PageSettings/Item Pricing/PageSettings/ProductPricingTabControl/List Price'
16/06/2017-15:33: Updating field 'QueryParameterValue' for item '/sitecore/client/Applications/PricingPromotionsManager/Pages/All Books/Price Books/PageSettings/Item Pricing/PageSettings/ProductPricingTabControl/Sell Price'
16/06/2017-15:33: Updating field '__Sortorder' for item '/sitecore/client/Applications/PricingPromotionsManager/Pages/All Books/Price Books/PageSettings/Item Pricing/PageSettings/ProductPricingTabControl/Sell Price'
16/06/2017-15:33: Updating field '__Renderings' for item '/sitecore/client/Applications/PricingPromotionsManager/Pages/All Books/Price Books/PageSettings/Item Pricing/PageSettings/ProductPricingTabControl/Sell Price'
16/06/2017-15:33: Updating field 'Header.en' for item '/sitecore/client/Applications/PricingPromotionsManager/Pages/All Books/Price Books/PageSettings/Item Pricing/PageSettings/ProductPricingTabControl/Sell Price'
16/06/2017-15:33: Updating field 'Tooltip.en' for item '/sitecore/client/Applications/PricingPromotionsManager/Pages/All Books/Price Books/PageSettings/Item Pricing/PageSettings/ProductPricingTabControl/Sell Price'
16/06/2017-15:33: Updating field 'Type' for item '/sitecore/client/Applications/PricingPromotionsManager/Pages/All Books/Price Books/PageSettings/Messages/ErrorMessage'
16/06/2017-15:33: Updating field 'Type' for item '/sitecore/client/Applications/PricingPromotionsManager/Pages/All Books/Price Books/PageSettings/Messages/SuccessMessage'
16/06/2017-15:33: Updating field 'IsTemporary' for item '/sitecore/client/Applications/PricingPromotionsManager/Pages/All Books/Price Books/PageSettings/Messages/SuccessMessage'
16/06/2017-15:33: Updating field 'Text.en' for item '/sitecore/client/Applications/PricingPromotionsManager/Pages/All Books/Price Books/PageSettings/Messages/SuccessMessage'
16/06/2017-15:33: Updating field 'Type' for item '/sitecore/client/Applications/PricingPromotionsManager/Pages/All Books/Price Books/PageSettings/Messages/WarningMessage'
16/06/2017-15:33: Updating field 'Stylesheet' for item '/sitecore/client/Applications/PricingPromotionsManager/Pages/All Books/Price Books/PageSettings/Page-Stylesheet-File'
16/06/2017-15:33: Updating field '__Sortorder' for item '/sitecore/client/Applications/PricingPromotionsManager/Pages/All Books/Price Books/PageSettings/Page-Stylesheet-File'
16/06/2017-15:33: Updating field 'Theme' for item '/sitecore/client/Applications/PricingPromotionsManager/Pages/All Books/Price Books/PageSettings/Price Book'
16/06/2017-15:33: Updating field 'UseFullWidth' for item '/sitecore/client/Applications/PricingPromotionsManager/Pages/All Books/Price Books/PageSettings/Price Book'
16/06/2017-15:33: Updating field '__Sortorder' for item '/sitecore/client/Applications/PricingPromotionsManager/Pages/All Books/Price Books/PageSettings/Price Book'
16/06/2017-15:33: Updating field '__Renderings' for item '/sitecore/client/Applications/PricingPromotionsManager/Pages/All Books/Price Books/PageSettings/Price Book'
16/06/2017-15:33: Updating field 'BrowserTitle.en' for item '/sitecore/client/Applications/PricingPromotionsManager/Pages/All Books/Price Books/PageSettings/Price Book'
16/06/2017-15:33: Updating field 'Theme' for item '/sitecore/client/Applications/PricingPromotionsManager/Pages/All Books/Price Books/PageSettings/Price Book/PageSettings/Price Card'
16/06/2017-15:33: Updating field 'UseFullWidth' for item '/sitecore/client/Applications/PricingPromotionsManager/Pages/All Books/Price Books/PageSettings/Price Book/PageSettings/Price Card'
16/06/2017-15:33: Updating field '__Renderings' for item '/sitecore/client/Applications/PricingPromotionsManager/Pages/All Books/Price Books/PageSettings/Price Book/PageSettings/Price Card'
16/06/2017-15:33: Updating field 'BrowserTitle.en' for item '/sitecore/client/Applications/PricingPromotionsManager/Pages/All Books/Price Books/PageSettings/Price Book/PageSettings/Price Card'
16/06/2017-15:33: Updating field '__Sortorder' for item '/sitecore/client/Applications/PricingPromotionsManager/Pages/All Books/Price Books/PageSettings/Price Book/PageSettings/Price Card/PageSettings/ActionDialogCancel'
16/06/2017-15:33: Updating field 'Text.en' for item '/sitecore/client/Applications/PricingPromotionsManager/Pages/All Books/Price Books/PageSettings/Price Book/PageSettings/Price Card/PageSettings/ActionDialogCancel'
16/06/2017-15:33: Updating field 'ButtonType' for item '/sitecore/client/Applications/PricingPromotionsManager/Pages/All Books/Price Books/PageSettings/Price Book/PageSettings/Price Card/PageSettings/ActionDialogOK'
16/06/2017-15:33: Updating field '__Sortorder' for item '/sitecore/client/Applications/PricingPromotionsManager/Pages/All Books/Price Books/PageSettings/Price Book/PageSettings/Price Card/PageSettings/ActionDialogOK'
16/06/2017-15:33: Updating field 'Text.en' for item '/sitecore/client/Applications/PricingPromotionsManager/Pages/All Books/Price Books/PageSettings/Price Book/PageSettings/Price Card/PageSettings/ActionDialogOK'
16/06/2017-15:33: Updating field '__Sortorder' for item '/sitecore/client/Applications/PricingPromotionsManager/Pages/All Books/Price Books/PageSettings/Price Book/PageSettings/Price Card/PageSettings/ConfirmActionDialog'
16/06/2017-15:33: Updating field 'HeaderText.en' for item '/sitecore/client/Applications/PricingPromotionsManager/Pages/All Books/Price Books/PageSettings/Price Book/PageSettings/Price Card/PageSettings/ConfirmActionDialog'
16/06/2017-15:33: Updating field 'Title.en' for item '/sitecore/client/Applications/PricingPromotionsManager/Pages/All Books/Price Books/PageSettings/Price Book/PageSettings/Price Card/PageSettings/ConfirmActionDialog'
16/06/2017-15:33: Updating field 'Message.en' for item '/sitecore/client/Applications/PricingPromotionsManager/Pages/All Books/Price Books/PageSettings/Price Book/PageSettings/Price Card/PageSettings/ConfirmActionDialog'
16/06/2017-15:33: Updating field 'ButtonSet.en' for item '/sitecore/client/Applications/PricingPromotionsManager/Pages/All Books/Price Books/PageSettings/Price Book/PageSettings/Price Card/PageSettings/ConfirmActionDialog'
16/06/2017-15:33: Updating field '__Sortorder' for item '/sitecore/client/Applications/PricingPromotionsManager/Pages/All Books/Price Books/PageSettings/Price Book/PageSettings/Price Card/PageSettings/CurrencyRowCancelButton'
16/06/2017-15:33: Updating field 'Text.en' for item '/sitecore/client/Applications/PricingPromotionsManager/Pages/All Books/Price Books/PageSettings/Price Book/PageSettings/Price Card/PageSettings/CurrencyRowCancelButton'
16/06/2017-15:33: Updating field 'ButtonType' for item '/sitecore/client/Applications/PricingPromotionsManager/Pages/All Books/Price Books/PageSettings/Price Book/PageSettings/Price Card/PageSettings/CurrencyRowOKButton'
16/06/2017-15:33: Updating field '__Sortorder' for item '/sitecore/client/Applications/PricingPromotionsManager/Pages/All Books/Price Books/PageSettings/Price Book/PageSettings/Price Card/PageSettings/CurrencyRowOKButton'
16/06/2017-15:33: Updating field 'Text.en' for item '/sitecore/client/Applications/PricingPromotionsManager/Pages/All Books/Price Books/PageSettings/Price Book/PageSettings/Price Card/PageSettings/CurrencyRowOKButton'
16/06/2017-15:33: Updating field '__Sortorder' for item '/sitecore/client/Applications/PricingPromotionsManager/Pages/All Books/Price Books/PageSettings/Price Book/PageSettings/Price Card/PageSettings/GeneralErrorMessage'
16/06/2017-15:33: Updating field 'Type' for item '/sitecore/client/Applications/PricingPromotionsManager/Pages/All Books/Price Books/PageSettings/Price Book/PageSettings/Price Card/PageSettings/GeneralErrorMessage/ErrorMessage'
16/06/2017-15:33: Updating field 'IsClosable' for item '/sitecore/client/Applications/PricingPromotionsManager/Pages/All Books/Price Books/PageSettings/Price Book/PageSettings/Price Card/PageSettings/GeneralErrorMessage/ErrorMessage'
16/06/2017-15:33: Updating field 'IsTemporary' for item '/sitecore/client/Applications/PricingPromotionsManager/Pages/All Books/Price Books/PageSettings/Price Book/PageSettings/Price Card/PageSettings/GeneralErrorMessage/ErrorMessage'
16/06/2017-15:33: Updating field 'Text.en' for item '/sitecore/client/Applications/PricingPromotionsManager/Pages/All Books/Price Books/PageSettings/Price Book/PageSettings/Price Card/PageSettings/GeneralErrorMessage/ErrorMessage'
16/06/2017-15:33: Updating field 'Stylesheet' for item '/sitecore/client/Applications/PricingPromotionsManager/Pages/All Books/Price Books/PageSettings/Price Book/PageSettings/Price Card/PageSettings/Page-Stylesheet-File'
16/06/2017-15:33: Updating field '__Sortorder' for item '/sitecore/client/Applications/PricingPromotionsManager/Pages/All Books/Price Books/PageSettings/Price Book/PageSettings/Price Card/PageSettings/Page-Stylesheet-File'
16/06/2017-15:33: Updating field '__Sortorder' for item '/sitecore/client/Applications/PricingPromotionsManager/Pages/All Books/Price Books/PageSettings/Price Book/PageSettings/Price Card/PageSettings/PriceTiersEditor'
16/06/2017-15:33: Updating field 'CurrencyLabelText.en' for item '/sitecore/client/Applications/PricingPromotionsManager/Pages/All Books/Price Books/PageSettings/Price Book/PageSettings/Price Card/PageSettings/PriceTiersEditor'
16/06/2017-15:33: Updating field 'PriceTiersLabelText.en' for item '/sitecore/client/Applications/PricingPromotionsManager/Pages/All Books/Price Books/PageSettings/Price Book/PageSettings/Price Card/PageSettings/PriceTiersEditor'
16/06/2017-15:33: Updating field 'TierColumnText.en' for item '/sitecore/client/Applications/PricingPromotionsManager/Pages/All Books/Price Books/PageSettings/Price Book/PageSettings/Price Card/PageSettings/PriceTiersEditor'
16/06/2017-15:33: Updating field 'PricingColumnText.en' for item '/sitecore/client/Applications/PricingPromotionsManager/Pages/All Books/Price Books/PageSettings/Price Book/PageSettings/Price Card/PageSettings/PriceTiersEditor'
16/06/2017-15:33: Updating field '__Sortorder' for item '/sitecore/client/Applications/PricingPromotionsManager/Pages/All Books/Price Books/PageSettings/Price Book/PageSettings/Price Card/PageSettings/PricingCardTabControl'
16/06/2017-15:33: Updating field 'IsSubAppRegistered' for item '/sitecore/client/Applications/PricingPromotionsManager/Pages/All Books/Price Books/PageSettings/Price Book/PageSettings/Price Card/PageSettings/PricingCardTabControl/Details'
16/06/2017-15:33: Updating field '__Renderings' for item '/sitecore/client/Applications/PricingPromotionsManager/Pages/All Books/Price Books/PageSettings/Price Book/PageSettings/Price Card/PageSettings/PricingCardTabControl/Details'
16/06/2017-15:33: Updating field 'Header.en' for item '/sitecore/client/Applications/PricingPromotionsManager/Pages/All Books/Price Books/PageSettings/Price Book/PageSettings/Price Card/PageSettings/PricingCardTabControl/Details'
16/06/2017-15:33: Updating field 'Tooltip.en' for item '/sitecore/client/Applications/PricingPromotionsManager/Pages/All Books/Price Books/PageSettings/Price Book/PageSettings/Price Card/PageSettings/PricingCardTabControl/Details'
16/06/2017-15:33: Updating field 'IsSubAppRegistered' for item '/sitecore/client/Applications/PricingPromotionsManager/Pages/All Books/Price Books/PageSettings/Price Book/PageSettings/Price Card/PageSettings/PricingCardTabControl/Snapshots'
16/06/2017-15:33: Updating field '__Renderings' for item '/sitecore/client/Applications/PricingPromotionsManager/Pages/All Books/Price Books/PageSettings/Price Book/PageSettings/Price Card/PageSettings/PricingCardTabControl/Snapshots'
16/06/2017-15:33: Updating field 'Header.en' for item '/sitecore/client/Applications/PricingPromotionsManager/Pages/All Books/Price Books/PageSettings/Price Book/PageSettings/Price Card/PageSettings/PricingCardTabControl/Snapshots'
16/06/2017-15:33: Updating field 'Tooltip.en' for item '/sitecore/client/Applications/PricingPromotionsManager/Pages/All Books/Price Books/PageSettings/Price Book/PageSettings/Price Card/PageSettings/PricingCardTabControl/Snapshots'
16/06/2017-15:33: Updating field '__Sortorder' for item '/sitecore/client/Applications/PricingPromotionsManager/Pages/All Books/Price Books/PageSettings/Price Book/PageSettings/Price Card/PageSettings/SuccessMessage'
16/06/2017-15:33: Updating field 'Type' for item '/sitecore/client/Applications/PricingPromotionsManager/Pages/All Books/Price Books/PageSettings/Price Book/PageSettings/Price Card/PageSettings/SuccessMessage/SuccessMessage'
16/06/2017-15:33: Updating field 'IsTemporary' for item '/sitecore/client/Applications/PricingPromotionsManager/Pages/All Books/Price Books/PageSettings/Price Book/PageSettings/Price Card/PageSettings/SuccessMessage/SuccessMessage'
16/06/2017-15:33: Updating field 'Text.en' for item '/sitecore/client/Applications/PricingPromotionsManager/Pages/All Books/Price Books/PageSettings/Price Book/PageSettings/Price Card/PageSettings/SuccessMessage/SuccessMessage'
16/06/2017-15:33: Updating field 'Stylesheet' for item '/sitecore/client/Applications/PricingPromotionsManager/Pages/All Books/Price Books/PageSettings/Price Book/PageSettings/Price Card/PageSettings/TagEditor-Stylesheet-File'
16/06/2017-15:33: Updating field '__Sortorder' for item '/sitecore/client/Applications/PricingPromotionsManager/Pages/All Books/Price Books/PageSettings/Price Book/PageSettings/Price Card/PageSettings/TagEditor-Stylesheet-File'
16/06/2017-15:33: Updating field '__Sortorder' for item '/sitecore/client/Applications/PricingPromotionsManager/Pages/All Books/Price Books/PageSettings/Price Book/PageSettings/Price Card/PageSettings/Text'
16/06/2017-15:33: Updating field 'Text.en' for item '/sitecore/client/Applications/PricingPromotionsManager/Pages/All Books/Price Books/PageSettings/Price Book/PageSettings/Price Card/PageSettings/Text/HeaderTitle'
16/06/2017-15:33: Updating field 'Text.en' for item '/sitecore/client/Applications/PricingPromotionsManager/Pages/All Books/Price Books/PageSettings/Price Book/PageSettings/ActionDialogCancel'
16/06/2017-15:33: Updating field 'ButtonType' for item '/sitecore/client/Applications/PricingPromotionsManager/Pages/All Books/Price Books/PageSettings/Price Book/PageSettings/ActionDialogOK'
16/06/2017-15:33: Updating field 'Text.en' for item '/sitecore/client/Applications/PricingPromotionsManager/Pages/All Books/Price Books/PageSettings/Price Book/PageSettings/ActionDialogOK'
16/06/2017-15:33: Updating field 'HeaderText.en' for item '/sitecore/client/Applications/PricingPromotionsManager/Pages/All Books/Price Books/PageSettings/Price Book/PageSettings/ConfirmActionDialog'
16/06/2017-15:33: Updating field 'Title.en' for item '/sitecore/client/Applications/PricingPromotionsManager/Pages/All Books/Price Books/PageSettings/Price Book/PageSettings/ConfirmActionDialog'
16/06/2017-15:33: Updating field 'Message.en' for item '/sitecore/client/Applications/PricingPromotionsManager/Pages/All Books/Price Books/PageSettings/Price Book/PageSettings/ConfirmActionDialog'
16/06/2017-15:33: Updating field 'ButtonSet.en' for item '/sitecore/client/Applications/PricingPromotionsManager/Pages/All Books/Price Books/PageSettings/Price Book/PageSettings/ConfirmActionDialog'
16/06/2017-15:33: Updating field '__Sortorder' for item '/sitecore/client/Applications/PricingPromotionsManager/Pages/All Books/Price Books/PageSettings/Price Book/PageSettings/GeneralErrorMessage'
16/06/2017-15:33: Updating field 'Type' for item '/sitecore/client/Applications/PricingPromotionsManager/Pages/All Books/Price Books/PageSettings/Price Book/PageSettings/GeneralErrorMessage/ErrorMessage'
16/06/2017-15:33: Updating field 'IsClosable' for item '/sitecore/client/Applications/PricingPromotionsManager/Pages/All Books/Price Books/PageSettings/Price Book/PageSettings/GeneralErrorMessage/ErrorMessage'
16/06/2017-15:33: Updating field 'IsTemporary' for item '/sitecore/client/Applications/PricingPromotionsManager/Pages/All Books/Price Books/PageSettings/Price Book/PageSettings/GeneralErrorMessage/ErrorMessage'
16/06/2017-15:33: Updating field 'Text.en' for item '/sitecore/client/Applications/PricingPromotionsManager/Pages/All Books/Price Books/PageSettings/Price Book/PageSettings/GeneralErrorMessage/ErrorMessage'
16/06/2017-15:33: Updating field 'Stylesheet' for item '/sitecore/client/Applications/PricingPromotionsManager/Pages/All Books/Price Books/PageSettings/Price Book/PageSettings/Page-Stylesheet-File'
16/06/2017-15:33: Updating field 'Type' for item '/sitecore/client/Applications/PricingPromotionsManager/Pages/All Books/Price Books/PageSettings/Price Book/PageSettings/SuccessMessage/SuccessMessage'
16/06/2017-15:33: Updating field 'IsTemporary' for item '/sitecore/client/Applications/PricingPromotionsManager/Pages/All Books/Price Books/PageSettings/Price Book/PageSettings/SuccessMessage/SuccessMessage'
16/06/2017-15:33: Updating field 'Text.en' for item '/sitecore/client/Applications/PricingPromotionsManager/Pages/All Books/Price Books/PageSettings/Price Book/PageSettings/SuccessMessage/SuccessMessage'
16/06/2017-15:33: Updating field 'Type' for item '/sitecore/client/Applications/PricingPromotionsManager/Pages/All Books/Price Books/PageSettings/SuccessMessage/SuccessMessage'
16/06/2017-15:33: Updating field 'IsTemporary' for item '/sitecore/client/Applications/PricingPromotionsManager/Pages/All Books/Price Books/PageSettings/SuccessMessage/SuccessMessage'
16/06/2017-15:33: Updating field 'Text.en' for item '/sitecore/client/Applications/PricingPromotionsManager/Pages/All Books/Price Books/PageSettings/SuccessMessage/SuccessMessage'
16/06/2017-15:33: Updating field '__Sortorder' for item '/sitecore/client/Applications/PricingPromotionsManager/Pages/All Books/Price Books/PageSettings/Text'
16/06/2017-15:33: Updating field 'Text.en' for item '/sitecore/client/Applications/PricingPromotionsManager/Pages/All Books/Price Books/PageSettings/Text/AppTitleText'
16/06/2017-15:33: Updating field 'TextSize' for item '/sitecore/client/Applications/PricingPromotionsManager/Pages/All Books/Price Books/PageSettings/Text/AssociateCatalogDialogTitle - Parameters'
16/06/2017-15:33: Updating field 'Text.en' for item '/sitecore/client/Applications/PricingPromotionsManager/Pages/All Books/Price Books/PageSettings/Text/AssociateCatalogDialogTitle - Parameters'
16/06/2017-15:33: Updating field 'Text.en' for item '/sitecore/client/Applications/PricingPromotionsManager/Pages/All Books/Price Books/PageSettings/Text/BookHeaderTitle'
16/06/2017-15:33: Updating field 'Text.en' for item '/sitecore/client/Applications/PricingPromotionsManager/Pages/All Books/Price Books/PageSettings/Text/Comments'
16/06/2017-15:33: Updating field 'Text.en' for item '/sitecore/client/Applications/PricingPromotionsManager/Pages/All Books/Price Books/PageSettings/Text/CommentTitle'
16/06/2017-15:33: Updating field 'TextSize' for item '/sitecore/client/Applications/PricingPromotionsManager/Pages/All Books/Price Books/PageSettings/Text/ConnectCardDialogTitle - Parameters'
16/06/2017-15:33: Updating field 'Text.en' for item '/sitecore/client/Applications/PricingPromotionsManager/Pages/All Books/Price Books/PageSettings/Text/ConnectCardDialogTitle - Parameters'
16/06/2017-15:33: Updating field 'Text.en' for item '/sitecore/client/Applications/PricingPromotionsManager/Pages/All Books/Price Books/PageSettings/Text/HeaderTitle'
16/06/2017-15:33: Updating field 'TextSize' for item '/sitecore/client/Applications/PricingPromotionsManager/Pages/All Books/Price Books/PageSettings/Text/InspectPricingDialogTitle - Parameters'
16/06/2017-15:33: Updating field 'Text.en' for item '/sitecore/client/Applications/PricingPromotionsManager/Pages/All Books/Price Books/PageSettings/Text/InspectPricingDialogTitle - Parameters'
16/06/2017-15:33: Updating field 'TextSize' for item '/sitecore/client/Applications/PricingPromotionsManager/Pages/All Books/Price Books/PageSettings/Text/ItemNameLabel - Parameters'
16/06/2017-15:33: Updating field 'Text.en' for item '/sitecore/client/Applications/PricingPromotionsManager/Pages/All Books/Price Books/PageSettings/Text/ItemNameLabel - Parameters'
16/06/2017-15:33: Updating field 'TextSize' for item '/sitecore/client/Applications/PricingPromotionsManager/Pages/All Books/Price Books/PageSettings/Text/PricePerUnitLabel - Parameters'
16/06/2017-15:33: Updating field 'Text.en' for item '/sitecore/client/Applications/PricingPromotionsManager/Pages/All Books/Price Books/PageSettings/Text/PricePerUnitLabel - Parameters'
16/06/2017-15:33: Updating field 'Theme' for item '/sitecore/client/Applications/PricingPromotionsManager/Pages/All Books/Promotion Books'
16/06/2017-15:33: Updating field 'UseFullWidth' for item '/sitecore/client/Applications/PricingPromotionsManager/Pages/All Books/Promotion Books'
16/06/2017-15:33: Updating field '__Sortorder' for item '/sitecore/client/Applications/PricingPromotionsManager/Pages/All Books/Promotion Books'
16/06/2017-15:33: Updating field '__Renderings' for item '/sitecore/client/Applications/PricingPromotionsManager/Pages/All Books/Promotion Books'
16/06/2017-15:33: Updating field '__Security' for item '/sitecore/client/Applications/PricingPromotionsManager/Pages/All Books/Promotion Books'
16/06/2017-15:33: Updating field 'BrowserTitle.en' for item '/sitecore/client/Applications/PricingPromotionsManager/Pages/All Books/Promotion Books'
16/06/2017-15:33: Updating field '__Display name.en' for item '/sitecore/client/Applications/PricingPromotionsManager/Pages/All Books/Promotion Books'
16/06/2017-15:33: Updating field 'Theme' for item '/sitecore/client/Applications/PricingPromotionsManager/Pages/All Books/Promotion Books/PageSettings/Promotion Book'
16/06/2017-15:33: Updating field 'UseFullWidth' for item '/sitecore/client/Applications/PricingPromotionsManager/Pages/All Books/Promotion Books/PageSettings/Promotion Book'
16/06/2017-15:33: Updating field '__Sortorder' for item '/sitecore/client/Applications/PricingPromotionsManager/Pages/All Books/Promotion Books/PageSettings/Promotion Book'
16/06/2017-15:33: Updating field '__Renderings' for item '/sitecore/client/Applications/PricingPromotionsManager/Pages/All Books/Promotion Books/PageSettings/Promotion Book'
16/06/2017-15:33: Updating field 'BrowserTitle.en' for item '/sitecore/client/Applications/PricingPromotionsManager/Pages/All Books/Promotion Books/PageSettings/Promotion Book'
16/06/2017-15:33: Updating field 'Theme' for item '/sitecore/client/Applications/PricingPromotionsManager/Pages/All Books/Promotion Books/PageSettings/Promotion Book/PageSettings/Promotion'
16/06/2017-15:33: Updating field 'UseFullWidth' for item '/sitecore/client/Applications/PricingPromotionsManager/Pages/All Books/Promotion Books/PageSettings/Promotion Book/PageSettings/Promotion'
16/06/2017-15:33: Updating field '__Renderings' for item '/sitecore/client/Applications/PricingPromotionsManager/Pages/All Books/Promotion Books/PageSettings/Promotion Book/PageSettings/Promotion'
16/06/2017-15:33: Updating field 'BrowserTitle.en' for item '/sitecore/client/Applications/PricingPromotionsManager/Pages/All Books/Promotion Books/PageSettings/Promotion Book/PageSettings/Promotion'
16/06/2017-15:33: Updating field 'Text.en' for item '/sitecore/client/Applications/PricingPromotionsManager/Pages/All Books/Promotion Books/PageSettings/Promotion Book/PageSettings/Promotion/PageSettings/ActionDialogCancel'
16/06/2017-15:33: Updating field 'Text.en' for item '/sitecore/client/Applications/PricingPromotionsManager/Pages/All Books/Promotion Books/PageSettings/Promotion Book/PageSettings/Promotion/PageSettings/ActionDialogOK'
16/06/2017-15:33: Updating field 'HeaderText.en' for item '/sitecore/client/Applications/PricingPromotionsManager/Pages/All Books/Promotion Books/PageSettings/Promotion Book/PageSettings/Promotion/PageSettings/ConfirmActionDialog'
16/06/2017-15:33: Updating field 'Title.en' for item '/sitecore/client/Applications/PricingPromotionsManager/Pages/All Books/Promotion Books/PageSettings/Promotion Book/PageSettings/Promotion/PageSettings/ConfirmActionDialog'
16/06/2017-15:33: Updating field 'Message.en' for item '/sitecore/client/Applications/PricingPromotionsManager/Pages/All Books/Promotion Books/PageSettings/Promotion Book/PageSettings/Promotion/PageSettings/ConfirmActionDialog'
16/06/2017-15:33: Updating field 'ButtonSet.en' for item '/sitecore/client/Applications/PricingPromotionsManager/Pages/All Books/Promotion Books/PageSettings/Promotion Book/PageSettings/Promotion/PageSettings/ConfirmActionDialog'
16/06/2017-15:33: Updating field 'Type' for item '/sitecore/client/Applications/PricingPromotionsManager/Pages/All Books/Promotion Books/PageSettings/Promotion Book/PageSettings/Promotion/PageSettings/GeneralErrorMessage/ErrorMessage'
16/06/2017-15:33: Updating field 'IsClosable' for item '/sitecore/client/Applications/PricingPromotionsManager/Pages/All Books/Promotion Books/PageSettings/Promotion Book/PageSettings/Promotion/PageSettings/GeneralErrorMessage/ErrorMessage'
16/06/2017-15:33: Updating field 'IsTemporary' for item '/sitecore/client/Applications/PricingPromotionsManager/Pages/All Books/Promotion Books/PageSettings/Promotion Book/PageSettings/Promotion/PageSettings/GeneralErrorMessage/ErrorMessage'
16/06/2017-15:33: Updating field 'Text.en' for item '/sitecore/client/Applications/PricingPromotionsManager/Pages/All Books/Promotion Books/PageSettings/Promotion Book/PageSettings/Promotion/PageSettings/GeneralErrorMessage/ErrorMessage'
16/06/2017-15:33: Updating field 'Stylesheet' for item '/sitecore/client/Applications/PricingPromotionsManager/Pages/All Books/Promotion Books/PageSettings/Promotion Book/PageSettings/Promotion/PageSettings/Page-Stylesheet-File'
16/06/2017-15:33: Updating field '__Sortorder' for item '/sitecore/client/Applications/PricingPromotionsManager/Pages/All Books/Promotion Books/PageSettings/Promotion Book/PageSettings/Promotion/PageSettings/Page-Stylesheet-File'
16/06/2017-15:33: Updating field 'Stylesheet' for item '/sitecore/client/Applications/PricingPromotionsManager/Pages/All Books/Promotion Books/PageSettings/Promotion Book/PageSettings/Promotion/PageSettings/QueryBuilder-Stylesheet-File'
16/06/2017-15:33: Updating field '__Sortorder' for item '/sitecore/client/Applications/PricingPromotionsManager/Pages/All Books/Promotion Books/PageSettings/Promotion Book/PageSettings/Promotion/PageSettings/QueryBuilder-Stylesheet-File'
16/06/2017-15:33: Updating field 'Type' for item '/sitecore/client/Applications/PricingPromotionsManager/Pages/All Books/Promotion Books/PageSettings/Promotion Book/PageSettings/Promotion/PageSettings/SuccessMessage/SuccessMessage'
16/06/2017-15:33: Updating field 'IsTemporary' for item '/sitecore/client/Applications/PricingPromotionsManager/Pages/All Books/Promotion Books/PageSettings/Promotion Book/PageSettings/Promotion/PageSettings/SuccessMessage/SuccessMessage'
16/06/2017-15:33: Updating field 'Text.en' for item '/sitecore/client/Applications/PricingPromotionsManager/Pages/All Books/Promotion Books/PageSettings/Promotion Book/PageSettings/Promotion/PageSettings/SuccessMessage/SuccessMessage'
16/06/2017-15:33: Updating field 'Stylesheet' for item '/sitecore/client/Applications/PricingPromotionsManager/Pages/All Books/Promotion Books/PageSettings/Promotion Book/PageSettings/Promotion/PageSettings/TagEditor-Stylesheet-File'
16/06/2017-15:33: Updating field 'Text.en' for item '/sitecore/client/Applications/PricingPromotionsManager/Pages/All Books/Promotion Books/PageSettings/Promotion Book/PageSettings/ActionDialogCancel'
16/06/2017-15:33: Updating field 'Text.en' for item '/sitecore/client/Applications/PricingPromotionsManager/Pages/All Books/Promotion Books/PageSettings/Promotion Book/PageSettings/ActionDialogOK'
16/06/2017-15:33: Updating field 'HeaderText.en' for item '/sitecore/client/Applications/PricingPromotionsManager/Pages/All Books/Promotion Books/PageSettings/Promotion Book/PageSettings/ConfirmActionDialog'
16/06/2017-15:33: Updating field 'Title.en' for item '/sitecore/client/Applications/PricingPromotionsManager/Pages/All Books/Promotion Books/PageSettings/Promotion Book/PageSettings/ConfirmActionDialog'
16/06/2017-15:33: Updating field 'Message.en' for item '/sitecore/client/Applications/PricingPromotionsManager/Pages/All Books/Promotion Books/PageSettings/Promotion Book/PageSettings/ConfirmActionDialog'
16/06/2017-15:33: Updating field 'ButtonSet.en' for item '/sitecore/client/Applications/PricingPromotionsManager/Pages/All Books/Promotion Books/PageSettings/Promotion Book/PageSettings/ConfirmActionDialog'
16/06/2017-15:33: Updating field '__Sortorder' for item '/sitecore/client/Applications/PricingPromotionsManager/Pages/All Books/Promotion Books/PageSettings/Promotion Book/PageSettings/GeneralErrorMessage'
16/06/2017-15:33: Updating field 'Type' for item '/sitecore/client/Applications/PricingPromotionsManager/Pages/All Books/Promotion Books/PageSettings/Promotion Book/PageSettings/GeneralErrorMessage/ErrorMessage'
16/06/2017-15:33: Updating field 'IsClosable' for item '/sitecore/client/Applications/PricingPromotionsManager/Pages/All Books/Promotion Books/PageSettings/Promotion Book/PageSettings/GeneralErrorMessage/ErrorMessage'
16/06/2017-15:33: Updating field 'IsTemporary' for item '/sitecore/client/Applications/PricingPromotionsManager/Pages/All Books/Promotion Books/PageSettings/Promotion Book/PageSettings/GeneralErrorMessage/ErrorMessage'
16/06/2017-15:33: Updating field 'Text.en' for item '/sitecore/client/Applications/PricingPromotionsManager/Pages/All Books/Promotion Books/PageSettings/Promotion Book/PageSettings/GeneralErrorMessage/ErrorMessage'
16/06/2017-15:33: Updating field 'Stylesheet' for item '/sitecore/client/Applications/PricingPromotionsManager/Pages/All Books/Promotion Books/PageSettings/Promotion Book/PageSettings/Page-Stylesheet-File'
16/06/2017-15:33: Updating field 'Type' for item '/sitecore/client/Applications/PricingPromotionsManager/Pages/All Books/Promotion Books/PageSettings/Promotion Book/PageSettings/SuccessMessage/SuccessMessage'
16/06/2017-15:33: Updating field 'IsTemporary' for item '/sitecore/client/Applications/PricingPromotionsManager/Pages/All Books/Promotion Books/PageSettings/Promotion Book/PageSettings/SuccessMessage/SuccessMessage'
16/06/2017-15:33: Updating field 'Text.en' for item '/sitecore/client/Applications/PricingPromotionsManager/Pages/All Books/Promotion Books/PageSettings/Promotion Book/PageSettings/SuccessMessage/SuccessMessage'
16/06/2017-15:33: Updating field '__Sortorder' for item '/sitecore/client/Applications/PricingPromotionsManager/Pages/All Books/Promotion Books/PageSettings/ActionDialogCancel'
16/06/2017-15:33: Updating field 'Text.en' for item '/sitecore/client/Applications/PricingPromotionsManager/Pages/All Books/Promotion Books/PageSettings/ActionDialogCancel'
16/06/2017-15:33: Updating field '__Sortorder' for item '/sitecore/client/Applications/PricingPromotionsManager/Pages/All Books/Promotion Books/PageSettings/ActionDialogOK'
16/06/2017-15:33: Updating field 'Text.en' for item '/sitecore/client/Applications/PricingPromotionsManager/Pages/All Books/Promotion Books/PageSettings/ActionDialogOK'
16/06/2017-15:33: Updating field '__Sortorder' for item '/sitecore/client/Applications/PricingPromotionsManager/Pages/All Books/Promotion Books/PageSettings/Buttons'
16/06/2017-15:33: Updating field 'Tooltip.en' for item '/sitecore/client/Applications/PricingPromotionsManager/Pages/All Books/Promotion Books/PageSettings/Buttons/AddBookButton Parameters'
16/06/2017-15:33: Updating field 'Text.en' for item '/sitecore/client/Applications/PricingPromotionsManager/Pages/All Books/Promotion Books/PageSettings/Buttons/AddBookButton Parameters'
16/06/2017-15:33: Updating field 'Tooltip.en' for item '/sitecore/client/Applications/PricingPromotionsManager/Pages/All Books/Promotion Books/PageSettings/Buttons/AddProductButton Parameters'
16/06/2017-15:33: Updating field 'Text.en' for item '/sitecore/client/Applications/PricingPromotionsManager/Pages/All Books/Promotion Books/PageSettings/Buttons/AddProductButton Parameters'
16/06/2017-15:33: Updating field 'Text.en' for item '/sitecore/client/Applications/PricingPromotionsManager/Pages/All Books/Promotion Books/PageSettings/Buttons/AddPromotionButton Parameters'
16/06/2017-15:33: Updating field 'Tooltip.en' for item '/sitecore/client/Applications/PricingPromotionsManager/Pages/All Books/Promotion Books/PageSettings/Buttons/CancelButton Parameters'
16/06/2017-15:33: Updating field 'Text.en' for item '/sitecore/client/Applications/PricingPromotionsManager/Pages/All Books/Promotion Books/PageSettings/Buttons/CancelButton Parameters'
16/06/2017-15:33: Updating field 'ButtonType' for item '/sitecore/client/Applications/PricingPromotionsManager/Pages/All Books/Promotion Books/PageSettings/Buttons/ClearCacheButton Parameters'
16/06/2017-15:33: Updating field '__Editors' for item '/sitecore/client/Applications/PricingPromotionsManager/Pages/All Books/Promotion Books/PageSettings/Buttons/ClearCacheButton Parameters'
16/06/2017-15:33: Updating field '__Sortorder' for item '/sitecore/client/Applications/PricingPromotionsManager/Pages/All Books/Promotion Books/PageSettings/Buttons/ClearCacheButton Parameters'
16/06/2017-15:33: Updating field '__Masters' for item '/sitecore/client/Applications/PricingPromotionsManager/Pages/All Books/Promotion Books/PageSettings/Buttons/ClearCacheButton Parameters'
16/06/2017-15:33: Updating field 'Tooltip.en' for item '/sitecore/client/Applications/PricingPromotionsManager/Pages/All Books/Promotion Books/PageSettings/Buttons/ClearCacheButton Parameters'
16/06/2017-15:33: Updating field 'Text.en' for item '/sitecore/client/Applications/PricingPromotionsManager/Pages/All Books/Promotion Books/PageSettings/Buttons/ClearCacheButton Parameters'
16/06/2017-15:33: Updating field 'Tooltip.en' for item '/sitecore/client/Applications/PricingPromotionsManager/Pages/All Books/Promotion Books/PageSettings/Buttons/DeleteBookButton Parameters'
16/06/2017-15:33: Updating field 'Text.en' for item '/sitecore/client/Applications/PricingPromotionsManager/Pages/All Books/Promotion Books/PageSettings/Buttons/DeleteBookButton Parameters'
16/06/2017-15:33: Updating field 'Tooltip.en' for item '/sitecore/client/Applications/PricingPromotionsManager/Pages/All Books/Promotion Books/PageSettings/Buttons/DeletePromotionButton Parameters'
16/06/2017-15:33: Updating field 'Text.en' for item '/sitecore/client/Applications/PricingPromotionsManager/Pages/All Books/Promotion Books/PageSettings/Buttons/DeletePromotionButton Parameters'
16/06/2017-15:33: Updating field 'Tooltip.en' for item '/sitecore/client/Applications/PricingPromotionsManager/Pages/All Books/Promotion Books/PageSettings/Buttons/DuplicatePromotionButton Parameters'
16/06/2017-15:33: Updating field 'Text.en' for item '/sitecore/client/Applications/PricingPromotionsManager/Pages/All Books/Promotion Books/PageSettings/Buttons/DuplicatePromotionButton Parameters'
16/06/2017-15:33: Updating field 'Tooltip.en' for item '/sitecore/client/Applications/PricingPromotionsManager/Pages/All Books/Promotion Books/PageSettings/Buttons/ExcludeProductButton Parameters'
16/06/2017-15:33: Updating field 'Text.en' for item '/sitecore/client/Applications/PricingPromotionsManager/Pages/All Books/Promotion Books/PageSettings/Buttons/ExcludeProductButton Parameters'
16/06/2017-15:33: Updating field 'Icon' for item '/sitecore/client/Applications/PricingPromotionsManager/Pages/All Books/Promotion Books/PageSettings/Buttons/FindButtonTextBox Parameters'
16/06/2017-15:33: Updating field 'Tooltip.en' for item '/sitecore/client/Applications/PricingPromotionsManager/Pages/All Books/Promotion Books/PageSettings/Buttons/FindButtonTextBox Parameters'
16/06/2017-15:33: Updating field 'Watermark.en' for item '/sitecore/client/Applications/PricingPromotionsManager/Pages/All Books/Promotion Books/PageSettings/Buttons/FindButtonTextBox Parameters'
16/06/2017-15:33: Updating field 'Tooltip.en' for item '/sitecore/client/Applications/PricingPromotionsManager/Pages/All Books/Promotion Books/PageSettings/Buttons/GenerateBatchButton Parameters'
16/06/2017-15:33: Updating field 'Text.en' for item '/sitecore/client/Applications/PricingPromotionsManager/Pages/All Books/Promotion Books/PageSettings/Buttons/GenerateBatchButton Parameters'
16/06/2017-15:33: Updating field 'Tooltip.en' for item '/sitecore/client/Applications/PricingPromotionsManager/Pages/All Books/Promotion Books/PageSettings/Buttons/InvalidateCouponButton Parameters'
16/06/2017-15:33: Updating field 'Text.en' for item '/sitecore/client/Applications/PricingPromotionsManager/Pages/All Books/Promotion Books/PageSettings/Buttons/InvalidateCouponButton Parameters'
16/06/2017-15:33: Updating field 'Tooltip.en' for item '/sitecore/client/Applications/PricingPromotionsManager/Pages/All Books/Promotion Books/PageSettings/Buttons/ItemPromotionsButton Parameters'
16/06/2017-15:33: Updating field 'Text.en' for item '/sitecore/client/Applications/PricingPromotionsManager/Pages/All Books/Promotion Books/PageSettings/Buttons/ItemPromotionsButton Parameters'
16/06/2017-15:33: Updating field 'Tooltip.en' for item '/sitecore/client/Applications/PricingPromotionsManager/Pages/All Books/Promotion Books/PageSettings/Buttons/NewBatchButton Parameters'
16/06/2017-15:33: Updating field 'Text.en' for item '/sitecore/client/Applications/PricingPromotionsManager/Pages/All Books/Promotion Books/PageSettings/Buttons/NewBatchButton Parameters'
16/06/2017-15:33: Updating field 'Tooltip.en' for item '/sitecore/client/Applications/PricingPromotionsManager/Pages/All Books/Promotion Books/PageSettings/Buttons/NewCouponButton Parameters'
16/06/2017-15:33: Updating field 'Text.en' for item '/sitecore/client/Applications/PricingPromotionsManager/Pages/All Books/Promotion Books/PageSettings/Buttons/NewCouponButton Parameters'
16/06/2017-15:33: Updating field 'Tooltip.en' for item '/sitecore/client/Applications/PricingPromotionsManager/Pages/All Books/Promotion Books/PageSettings/Buttons/RemovePromotionButton Parameters'
16/06/2017-15:33: Updating field 'Text.en' for item '/sitecore/client/Applications/PricingPromotionsManager/Pages/All Books/Promotion Books/PageSettings/Buttons/RemovePromotionButton Parameters'
16/06/2017-15:33: Updating field 'Tooltip.en' for item '/sitecore/client/Applications/PricingPromotionsManager/Pages/All Books/Promotion Books/PageSettings/Buttons/SaveButton Parameters'
16/06/2017-15:33: Updating field 'Text.en' for item '/sitecore/client/Applications/PricingPromotionsManager/Pages/All Books/Promotion Books/PageSettings/Buttons/SaveButton Parameters'
16/06/2017-15:33: Updating field 'Tooltip.en' for item '/sitecore/client/Applications/PricingPromotionsManager/Pages/All Books/Promotion Books/PageSettings/Buttons/ViewProductButton Parameters'
16/06/2017-15:33: Updating field 'Text.en' for item '/sitecore/client/Applications/PricingPromotionsManager/Pages/All Books/Promotion Books/PageSettings/Buttons/ViewProductButton Parameters'
16/06/2017-15:33: Updating field 'Tooltip.en' for item '/sitecore/client/Applications/PricingPromotionsManager/Pages/All Books/Promotion Books/PageSettings/Buttons/ViewPromotionButton Parameters'
16/06/2017-15:33: Updating field 'Text.en' for item '/sitecore/client/Applications/PricingPromotionsManager/Pages/All Books/Promotion Books/PageSettings/Buttons/ViewPromotionButton Parameters'
16/06/2017-15:33: Updating field 'Tooltip.en' for item '/sitecore/client/Applications/PricingPromotionsManager/Pages/All Books/Promotion Books/PageSettings/Buttons/ViewQualifiedProductsButton Parameters'
16/06/2017-15:33: Updating field 'Text.en' for item '/sitecore/client/Applications/PricingPromotionsManager/Pages/All Books/Promotion Books/PageSettings/Buttons/ViewQualifiedProductsButton Parameters'
16/06/2017-15:33: Updating field '__Sortorder' for item '/sitecore/client/Applications/PricingPromotionsManager/Pages/All Books/Promotion Books/PageSettings/ConfirmActionDialog'
16/06/2017-15:33: Updating field 'HeaderText.en' for item '/sitecore/client/Applications/PricingPromotionsManager/Pages/All Books/Promotion Books/PageSettings/ConfirmActionDialog'
16/06/2017-15:33: Updating field 'Title.en' for item '/sitecore/client/Applications/PricingPromotionsManager/Pages/All Books/Promotion Books/PageSettings/ConfirmActionDialog'
16/06/2017-15:33: Updating field 'Message.en' for item '/sitecore/client/Applications/PricingPromotionsManager/Pages/All Books/Promotion Books/PageSettings/ConfirmActionDialog'
16/06/2017-15:33: Updating field 'ButtonSet.en' for item '/sitecore/client/Applications/PricingPromotionsManager/Pages/All Books/Promotion Books/PageSettings/ConfirmActionDialog'
16/06/2017-15:33: Updating field 'IconType' for item '/sitecore/client/Applications/PricingPromotionsManager/Pages/All Books/Promotion Books/PageSettings/ConfirmClearCacheActionDialog'
16/06/2017-15:33: Updating field 'HeaderText.en' for item '/sitecore/client/Applications/PricingPromotionsManager/Pages/All Books/Promotion Books/PageSettings/ConfirmClearCacheActionDialog'
16/06/2017-15:33: Updating field 'Title.en' for item '/sitecore/client/Applications/PricingPromotionsManager/Pages/All Books/Promotion Books/PageSettings/ConfirmClearCacheActionDialog'
16/06/2017-15:33: Updating field 'Message.en' for item '/sitecore/client/Applications/PricingPromotionsManager/Pages/All Books/Promotion Books/PageSettings/ConfirmClearCacheActionDialog'
16/06/2017-15:33: Updating field 'ButtonSet.en' for item '/sitecore/client/Applications/PricingPromotionsManager/Pages/All Books/Promotion Books/PageSettings/ConfirmClearCacheActionDialog'
16/06/2017-15:33: Updating field '__Sortorder' for item '/sitecore/client/Applications/PricingPromotionsManager/Pages/All Books/Promotion Books/PageSettings/DropDowns'
16/06/2017-15:33: Updating field 'Text.en' for item '/sitecore/client/Applications/PricingPromotionsManager/Pages/All Books/Promotion Books/PageSettings/DropDowns/AddPromotion/AddPromotion Parameters'
16/06/2017-15:33: Updating field 'Text.en' for item '/sitecore/client/Applications/PricingPromotionsManager/Pages/All Books/Promotion Books/PageSettings/DropDowns/AddPromotion/NewPromotion Parameters'
16/06/2017-15:33: Updating field 'Text.en' for item '/sitecore/client/Applications/PricingPromotionsManager/Pages/All Books/Promotion Books/PageSettings/DropDowns/Coupon-Filters/Allocated'
16/06/2017-15:33: Updating field 'Text.en' for item '/sitecore/client/Applications/PricingPromotionsManager/Pages/All Books/Promotion Books/PageSettings/DropDowns/Coupon-Filters/Currently Valid'
16/06/2017-15:33: Updating field 'Text.en' for item '/sitecore/client/Applications/PricingPromotionsManager/Pages/All Books/Promotion Books/PageSettings/DropDowns/Coupon-Filters/Unallocated'
16/06/2017-15:33: Updating field 'Text.en' for item '/sitecore/client/Applications/PricingPromotionsManager/Pages/All Books/Promotion Books/PageSettings/DropDowns/Coupon-Filters/Unused'
16/06/2017-15:33: Updating field 'Text.en' for item '/sitecore/client/Applications/PricingPromotionsManager/Pages/All Books/Promotion Books/PageSettings/DropDowns/Coupon-Filters/Used'
16/06/2017-15:33: Updating field 'Text.en' for item '/sitecore/client/Applications/PricingPromotionsManager/Pages/All Books/Promotion Books/PageSettings/DropDowns/Promotions-Views/Active'
16/06/2017-15:33: Updating field 'Text.en' for item '/sitecore/client/Applications/PricingPromotionsManager/Pages/All Books/Promotion Books/PageSettings/DropDowns/Promotions-Views/All Promotions'
16/06/2017-15:33: Updating field 'IsVisible' for item '/sitecore/client/Applications/PricingPromotionsManager/Pages/All Books/Promotion Books/PageSettings/DropDowns/Promotions-Views/Drafts'
16/06/2017-15:33: Updating field 'Text.en' for item '/sitecore/client/Applications/PricingPromotionsManager/Pages/All Books/Promotion Books/PageSettings/DropDowns/Promotions-Views/Drafts'
16/06/2017-15:33: Updating field 'IsVisible' for item '/sitecore/client/Applications/PricingPromotionsManager/Pages/All Books/Promotion Books/PageSettings/DropDowns/Promotions-Views/Expired'
16/06/2017-15:33: Updating field 'Text.en' for item '/sitecore/client/Applications/PricingPromotionsManager/Pages/All Books/Promotion Books/PageSettings/DropDowns/Promotions-Views/Expired'
16/06/2017-15:33: Updating field 'Text.en' for item '/sitecore/client/Applications/PricingPromotionsManager/Pages/All Books/Promotion Books/PageSettings/DropDowns/Promotions-Views/Upcoming'
16/06/2017-15:33: Updating field '__Sortorder' for item '/sitecore/client/Applications/PricingPromotionsManager/Pages/All Books/Promotion Books/PageSettings/GeneralErrorMessage'
16/06/2017-15:33: Updating field 'Type' for item '/sitecore/client/Applications/PricingPromotionsManager/Pages/All Books/Promotion Books/PageSettings/GeneralErrorMessage/ErrorMessage'
16/06/2017-15:33: Updating field 'IsClosable' for item '/sitecore/client/Applications/PricingPromotionsManager/Pages/All Books/Promotion Books/PageSettings/GeneralErrorMessage/ErrorMessage'
16/06/2017-15:33: Updating field 'IsTemporary' for item '/sitecore/client/Applications/PricingPromotionsManager/Pages/All Books/Promotion Books/PageSettings/GeneralErrorMessage/ErrorMessage'
16/06/2017-15:33: Updating field 'Text.en' for item '/sitecore/client/Applications/PricingPromotionsManager/Pages/All Books/Promotion Books/PageSettings/GeneralErrorMessage/ErrorMessage'
16/06/2017-15:33: Updating field 'Id' for item '/sitecore/client/Applications/PricingPromotionsManager/Pages/All Books/Promotion Books/PageSettings/HeaderTitle'
16/06/2017-15:33: Updating field 'Text.en' for item '/sitecore/client/Applications/PricingPromotionsManager/Pages/All Books/Promotion Books/PageSettings/HeaderTitle'
16/06/2017-15:33: Updating field '__Display name.en' for item '/sitecore/client/Applications/PricingPromotionsManager/Pages/All Books/Promotion Books/PageSettings/HeaderTitle'
16/06/2017-15:33: Updating field 'Theme' for item '/sitecore/client/Applications/PricingPromotionsManager/Pages/All Books/Promotion Books/PageSettings/Item Promotions'
16/06/2017-15:33: Updating field 'UseFullWidth' for item '/sitecore/client/Applications/PricingPromotionsManager/Pages/All Books/Promotion Books/PageSettings/Item Promotions'
16/06/2017-15:33: Updating field '__Sortorder' for item '/sitecore/client/Applications/PricingPromotionsManager/Pages/All Books/Promotion Books/PageSettings/Item Promotions'
16/06/2017-15:33: Updating field '__Renderings' for item '/sitecore/client/Applications/PricingPromotionsManager/Pages/All Books/Promotion Books/PageSettings/Item Promotions'
16/06/2017-15:33: Updating field 'BrowserTitle.en' for item '/sitecore/client/Applications/PricingPromotionsManager/Pages/All Books/Promotion Books/PageSettings/Item Promotions'
16/06/2017-15:33: Updating field '__Renderings' for item '/sitecore/client/Applications/PricingPromotionsManager/Pages/All Books/Promotion Books/PageSettings/Item Promotions/PageSettings/ItemPromotionsTabControl/Promotions'
16/06/2017-15:33: Updating field 'Header.en' for item '/sitecore/client/Applications/PricingPromotionsManager/Pages/All Books/Promotion Books/PageSettings/Item Promotions/PageSettings/ItemPromotionsTabControl/Promotions'
16/06/2017-15:33: Updating field 'Tooltip.en' for item '/sitecore/client/Applications/PricingPromotionsManager/Pages/All Books/Promotion Books/PageSettings/Item Promotions/PageSettings/ItemPromotionsTabControl/Promotions'
16/06/2017-15:33: Updating field 'Stylesheet' for item '/sitecore/client/Applications/PricingPromotionsManager/Pages/All Books/Promotion Books/PageSettings/Item Promotions/PageSettings/Page-Stylesheet-File'
16/06/2017-15:33: Updating field '__Sortorder' for item '/sitecore/client/Applications/PricingPromotionsManager/Pages/All Books/Promotion Books/PageSettings/Messages'
16/06/2017-15:33: Updating field 'Type' for item '/sitecore/client/Applications/PricingPromotionsManager/Pages/All Books/Promotion Books/PageSettings/Messages/ErrorMessage'
16/06/2017-15:33: Updating field 'Type' for item '/sitecore/client/Applications/PricingPromotionsManager/Pages/All Books/Promotion Books/PageSettings/Messages/SuccessMessage'
16/06/2017-15:33: Updating field 'IsTemporary' for item '/sitecore/client/Applications/PricingPromotionsManager/Pages/All Books/Promotion Books/PageSettings/Messages/SuccessMessage'
16/06/2017-15:33: Updating field 'Type' for item '/sitecore/client/Applications/PricingPromotionsManager/Pages/All Books/Promotion Books/PageSettings/Messages/WarningMessage'
16/06/2017-15:33: Updating field 'Stylesheet' for item '/sitecore/client/Applications/PricingPromotionsManager/Pages/All Books/Promotion Books/PageSettings/Page-Stylesheet-File'
16/06/2017-15:33: Updating field '__Sortorder' for item '/sitecore/client/Applications/PricingPromotionsManager/Pages/All Books/Promotion Books/PageSettings/Page-Stylesheet-File'
16/06/2017-15:33: Updating field '__Sortorder' for item '/sitecore/client/Applications/PricingPromotionsManager/Pages/All Books/Promotion Books/PageSettings/SuccessMessage'
16/06/2017-15:33: Updating field 'Type' for item '/sitecore/client/Applications/PricingPromotionsManager/Pages/All Books/Promotion Books/PageSettings/SuccessMessage/SuccessMessage'
16/06/2017-15:33: Updating field 'IsTemporary' for item '/sitecore/client/Applications/PricingPromotionsManager/Pages/All Books/Promotion Books/PageSettings/SuccessMessage/SuccessMessage'
16/06/2017-15:33: Updating field 'Text.en' for item '/sitecore/client/Applications/PricingPromotionsManager/Pages/All Books/Promotion Books/PageSettings/SuccessMessage/SuccessMessage'
16/06/2017-15:33: Updating field '__Sortorder' for item '/sitecore/client/Applications/PricingPromotionsManager/Pages/All Books/Promotion Books/PageSettings/Text'
16/06/2017-15:33: Updating field 'SpeakCoreVersion' for item '/sitecore/client/Applications/PricingPromotionsManager/Renderings'
16/06/2017-15:33: Updating field '__Security' for item '/sitecore/client/Applications/PricingPromotionsManager/Renderings'
16/06/2017-15:33: Updating field 'Path' for item '/sitecore/client/Applications/PricingPromotionsManager/Renderings/PriceTiersEditor'
16/06/2017-15:33: Updating field 'Model' for item '/sitecore/client/Applications/PricingPromotionsManager/Renderings/PriceTiersEditor'
16/06/2017-15:33: Updating field 'Parameters Template' for item '/sitecore/client/Applications/PricingPromotionsManager/Renderings/PriceTiersEditor'
16/06/2017-15:33: Updating field 'Open Properties after Add' for item '/sitecore/client/Applications/PricingPromotionsManager/Renderings/PriceTiersEditor'
16/06/2017-15:33: Updating field 'Datasource Location' for item '/sitecore/client/Applications/PricingPromotionsManager/Renderings/PriceTiersEditor'
16/06/2017-15:33: Updating field 'Datasource Template' for item '/sitecore/client/Applications/PricingPromotionsManager/Renderings/PriceTiersEditor'
16/06/2017-15:33: Updating field '__Base template' for item '/sitecore/client/Applications/PricingPromotionsManager/Renderings/PriceTiersEditor/PriceTiersEditor-Parameters'
16/06/2017-15:33: Updating field '__Standard values' for item '/sitecore/client/Applications/PricingPromotionsManager/Renderings/PriceTiersEditor/PriceTiersEditor-Parameters'
16/06/2017-15:33: Updating field 'Type' for item '/sitecore/client/Applications/PricingPromotionsManager/Renderings/PriceTiersEditor/PriceTiersEditor-Parameters/Appearance/CurrencyLabelText'
16/06/2017-15:33: Updating field 'Type' for item '/sitecore/client/Applications/PricingPromotionsManager/Renderings/PriceTiersEditor/PriceTiersEditor-Parameters/Appearance/CurrencyRequiredErrorText'
16/06/2017-15:33: Updating field '__Sortorder' for item '/sitecore/client/Applications/PricingPromotionsManager/Renderings/PriceTiersEditor/PriceTiersEditor-Parameters/Appearance/CurrencyRequiredErrorText'
16/06/2017-15:33: Updating field 'Type' for item '/sitecore/client/Applications/PricingPromotionsManager/Renderings/PriceTiersEditor/PriceTiersEditor-Parameters/Appearance/PriceFormatErrorText'
16/06/2017-15:33: Updating field '__Sortorder' for item '/sitecore/client/Applications/PricingPromotionsManager/Renderings/PriceTiersEditor/PriceTiersEditor-Parameters/Appearance/PriceFormatErrorText'
16/06/2017-15:33: Updating field 'Type' for item '/sitecore/client/Applications/PricingPromotionsManager/Renderings/PriceTiersEditor/PriceTiersEditor-Parameters/Appearance/PriceTiersLabelText'
16/06/2017-15:33: Updating field '__Sortorder' for item '/sitecore/client/Applications/PricingPromotionsManager/Renderings/PriceTiersEditor/PriceTiersEditor-Parameters/Appearance/PriceTiersLabelText'
16/06/2017-15:33: Updating field 'Type' for item '/sitecore/client/Applications/PricingPromotionsManager/Renderings/PriceTiersEditor/PriceTiersEditor-Parameters/Appearance/PricingColumnText'
16/06/2017-15:33: Updating field '__Sortorder' for item '/sitecore/client/Applications/PricingPromotionsManager/Renderings/PriceTiersEditor/PriceTiersEditor-Parameters/Appearance/PricingColumnText'
16/06/2017-15:33: Updating field 'Type' for item '/sitecore/client/Applications/PricingPromotionsManager/Renderings/PriceTiersEditor/PriceTiersEditor-Parameters/Appearance/QuantityFormatErrorText'
16/06/2017-15:33: Updating field '__Sortorder' for item '/sitecore/client/Applications/PricingPromotionsManager/Renderings/PriceTiersEditor/PriceTiersEditor-Parameters/Appearance/QuantityFormatErrorText'
16/06/2017-15:33: Updating field 'Type' for item '/sitecore/client/Applications/PricingPromotionsManager/Renderings/PriceTiersEditor/PriceTiersEditor-Parameters/Appearance/QuantityRequiredErrorText'
16/06/2017-15:33: Updating field '__Sortorder' for item '/sitecore/client/Applications/PricingPromotionsManager/Renderings/PriceTiersEditor/PriceTiersEditor-Parameters/Appearance/QuantityRequiredErrorText'
16/06/2017-15:33: Updating field 'Type' for item '/sitecore/client/Applications/PricingPromotionsManager/Renderings/PriceTiersEditor/PriceTiersEditor-Parameters/Appearance/TierColumnText'
16/06/2017-15:33: Updating field '__Sortorder' for item '/sitecore/client/Applications/PricingPromotionsManager/Renderings/PriceTiersEditor/PriceTiersEditor-Parameters/Appearance/TierColumnText'
16/06/2017-15:33: Updating field 'Path' for item '/sitecore/client/Applications/PricingPromotionsManager/Renderings/QueryBuilder'
16/06/2017-15:33: Updating field 'Model' for item '/sitecore/client/Applications/PricingPromotionsManager/Renderings/QueryBuilder'
16/06/2017-15:33: Updating field 'Parameters Template' for item '/sitecore/client/Applications/PricingPromotionsManager/Renderings/QueryBuilder'
16/06/2017-15:33: Updating field 'Open Properties after Add' for item '/sitecore/client/Applications/PricingPromotionsManager/Renderings/QueryBuilder'
16/06/2017-15:33: Updating field 'Datasource Location' for item '/sitecore/client/Applications/PricingPromotionsManager/Renderings/QueryBuilder'
16/06/2017-15:33: Updating field 'Datasource Template' for item '/sitecore/client/Applications/PricingPromotionsManager/Renderings/QueryBuilder'
16/06/2017-15:33: Updating field '__Base template' for item '/sitecore/client/Applications/PricingPromotionsManager/Renderings/QueryBuilder/QueryBuilder-Parameters'
16/06/2017-15:33: Updating field '__Standard values' for item '/sitecore/client/Applications/PricingPromotionsManager/Renderings/QueryBuilder/QueryBuilder-Parameters'
16/06/2017-15:33: Updating field 'Allow Groups.en' for item '/sitecore/client/Applications/PricingPromotionsManager/Renderings/QueryBuilder/QueryBuilder-Parameters/__Standard Values'
16/06/2017-15:33: Updating field 'Allow Empty.en' for item '/sitecore/client/Applications/PricingPromotionsManager/Renderings/QueryBuilder/QueryBuilder-Parameters/__Standard Values'
16/06/2017-15:33: Updating field 'Language Code.en' for item '/sitecore/client/Applications/PricingPromotionsManager/Renderings/QueryBuilder/QueryBuilder-Parameters/__Standard Values'
16/06/2017-15:33: Updating field 'Display Empty Filter.en' for item '/sitecore/client/Applications/PricingPromotionsManager/Renderings/QueryBuilder/QueryBuilder-Parameters/__Standard Values'
16/06/2017-15:33: Updating field 'Type' for item '/sitecore/client/Applications/PricingPromotionsManager/Renderings/QueryBuilder/QueryBuilder-Parameters/Settings/Allow Empty'
16/06/2017-15:33: Updating field '__Sortorder' for item '/sitecore/client/Applications/PricingPromotionsManager/Renderings/QueryBuilder/QueryBuilder-Parameters/Settings/Allow Empty'
16/06/2017-15:33: Updating field 'Type' for item '/sitecore/client/Applications/PricingPromotionsManager/Renderings/QueryBuilder/QueryBuilder-Parameters/Settings/Allow Groups'
16/06/2017-15:33: Updating field 'Type' for item '/sitecore/client/Applications/PricingPromotionsManager/Renderings/QueryBuilder/QueryBuilder-Parameters/Settings/Display Empty Filter'
16/06/2017-15:33: Updating field '__Sortorder' for item '/sitecore/client/Applications/PricingPromotionsManager/Renderings/QueryBuilder/QueryBuilder-Parameters/Settings/Display Empty Filter'
16/06/2017-15:33: Updating field 'Type' for item '/sitecore/client/Applications/PricingPromotionsManager/Renderings/QueryBuilder/QueryBuilder-Parameters/Settings/Language Code'
16/06/2017-15:33: Updating field '__Sortorder' for item '/sitecore/client/Applications/PricingPromotionsManager/Renderings/QueryBuilder/QueryBuilder-Parameters/Settings/Language Code'
16/06/2017-15:33: Updating field '__Security' for item '/sitecore/client/Applications/PricingPromotionsManager/Settings'
16/06/2017-15:33: Updating field 'Icon' for item '/sitecore/client/Applications/PricingPromotionsManager/Settings/Help Button Parameters'
16/06/2017-15:33: Updating field 'Click' for item '/sitecore/client/Applications/PricingPromotionsManager/Settings/Help Button Parameters'
16/06/2017-15:33: Updating field 'Tooltip.en' for item '/sitecore/client/Applications/PricingPromotionsManager/Settings/Help Button Parameters'
16/06/2017-15:33: Updating field 'Text.en' for item '/sitecore/client/Applications/PricingPromotionsManager/Settings/Help Button Parameters'
16/06/2017-15:33: Updating field 'Relative URL' for item '/sitecore/client/Applications/PricingPromotionsManager/Settings/Help Configuration Items/PriceBook'
16/06/2017-15:33: Updating field 'Page ID' for item '/sitecore/client/Applications/PricingPromotionsManager/Settings/Help Configuration Items/PriceBook'
16/06/2017-15:33: Updating field 'Tab ID' for item '/sitecore/client/Applications/PricingPromotionsManager/Settings/Help Configuration Items/PriceBook'
16/06/2017-15:33: Updating field 'Base URL' for item '/sitecore/client/Applications/PricingPromotionsManager/Settings/Help Configuration Items/PriceBooks'
16/06/2017-15:33: Updating field 'Relative URL' for item '/sitecore/client/Applications/PricingPromotionsManager/Settings/Help Configuration Items/PriceBooks'
16/06/2017-15:33: Updating field 'Page ID' for item '/sitecore/client/Applications/PricingPromotionsManager/Settings/Help Configuration Items/PriceBooks'
16/06/2017-15:33: Updating field 'Locale.en' for item '/sitecore/client/Applications/PricingPromotionsManager/Settings/Help Configuration Items/PriceBooks'
16/06/2017-15:33: Updating field 'Relative URL' for item '/sitecore/client/Applications/PricingPromotionsManager/Settings/Help Configuration Items/PriceCard-Details'
16/06/2017-15:33: Updating field 'Page ID' for item '/sitecore/client/Applications/PricingPromotionsManager/Settings/Help Configuration Items/PriceCard-Details'
16/06/2017-15:33: Updating field 'Tab ID' for item '/sitecore/client/Applications/PricingPromotionsManager/Settings/Help Configuration Items/PriceCard-Details'
16/06/2017-15:33: Updating field 'Relative URL' for item '/sitecore/client/Applications/PricingPromotionsManager/Settings/Help Configuration Items/PriceCard-Snapshots'
16/06/2017-15:33: Updating field 'Page ID' for item '/sitecore/client/Applications/PricingPromotionsManager/Settings/Help Configuration Items/PriceCard-Snapshots'
16/06/2017-15:33: Updating field 'Tab ID' for item '/sitecore/client/Applications/PricingPromotionsManager/Settings/Help Configuration Items/PriceCard-Snapshots'
16/06/2017-15:33: Updating field 'Relative URL' for item '/sitecore/client/Applications/PricingPromotionsManager/Settings/Help Configuration Items/Promotion'
16/06/2017-15:33: Updating field 'Page ID' for item '/sitecore/client/Applications/PricingPromotionsManager/Settings/Help Configuration Items/Promotion'
16/06/2017-15:33: Updating field 'Tab ID' for item '/sitecore/client/Applications/PricingPromotionsManager/Settings/Help Configuration Items/Promotion'
16/06/2017-15:33: Updating field 'Relative URL' for item '/sitecore/client/Applications/PricingPromotionsManager/Settings/Help Configuration Items/PromotionBook'
16/06/2017-15:33: Updating field 'Page ID' for item '/sitecore/client/Applications/PricingPromotionsManager/Settings/Help Configuration Items/PromotionBook'
16/06/2017-15:33: Updating field 'Tab ID' for item '/sitecore/client/Applications/PricingPromotionsManager/Settings/Help Configuration Items/PromotionBook'
16/06/2017-15:33: Updating field 'Relative URL' for item '/sitecore/client/Applications/PricingPromotionsManager/Settings/Help Configuration Items/PromotionBooks'
16/06/2017-15:33: Updating field 'Page ID' for item '/sitecore/client/Applications/PricingPromotionsManager/Settings/Help Configuration Items/PromotionBooks'
16/06/2017-15:33: Installing Role sitecore\Pricer Manager
16/06/2017-15:33: Installing Role sitecore\Pricer
16/06/2017-15:33: Installing Role sitecore\Promotioner Manager
16/06/2017-15:33: Installing Role sitecore\Promotioner
16/06/2017-15:33: Recursive deploy action is set to ignore
16/06/2017-15:33: TDS PostDeployActions complete.
