OK: AddFile C:\Projects\Ecommerce8.2.1Update1\cf.reference.storefront821.com\Website\temp\__Upgrade\Upgrade_20170616T1246225\transactions\.gitignore C:\Projects\Ecommerce8.2.1Update1\cf.reference.storefront821.com\Website\.gitignore
OK: AddFile C:\Projects\Ecommerce8.2.1Update1\cf.reference.storefront821.com\Website\temp\__Upgrade\Upgrade_20170616T1246225\transactions\_\DeployedItems.xml C:\Projects\Ecommerce8.2.1Update1\cf.reference.storefront821.com\Website\_DEV\DeployedItems.xml
OK: AddFile C:\Projects\Ecommerce8.2.1Update1\cf.reference.storefront821.com\Website\temp\__Upgrade\Upgrade_20170616T1246225\transactions\A\CommerceServer.Core.config.example C:\Projects\Ecommerce8.2.1Update1\cf.reference.storefront821.com\Website\App_Config\CommerceServer.Core.config.example
OK: AddFile C:\Projects\Ecommerce8.2.1Update1\cf.reference.storefront821.com\Website\temp\__Upgrade\Upgrade_20170616T1246225\transactions\A\I\C\CommerceServer.Catalog.config C:\Projects\Ecommerce8.2.1Update1\cf.reference.storefront821.com\Website\App_Config\Include\CommerceServer\CommerceServer.Catalog.config
OK: AddFile C:\Projects\Ecommerce8.2.1Update1\cf.reference.storefront821.com\Website\temp\__Upgrade\Upgrade_20170616T1246225\transactions\A\I\C\CommerceServer.config C:\Projects\Ecommerce8.2.1Update1\cf.reference.storefront821.com\Website\App_Config\Include\CommerceServer\CommerceServer.config
OK: AddFile C:\Projects\Ecommerce8.2.1Update1\cf.reference.storefront821.com\Website\temp\__Upgrade\Upgrade_20170616T1246225\transactions\A\I\C\CommerceServer.Connectors.Carts.config C:\Projects\Ecommerce8.2.1Update1\cf.reference.storefront821.com\Website\App_Config\Include\CommerceServer\CommerceServer.Connectors.Carts.config
OK: AddFile C:\Projects\Ecommerce8.2.1Update1\cf.reference.storefront821.com\Website\temp\__Upgrade\Upgrade_20170616T1246225\transactions\A\I\C\CommerceServer.Connectors.config C:\Projects\Ecommerce8.2.1Update1\cf.reference.storefront821.com\Website\App_Config\Include\CommerceServer\CommerceServer.Connectors.config
OK: AddFile C:\Projects\Ecommerce8.2.1Update1\cf.reference.storefront821.com\Website\temp\__Upgrade\Upgrade_20170616T1246225\transactions\A\I\C\CommerceServer.Connectors.Inventory.config C:\Projects\Ecommerce8.2.1Update1\cf.reference.storefront821.com\Website\App_Config\Include\CommerceServer\CommerceServer.Connectors.Inventory.config
OK: AddFile C:\Projects\Ecommerce8.2.1Update1\cf.reference.storefront821.com\Website\temp\__Upgrade\Upgrade_20170616T1246225\transactions\A\I\C\CommerceServer.Connectors.Orders.config C:\Projects\Ecommerce8.2.1Update1\cf.reference.storefront821.com\Website\App_Config\Include\CommerceServer\CommerceServer.Connectors.Orders.config
OK: AddFile C:\Projects\Ecommerce8.2.1Update1\cf.reference.storefront821.com\Website\temp\__Upgrade\Upgrade_20170616T1246225\transactions\A\I\C\CommerceServer.ContentSearch.Common.config C:\Projects\Ecommerce8.2.1Update1\cf.reference.storefront821.com\Website\App_Config\Include\CommerceServer\CommerceServer.ContentSearch.Common.config
OK: AddFile C:\Projects\Ecommerce8.2.1Update1\cf.reference.storefront821.com\Website\temp\__Upgrade\Upgrade_20170616T1246225\transactions\A\I\C\CommerceServer.ContentSearch.Lucene.DefaultIndexConfiguration.config C:\Projects\Ecommerce8.2.1Update1\cf.reference.storefront821.com\Website\App_Config\Include\CommerceServer\CommerceServer.ContentSearch.Lucene.DefaultIndexConfiguration.config
OK: AddFile C:\Projects\Ecommerce8.2.1Update1\cf.reference.storefront821.com\Website\temp\__Upgrade\Upgrade_20170616T1246225\transactions\A\I\C\CommerceServer.ContentSearch.Lucene.Index.Master.config C:\Projects\Ecommerce8.2.1Update1\cf.reference.storefront821.com\Website\App_Config\Include\CommerceServer\CommerceServer.ContentSearch.Lucene.Index.Master.config
OK: AddFile C:\Projects\Ecommerce8.2.1Update1\cf.reference.storefront821.com\Website\temp\__Upgrade\Upgrade_20170616T1246225\transactions\A\I\C\CommerceServer.ContentSearch.Lucene.Index.Web.config C:\Projects\Ecommerce8.2.1Update1\cf.reference.storefront821.com\Website\App_Config\Include\CommerceServer\CommerceServer.ContentSearch.Lucene.Index.Web.config
OK: AddFile C:\Projects\Ecommerce8.2.1Update1\cf.reference.storefront821.com\Website\temp\__Upgrade\Upgrade_20170616T1246225\transactions\A\I\C\CommerceServer.ContentSearch.Solr.DefaultIndexConfiguration.config.example C:\Projects\Ecommerce8.2.1Update1\cf.reference.storefront821.com\Website\App_Config\Include\CommerceServer\CommerceServer.ContentSearch.Solr.DefaultIndexConfiguration.config.example
OK: AddFile C:\Projects\Ecommerce8.2.1Update1\cf.reference.storefront821.com\Website\temp\__Upgrade\Upgrade_20170616T1246225\transactions\A\I\C\CommerceServer.ContentSearch.Solr.Index.Master.config.example C:\Projects\Ecommerce8.2.1Update1\cf.reference.storefront821.com\Website\App_Config\Include\CommerceServer\CommerceServer.ContentSearch.Solr.Index.Master.config.example
OK: AddFile C:\Projects\Ecommerce8.2.1Update1\cf.reference.storefront821.com\Website\temp\__Upgrade\Upgrade_20170616T1246225\transactions\A\I\C\CommerceServer.ContentSearch.Solr.Index.Web.config.example C:\Projects\Ecommerce8.2.1Update1\cf.reference.storefront821.com\Website\App_Config\Include\CommerceServer\CommerceServer.ContentSearch.Solr.Index.Web.config.example
OK: AddFile C:\Projects\Ecommerce8.2.1Update1\cf.reference.storefront821.com\Website\temp\__Upgrade\Upgrade_20170616T1246225\transactions\A\I\C\CommerceServer.ContentSearch.Solr.Schema.xml C:\Projects\Ecommerce8.2.1Update1\cf.reference.storefront821.com\Website\App_Config\Include\CommerceServer\CommerceServer.ContentSearch.Solr.Schema.xml
OK: AddFile C:\Projects\Ecommerce8.2.1Update1\cf.reference.storefront821.com\Website\temp\__Upgrade\Upgrade_20170616T1246225\transactions\A\I\C\CommerceServer.Customers.config C:\Projects\Ecommerce8.2.1Update1\cf.reference.storefront821.com\Website\App_Config\Include\CommerceServer\CommerceServer.Customers.config
OK: AddFile C:\Projects\Ecommerce8.2.1Update1\cf.reference.storefront821.com\Website\temp\__Upgrade\Upgrade_20170616T1246225\transactions\A\I\C\CommerceServer.Processing.config C:\Projects\Ecommerce8.2.1Update1\cf.reference.storefront821.com\Website\App_Config\Include\CommerceServer\CommerceServer.Processing.config
OK: AddFile C:\Projects\Ecommerce8.2.1Update1\cf.reference.storefront821.com\Website\temp\__Upgrade\Upgrade_20170616T1246225\transactions\A\I\C\CommerceServer.Profiles.config C:\Projects\Ecommerce8.2.1Update1\cf.reference.storefront821.com\Website\App_Config\Include\CommerceServer\CommerceServer.Profiles.config
OK: AddFile C:\Projects\Ecommerce8.2.1Update1\cf.reference.storefront821.com\Website\temp\__Upgrade\Upgrade_20170616T1246225\transactions\A\I\C\CommerceServer.SwitchMasterToWeb.config.disabled C:\Projects\Ecommerce8.2.1Update1\cf.reference.storefront821.com\Website\App_Config\Include\CommerceServer\CommerceServer.SwitchMasterToWeb.config.disabled
OK: AddFile C:\Projects\Ecommerce8.2.1Update1\cf.reference.storefront821.com\Website\temp\__Upgrade\Upgrade_20170616T1246225\transactions\A\I\C\CommerceServer.ContentSearch.Coveo.Index.Master.config.disabled C:\Projects\Ecommerce8.2.1Update1\cf.reference.storefront821.com\Website\App_Config\Include\Coveo_Commerce\CommerceServer.ContentSearch.Coveo.Index.Master.config.disabled
OK: AddFile C:\Projects\Ecommerce8.2.1Update1\cf.reference.storefront821.com\Website\temp\__Upgrade\Upgrade_20170616T1246225\transactions\A\I\C\CommerceServer.ContentSearch.Coveo.Index.Web.config.disabled C:\Projects\Ecommerce8.2.1Update1\cf.reference.storefront821.com\Website\App_Config\Include\Coveo_Commerce\CommerceServer.ContentSearch.Coveo.Index.Web.config.disabled
OK: AddFile C:\Projects\Ecommerce8.2.1Update1\cf.reference.storefront821.com\Website\temp\__Upgrade\Upgrade_20170616T1246225\transactions\A\I\C\CommerceServer.Coveo.SearchProvider.Custom.config.disabled C:\Projects\Ecommerce8.2.1Update1\cf.reference.storefront821.com\Website\App_Config\Include\Coveo_Commerce\CommerceServer.Coveo.SearchProvider.Custom.config.disabled
OK: AddFile C:\Projects\Ecommerce8.2.1Update1\cf.reference.storefront821.com\Website\temp\__Upgrade\Upgrade_20170616T1246225\transactions\b\HedgehogDevelopment.SitecoreProject.PackageInstallPostProcessor.dll C:\Projects\Ecommerce8.2.1Update1\cf.reference.storefront821.com\Website\bin\HedgehogDevelopment.SitecoreProject.PackageInstallPostProcessor.dll
OK: AddFile C:\Projects\Ecommerce8.2.1Update1\cf.reference.storefront821.com\Website\temp\__Upgrade\Upgrade_20170616T1246225\transactions\b\Microsoft.Practices.EnterpriseLibrary.Caching.dll C:\Projects\Ecommerce8.2.1Update1\cf.reference.storefront821.com\Website\bin\Microsoft.Practices.EnterpriseLibrary.Caching.dll
OK: AddFile C:\Projects\Ecommerce8.2.1Update1\cf.reference.storefront821.com\Website\temp\__Upgrade\Upgrade_20170616T1246225\transactions\b\Microsoft.Practices.EnterpriseLibrary.Caching.xml C:\Projects\Ecommerce8.2.1Update1\cf.reference.storefront821.com\Website\bin\Microsoft.Practices.EnterpriseLibrary.Caching.xml
OK: AddFile C:\Projects\Ecommerce8.2.1Update1\cf.reference.storefront821.com\Website\temp\__Upgrade\Upgrade_20170616T1246225\transactions\b\Microsoft.Practices.EnterpriseLibrary.Common.dll C:\Projects\Ecommerce8.2.1Update1\cf.reference.storefront821.com\Website\bin\Microsoft.Practices.EnterpriseLibrary.Common.dll
OK: AddFile C:\Projects\Ecommerce8.2.1Update1\cf.reference.storefront821.com\Website\temp\__Upgrade\Upgrade_20170616T1246225\transactions\b\Microsoft.Practices.EnterpriseLibrary.Common.xml C:\Projects\Ecommerce8.2.1Update1\cf.reference.storefront821.com\Website\bin\Microsoft.Practices.EnterpriseLibrary.Common.xml
OK: AddFile C:\Projects\Ecommerce8.2.1Update1\cf.reference.storefront821.com\Website\temp\__Upgrade\Upgrade_20170616T1246225\transactions\b\Microsoft.Practices.ServiceLocation.dll C:\Projects\Ecommerce8.2.1Update1\cf.reference.storefront821.com\Website\bin\Microsoft.Practices.ServiceLocation.dll
OK: AddFile C:\Projects\Ecommerce8.2.1Update1\cf.reference.storefront821.com\Website\temp\__Upgrade\Upgrade_20170616T1246225\transactions\b\Microsoft.Practices.Unity.dll C:\Projects\Ecommerce8.2.1Update1\cf.reference.storefront821.com\Website\bin\Microsoft.Practices.Unity.dll
OK: AddFile C:\Projects\Ecommerce8.2.1Update1\cf.reference.storefront821.com\Website\temp\__Upgrade\Upgrade_20170616T1246225\transactions\b\Microsoft.Practices.Unity.Interception.dll C:\Projects\Ecommerce8.2.1Update1\cf.reference.storefront821.com\Website\bin\Microsoft.Practices.Unity.Interception.dll
OK: AddFile C:\Projects\Ecommerce8.2.1Update1\cf.reference.storefront821.com\Website\temp\__Upgrade\Upgrade_20170616T1246225\transactions\b\Sitecore.Commerce.Connect.CommerceServer.dll C:\Projects\Ecommerce8.2.1Update1\cf.reference.storefront821.com\Website\bin\Sitecore.Commerce.Connect.CommerceServer.dll
OK: AddFile C:\Projects\Ecommerce8.2.1Update1\cf.reference.storefront821.com\Website\temp\__Upgrade\Upgrade_20170616T1246225\transactions\b\Sitecore.Commerce.Connect.CommerceServer.xml C:\Projects\Ecommerce8.2.1Update1\cf.reference.storefront821.com\Website\bin\Sitecore.Commerce.Connect.CommerceServer.xml
OK: AddFile C:\Projects\Ecommerce8.2.1Update1\cf.reference.storefront821.com\Website\temp\__Upgrade\Upgrade_20170616T1246225\transactions\B\i\brand.png C:\Projects\Ecommerce8.2.1Update1\cf.reference.storefront821.com\Website\Buckets\images\brand.png
OK: AddFile C:\Projects\Ecommerce8.2.1Update1\cf.reference.storefront821.com\Website\temp\__Upgrade\Upgrade_20170616T1246225\transactions\B\i\brandmust.png C:\Projects\Ecommerce8.2.1Update1\cf.reference.storefront821.com\Website\Buckets\images\brandmust.png
OK: AddFile C:\Projects\Ecommerce8.2.1Update1\cf.reference.storefront821.com\Website\temp\__Upgrade\Upgrade_20170616T1246225\transactions\B\i\brandnot.png C:\Projects\Ecommerce8.2.1Update1\cf.reference.storefront821.com\Website\Buckets\images\brandnot.png
OK: AddFile C:\Projects\Ecommerce8.2.1Update1\cf.reference.storefront821.com\Website\temp\__Upgrade\Upgrade_20170616T1246225\transactions\B\i\brandshould.png C:\Projects\Ecommerce8.2.1Update1\cf.reference.storefront821.com\Website\Buckets\images\brandshould.png
OK: AddFile C:\Projects\Ecommerce8.2.1Update1\cf.reference.storefront821.com\Website\temp\__Upgrade\Upgrade_20170616T1246225\transactions\B\i\commercesearchitemtype.png C:\Projects\Ecommerce8.2.1Update1\cf.reference.storefront821.com\Website\Buckets\images\commercesearchitemtype.png
OK: AddFile C:\Projects\Ecommerce8.2.1Update1\cf.reference.storefront821.com\Website\temp\__Upgrade\Upgrade_20170616T1246225\transactions\B\i\commercesearchitemtypemust.png C:\Projects\Ecommerce8.2.1Update1\cf.reference.storefront821.com\Website\Buckets\images\commercesearchitemtypemust.png
OK: AddFile C:\Projects\Ecommerce8.2.1Update1\cf.reference.storefront821.com\Website\temp\__Upgrade\Upgrade_20170616T1246225\transactions\B\i\commercesearchitemtypenot.png C:\Projects\Ecommerce8.2.1Update1\cf.reference.storefront821.com\Website\Buckets\images\commercesearchitemtypenot.png
OK: AddFile C:\Projects\Ecommerce8.2.1Update1\cf.reference.storefront821.com\Website\temp\__Upgrade\Upgrade_20170616T1246225\transactions\B\i\commercesearchitemtypeshould.png C:\Projects\Ecommerce8.2.1Update1\cf.reference.storefront821.com\Website\Buckets\images\commercesearchitemtypeshould.png
OK: AddFile C:\Projects\Ecommerce8.2.1Update1\cf.reference.storefront821.com\Website\temp\__Upgrade\Upgrade_20170616T1246225\transactions\B\i\definitionname.png C:\Projects\Ecommerce8.2.1Update1\cf.reference.storefront821.com\Website\Buckets\images\definitionname.png
OK: AddFile C:\Projects\Ecommerce8.2.1Update1\cf.reference.storefront821.com\Website\temp\__Upgrade\Upgrade_20170616T1246225\transactions\B\i\definitionnamemust.png C:\Projects\Ecommerce8.2.1Update1\cf.reference.storefront821.com\Website\Buckets\images\definitionnamemust.png
OK: AddFile C:\Projects\Ecommerce8.2.1Update1\cf.reference.storefront821.com\Website\temp\__Upgrade\Upgrade_20170616T1246225\transactions\B\i\definitionnamenot.png C:\Projects\Ecommerce8.2.1Update1\cf.reference.storefront821.com\Website\Buckets\images\definitionnamenot.png
OK: AddFile C:\Projects\Ecommerce8.2.1Update1\cf.reference.storefront821.com\Website\temp\__Upgrade\Upgrade_20170616T1246225\transactions\B\i\definitionnameshould.png C:\Projects\Ecommerce8.2.1Update1\cf.reference.storefront821.com\Website\Buckets\images\definitionnameshould.png
OK: AddFile C:\Projects\Ecommerce8.2.1Update1\cf.reference.storefront821.com\Website\temp\__Upgrade\Upgrade_20170616T1246225\transactions\B\i\onsale.png C:\Projects\Ecommerce8.2.1Update1\cf.reference.storefront821.com\Website\Buckets\images\onsale.png
OK: AddFile C:\Projects\Ecommerce8.2.1Update1\cf.reference.storefront821.com\Website\temp\__Upgrade\Upgrade_20170616T1246225\transactions\B\i\onsalemust.png C:\Projects\Ecommerce8.2.1Update1\cf.reference.storefront821.com\Website\Buckets\images\onsalemust.png
OK: AddFile C:\Projects\Ecommerce8.2.1Update1\cf.reference.storefront821.com\Website\temp\__Upgrade\Upgrade_20170616T1246225\transactions\B\i\onsalenot.png C:\Projects\Ecommerce8.2.1Update1\cf.reference.storefront821.com\Website\Buckets\images\onsalenot.png
OK: AddFile C:\Projects\Ecommerce8.2.1Update1\cf.reference.storefront821.com\Website\temp\__Upgrade\Upgrade_20170616T1246225\transactions\B\i\onsaleshould.png C:\Projects\Ecommerce8.2.1Update1\cf.reference.storefront821.com\Website\Buckets\images\onsaleshould.png
OK: AddFile C:\Projects\Ecommerce8.2.1Update1\cf.reference.storefront821.com\Website\temp\__Upgrade\Upgrade_20170616T1246225\transactions\B\i\rating.png C:\Projects\Ecommerce8.2.1Update1\cf.reference.storefront821.com\Website\Buckets\images\rating.png
OK: AddFile C:\Projects\Ecommerce8.2.1Update1\cf.reference.storefront821.com\Website\temp\__Upgrade\Upgrade_20170616T1246225\transactions\B\i\ratingmust.png C:\Projects\Ecommerce8.2.1Update1\cf.reference.storefront821.com\Website\Buckets\images\ratingmust.png
OK: AddFile C:\Projects\Ecommerce8.2.1Update1\cf.reference.storefront821.com\Website\temp\__Upgrade\Upgrade_20170616T1246225\transactions\B\i\ratingnot.png C:\Projects\Ecommerce8.2.1Update1\cf.reference.storefront821.com\Website\Buckets\images\ratingnot.png
OK: AddFile C:\Projects\Ecommerce8.2.1Update1\cf.reference.storefront821.com\Website\temp\__Upgrade\Upgrade_20170616T1246225\transactions\B\i\ratingshould.png C:\Projects\Ecommerce8.2.1Update1\cf.reference.storefront821.com\Website\Buckets\images\ratingshould.png
OK: AddFile C:\Projects\Ecommerce8.2.1Update1\cf.reference.storefront821.com\Website\temp\__Upgrade\Upgrade_20170616T1246225\transactions\Caching.config C:\Projects\Ecommerce8.2.1Update1\cf.reference.storefront821.com\Website\Caching.config
OK: AddFile C:\Projects\Ecommerce8.2.1Update1\cf.reference.storefront821.com\Website\temp\__Upgrade\Upgrade_20170616T1246225\transactions\l\C\CommerceAppLayout.aspx C:\Projects\Ecommerce8.2.1Update1\cf.reference.storefront821.com\Website\layouts\Commerce\CommerceAppLayout.aspx
OK: AddFile C:\Projects\Ecommerce8.2.1Update1\cf.reference.storefront821.com\Website\temp\__Upgrade\Upgrade_20170616T1246225\transactions\M\Merge.CommerceServer.config C:\Projects\Ecommerce8.2.1Update1\cf.reference.storefront821.com\Website\MergeFiles\Merge.CommerceServer.config
OK: AddFile C:\Projects\Ecommerce8.2.1Update1\cf.reference.storefront821.com\Website\temp\__Upgrade\Upgrade_20170616T1246225\transactions\OrderObjectMappings.xml C:\Projects\Ecommerce8.2.1Update1\cf.reference.storefront821.com\Website\OrderObjectMappings.xml
OK: AddFile C:\Projects\Ecommerce8.2.1Update1\cf.reference.storefront821.com\Website\temp\__Upgrade\Upgrade_20170616T1246225\transactions\OrderPipelineMappings.xml C:\Projects\Ecommerce8.2.1Update1\cf.reference.storefront821.com\Website\OrderPipelineMappings.xml
OK: AddFile C:\Projects\Ecommerce8.2.1Update1\cf.reference.storefront821.com\Website\temp\__Upgrade\Upgrade_20170616T1246225\transactions\p\Advertising.PCF C:\Projects\Ecommerce8.2.1Update1\cf.reference.storefront821.com\Website\pipelines\Advertising.PCF
OK: AddFile C:\Projects\Ecommerce8.2.1Update1\cf.reference.storefront821.com\Website\temp\__Upgrade\Upgrade_20170616T1246225\transactions\p\basket.pcf C:\Projects\Ecommerce8.2.1Update1\cf.reference.storefront821.com\Website\pipelines\basket.pcf
OK: AddFile C:\Projects\Ecommerce8.2.1Update1\cf.reference.storefront821.com\Website\temp\__Upgrade\Upgrade_20170616T1246225\transactions\p\checkout.pcf C:\Projects\Ecommerce8.2.1Update1\cf.reference.storefront821.com\Website\pipelines\checkout.pcf
OK: AddFile C:\Projects\Ecommerce8.2.1Update1\cf.reference.storefront821.com\Website\temp\__Upgrade\Upgrade_20170616T1246225\transactions\p\CreditCard.pcf C:\Projects\Ecommerce8.2.1Update1\cf.reference.storefront821.com\Website\pipelines\CreditCard.pcf
OK: AddFile C:\Projects\Ecommerce8.2.1Update1\cf.reference.storefront821.com\Website\temp\__Upgrade\Upgrade_20170616T1246225\transactions\p\Discounts.PCF C:\Projects\Ecommerce8.2.1Update1\cf.reference.storefront821.com\Website\pipelines\Discounts.PCF
OK: AddFile C:\Projects\Ecommerce8.2.1Update1\cf.reference.storefront821.com\Website\temp\__Upgrade\Upgrade_20170616T1246225\transactions\p\product.pcf C:\Projects\Ecommerce8.2.1Update1\cf.reference.storefront821.com\Website\pipelines\product.pcf
OK: AddFile C:\Projects\Ecommerce8.2.1Update1\cf.reference.storefront821.com\Website\temp\__Upgrade\Upgrade_20170616T1246225\transactions\p\RecordEvent.pcf C:\Projects\Ecommerce8.2.1Update1\cf.reference.storefront821.com\Website\pipelines\RecordEvent.pcf
OK: AddFile C:\Projects\Ecommerce8.2.1Update1\cf.reference.storefront821.com\Website\temp\__Upgrade\Upgrade_20170616T1246225\transactions\p\recvpo.pcf C:\Projects\Ecommerce8.2.1Update1\cf.reference.storefront821.com\Website\pipelines\recvpo.pcf
OK: AddFile C:\Projects\Ecommerce8.2.1Update1\cf.reference.storefront821.com\Website\temp\__Upgrade\Upgrade_20170616T1246225\transactions\p\total.pcf C:\Projects\Ecommerce8.2.1Update1\cf.reference.storefront821.com\Website\pipelines\total.pcf
OK: AddFile C:\Projects\Ecommerce8.2.1Update1\cf.reference.storefront821.com\Website\temp\__Upgrade\Upgrade_20170616T1246225\transactions\s\S\A\D\P\Publish.xml C:\Projects\Ecommerce8.2.1Update1\cf.reference.storefront821.com\Website\sitecore\Shell\Applications\Dialogs\Publish\Publish.xml
OK: AddFile C:\Projects\Ecommerce8.2.1Update1\cf.reference.storefront821.com\Website\temp\__Upgrade\Upgrade_20170616T1246225\transactions\T\C\de-DE.xml C:\Projects\Ecommerce8.2.1Update1\cf.reference.storefront821.com\Website\Temp\CommerceServerIntegration\de-DE.xml
Installation completed successfully.
